2022-11-26 17:00;100;29.899999618530273;1800;GOOD;PLUGGED_AC;FULL
2022-11-26 18:00;100;30.0;1800;GOOD;PLUGGED_AC;FULL
2022-11-26 19:00;100;29.899999618530273;1800;GOOD;PLUGGED_AC;FULL
2022-11-26 20:00;96;26.100000381469727;1800;GOOD;PLUGGED_AC;CHARGING
2022-11-26 21:00;100;25.799999237060547;1800;GOOD;PLUGGED_AC;FULL
2022-11-26 22:00;96;25.600000381469727;1800;UNKNOWN;PLUGGED_AC;NOT_CHARGING
2022-11-26 23:00;94;25.600000381469727;1800;UNKNOWN;PLUGGED_AC;NOT_CHARGING
2022-11-27 00:00;93;25.5;1800;UNKNOWN;PLUGGED_AC;NOT_CHARGING
2022-11-27 01:00;91;25.399999618530273;1800;UNKNOWN;PLUGGED_AC;NOT_CHARGING
2022-11-27 02:00;90;25.399999618530273;1800;UNKNOWN;PLUGGED_AC;NOT_CHARGING
2022-11-27 03:00;88;25.399999618530273;1800;UNKNOWN;PLUGGED_AC;NOT_CHARGING
2022-11-27 04:00;87;25.200000762939453;1800;UNKNOWN;PLUGGED_AC;NOT_CHARGING
2022-11-27 05:00;85;25.100000381469727;1800;UNKNOWN;PLUGGED_AC;NOT_CHARGING
2022-11-27 06:00;84;25.200000762939453;1800;UNKNOWN;PLUGGED_AC;NOT_CHARGING
2022-11-27 07:00;83;25.5;1800;UNKNOWN;PLUGGED_AC;NOT_CHARGING
2022-11-27 08:00;82;25.200000762939453;1800;UNKNOWN;PLUGGED_AC;NOT_CHARGING
2022-11-27 09:00;81;25.100000381469727;1800;UNKNOWN;PLUGGED_AC;NOT_CHARGING
2022-11-27 10:00;80;25.299999237060547;1800;UNKNOWN;PLUGGED_AC;NOT_CHARGING
2022-11-27 11:00;79;25.299999237060547;1800;UNKNOWN;PLUGGED_AC;NOT_CHARGING
2022-11-27 12:00;78;25.200000762939453;1800;UNKNOWN;PLUGGED_AC;NOT_CHARGING
2022-11-27 13:00;76;25.0;1800;UNKNOWN;PLUGGED_AC;NOT_CHARGING
2022-11-27 14:00;75;25.100000381469727;1800;UNKNOWN;PLUGGED_AC;NOT_CHARGING
2022-11-27 15:00;100;25.5;1800;GOOD;PLUGGED_AC;FULL
2022-11-27 16:00;94;25.299999237060547;1800;GOOD;PLUGGED_AC;CHARGING
2022-11-27 17:00;88;25.600000381469727;1800;GOOD;PLUGGED_AC;CHARGING
2022-11-27 18:00;85;25.5;1800;UNKNOWN;PLUGGED_AC;NOT_CHARGING
2022-11-27 19:00;82;25.600000381469727;1800;UNKNOWN;PLUGGED_AC;NOT_CHARGING
2022-11-27 20:00;81;25.700000762939453;1800;UNKNOWN;PLUGGED_AC;NOT_CHARGING
2022-11-27 21:00;79;25.700000762939453;1800;UNKNOWN;PLUGGED_AC;NOT_CHARGING
2022-11-27 22:00;78;25.799999237060547;1800;UNKNOWN;PLUGGED_AC;NOT_CHARGING
2022-11-27 23:00;77;25.5;1800;UNKNOWN;PLUGGED_AC;NOT_CHARGING
2022-11-28 00:00;76;25.399999618530273;1800;UNKNOWN;PLUGGED_AC;NOT_CHARGING
2022-11-28 01:00;75;25.5;1800;UNKNOWN;PLUGGED_AC;NOT_CHARGING
2022-11-28 02:00;73;25.5;1800;UNKNOWN;PLUGGED_AC;NOT_CHARGING
2022-11-28 03:00;72;25.299999237060547;1800;UNKNOWN;PLUGGED_AC;NOT_CHARGING
2022-11-28 04:00;71;25.299999237060547;1800;UNKNOWN;PLUGGED_AC;NOT_CHARGING
2022-11-28 05:00;70;25.299999237060547;1800;UNKNOWN;PLUGGED_AC;NOT_CHARGING
2022-11-28 06:00;69;25.299999237060547;1800;UNKNOWN;PLUGGED_AC;NOT_CHARGING
2022-11-28 07:00;68;25.100000381469727;1800;UNKNOWN;PLUGGED_AC;NOT_CHARGING
2022-11-28 08:00;67;25.200000762939453;1800;UNKNOWN;PLUGGED_AC;NOT_CHARGING
2022-11-28 09:00;66;25.0;1800;UNKNOWN;PLUGGED_AC;NOT_CHARGING
2022-11-28 10:00;65;25.200000762939453;1800;UNKNOWN;PLUGGED_AC;NOT_CHARGING
2022-11-28 11:00;65;25.299999237060547;1800;UNKNOWN;PLUGGED_AC;NOT_CHARGING
2022-11-28 12:00;64;25.600000381469727;1800;UNKNOWN;PLUGGED_AC;NOT_CHARGING
2022-11-28 13:00;63;25.5;1800;UNKNOWN;PLUGGED_AC;NOT_CHARGING
2022-11-28 14:00;62;25.399999618530273;1800;UNKNOWN;PLUGGED_AC;NOT_CHARGING
2022-11-28 15:00;61;25.299999237060547;1800;UNKNOWN;PLUGGED_AC;NOT_CHARGING
2022-11-28 16:00;60;25.299999237060547;1800;UNKNOWN;PLUGGED_AC;NOT_CHARGING
2022-11-28 17:00;59;25.299999237060547;1800;UNKNOWN;PLUGGED_AC;NOT_CHARGING
2022-11-28 18:00;58;25.399999618530273;1800;UNKNOWN;PLUGGED_AC;NOT_CHARGING
2022-11-28 19:00;57;25.399999618530273;1800;UNKNOWN;PLUGGED_AC;NOT_CHARGING
2022-11-28 20:00;56;25.5;1800;UNKNOWN;PLUGGED_AC;NOT_CHARGING
2022-11-28 21:00;55;25.799999237060547;1800;UNKNOWN;PLUGGED_AC;NOT_CHARGING
2022-11-28 22:00;54;25.600000381469727;1800;UNKNOWN;PLUGGED_AC;NOT_CHARGING
2022-11-28 23:00;53;25.399999618530273;1800;UNKNOWN;PLUGGED_AC;NOT_CHARGING
2022-11-29 00:00;51;25.399999618530273;1800;UNKNOWN;PLUGGED_AC;NOT_CHARGING
2022-11-29 01:00;50;25.5;1800;UNKNOWN;PLUGGED_AC;NOT_CHARGING
2022-11-29 02:00;49;25.399999618530273;1800;UNKNOWN;PLUGGED_AC;NOT_CHARGING
2022-11-29 03:00;48;25.299999237060547;1800;UNKNOWN;PLUGGED_AC;NOT_CHARGING
2022-11-29 04:00;47;25.399999618530273;1800;UNKNOWN;PLUGGED_AC;NOT_CHARGING
2022-11-29 05:00;45;25.399999618530273;1800;UNKNOWN;PLUGGED_AC;NOT_CHARGING
2022-11-29 06:00;43;25.299999237060547;1800;UNKNOWN;PLUGGED_AC;NOT_CHARGING
2022-11-29 07:00;42;25.200000762939453;1800;UNKNOWN;PLUGGED_AC;NOT_CHARGING
2022-11-29 08:00;41;25.299999237060547;1800;UNKNOWN;PLUGGED_AC;NOT_CHARGING
2022-11-29 09:00;40;25.200000762939453;1800;UNKNOWN;PLUGGED_AC;NOT_CHARGING
2022-11-29 10:00;39;25.100000381469727;1800;UNKNOWN;PLUGGED_AC;NOT_CHARGING
2022-11-29 11:00;38;25.299999237060547;1800;UNKNOWN;PLUGGED_AC;NOT_CHARGING
2022-11-29 12:00;37;25.299999237060547;1800;UNKNOWN;PLUGGED_AC;NOT_CHARGING
2022-11-29 13:00;35;25.100000381469727;1800;UNKNOWN;PLUGGED_AC;NOT_CHARGING
2022-11-29 14:00;33;25.200000762939453;1800;UNKNOWN;PLUGGED_AC;NOT_CHARGING
2022-11-29 15:00;32;25.299999237060547;1800;UNKNOWN;PLUGGED_AC;NOT_CHARGING
2022-11-29 16:00;29;25.200000762939453;1800;UNKNOWN;PLUGGED_AC;NOT_CHARGING
2022-11-29 17:00;28;25.100000381469727;1800;UNKNOWN;PLUGGED_AC;NOT_CHARGING
2022-11-29 18:00;26;25.299999237060547;1800;UNKNOWN;PLUGGED_AC;NOT_CHARGING
2022-11-29 19:00;24;25.299999237060547;1800;UNKNOWN;PLUGGED_AC;NOT_CHARGING
2022-11-29 20:00;23;25.299999237060547;1800;UNKNOWN;PLUGGED_AC;NOT_CHARGING
2022-11-29 21:00;22;25.200000762939453;1800;UNKNOWN;PLUGGED_AC;NOT_CHARGING
2022-11-29 22:00;21;25.299999237060547;1800;UNKNOWN;PLUGGED_AC;NOT_CHARGING
2022-11-29 23:00;20;25.200000762939453;1800;UNKNOWN;PLUGGED_AC;NOT_CHARGING
2022-11-30 00:00;20;25.200000762939453;1800;UNKNOWN;PLUGGED_AC;NOT_CHARGING
2022-11-30 01:00;20;25.399999618530273;1800;UNKNOWN;PLUGGED_AC;NOT_CHARGING
2022-11-30 02:00;66;26.100000381469727;400;GOOD;PLUGGED_AC;CHARGING
2022-11-30 03:00;96;26.0;400;GOOD;PLUGGED_AC;CHARGING
2022-11-30 04:00;100;25.799999237060547;400;GOOD;PLUGGED_AC;FULL
2022-11-30 05:00;92;25.399999618530273;400;UNKNOWN;PLUGGED_AC;NOT_CHARGING
2022-11-30 06:00;86;25.200000762939453;400;UNKNOWN;PLUGGED_AC;NOT_CHARGING
2022-11-30 07:00;82;25.100000381469727;400;UNKNOWN;PLUGGED_AC;NOT_CHARGING
2022-11-30 08:00;80;25.100000381469727;400;UNKNOWN;PLUGGED_AC;NOT_CHARGING
2022-11-30 09:00;78;25.0;400;UNKNOWN;PLUGGED_AC;NOT_CHARGING
2022-11-30 10:00;76;24.899999618530273;400;UNKNOWN;PLUGGED_AC;NOT_CHARGING
2022-11-30 11:00;75;25.100000381469727;400;UNKNOWN;PLUGGED_AC;NOT_CHARGING
2022-11-30 12:00;73;25.0;400;UNKNOWN;PLUGGED_AC;NOT_CHARGING
2022-11-30 13:00;72;24.899999618530273;400;UNKNOWN;PLUGGED_AC;NOT_CHARGING
2022-11-30 14:00;71;24.799999237060547;400;UNKNOWN;PLUGGED_AC;NOT_CHARGING
2022-11-30 15:00;69;24.899999618530273;400;UNKNOWN;PLUGGED_AC;NOT_CHARGING
2022-11-30 16:00;68;25.0;400;UNKNOWN;PLUGGED_AC;NOT_CHARGING
2022-11-30 17:00;67;25.100000381469727;400;UNKNOWN;PLUGGED_AC;NOT_CHARGING
2022-11-30 18:00;66;25.200000762939453;400;UNKNOWN;PLUGGED_AC;NOT_CHARGING
2022-11-30 19:00;65;25.200000762939453;400;UNKNOWN;PLUGGED_AC;NOT_CHARGING
2022-11-30 20:00;64;25.100000381469727;400;UNKNOWN;PLUGGED_AC;NOT_CHARGING
2022-11-30 21:00;63;25.0;400;UNKNOWN;PLUGGED_AC;NOT_CHARGING
2022-11-30 22:00;62;25.0;400;UNKNOWN;PLUGGED_AC;NOT_CHARGING
2022-11-30 23:00;62;24.899999618530273;400;UNKNOWN;PLUGGED_AC;NOT_CHARGING
2022-12-01 00:00;60;24.899999618530273;400;UNKNOWN;PLUGGED_AC;NOT_CHARGING
2022-12-01 01:00;59;25.0;400;UNKNOWN;PLUGGED_AC;NOT_CHARGING
2022-12-01 02:00;58;24.899999618530273;400;UNKNOWN;PLUGGED_AC;NOT_CHARGING
2022-12-01 03:00;57;24.799999237060547;400;UNKNOWN;PLUGGED_AC;NOT_CHARGING
2022-12-01 04:00;56;24.899999618530273;400;UNKNOWN;PLUGGED_AC;NOT_CHARGING
2022-12-01 05:00;55;24.899999618530273;400;UNKNOWN;PLUGGED_AC;NOT_CHARGING
2022-12-01 06:00;54;24.799999237060547;400;UNKNOWN;PLUGGED_AC;NOT_CHARGING
2022-12-01 07:00;53;24.799999237060547;400;UNKNOWN;PLUGGED_AC;NOT_CHARGING
2022-12-01 08:00;51;24.899999618530273;400;UNKNOWN;PLUGGED_AC;NOT_CHARGING
2022-12-01 09:00;50;24.799999237060547;400;UNKNOWN;PLUGGED_AC;NOT_CHARGING
2022-12-01 10:00;49;24.799999237060547;400;UNKNOWN;PLUGGED_AC;NOT_CHARGING
2022-12-01 12:00;47;24.799999237060547;400;UNKNOWN;PLUGGED_AC;NOT_CHARGING
2022-12-01 13:00;45;24.799999237060547;400;UNKNOWN;PLUGGED_AC;NOT_CHARGING
2022-12-01 14:00;44;24.600000381469727;400;UNKNOWN;PLUGGED_AC;NOT_CHARGING
2022-12-01 16:00;41;25.200000762939453;400;UNKNOWN;PLUGGED_AC;NOT_CHARGING
2022-12-01 17:00;40;25.0;400;UNKNOWN;PLUGGED_AC;NOT_CHARGING
2022-12-01 18:00;39;25.0;400;UNKNOWN;PLUGGED_AC;NOT_CHARGING
2022-12-01 19:00;38;25.200000762939453;400;UNKNOWN;PLUGGED_AC;NOT_CHARGING
2022-12-01 20:00;36;25.100000381469727;400;UNKNOWN;PLUGGED_AC;NOT_CHARGING
2022-12-01 21:00;35;25.200000762939453;400;UNKNOWN;PLUGGED_AC;NOT_CHARGING
2022-12-01 22:00;33;25.100000381469727;400;UNKNOWN;PLUGGED_AC;NOT_CHARGING
2022-12-01 23:00;32;24.899999618530273;400;UNKNOWN;PLUGGED_AC;NOT_CHARGING
2022-12-02 00:00;30;24.899999618530273;400;UNKNOWN;PLUGGED_AC;NOT_CHARGING
2022-12-02 01:00;27;25.0;400;UNKNOWN;PLUGGED_AC;NOT_CHARGING
2022-12-02 02:00;26;24.799999237060547;400;UNKNOWN;PLUGGED_AC;NOT_CHARGING
2022-12-02 03:00;24;24.700000762939453;400;UNKNOWN;PLUGGED_AC;NOT_CHARGING
2022-12-02 04:00;23;24.899999618530273;400;UNKNOWN;PLUGGED_AC;NOT_CHARGING
2022-12-02 05:00;21;24.799999237060547;400;UNKNOWN;PLUGGED_AC;NOT_CHARGING
2022-12-02 06:00;20;24.700000762939453;400;UNKNOWN;PLUGGED_AC;NOT_CHARGING
2022-12-02 07:00;20;24.799999237060547;400;UNKNOWN;PLUGGED_AC;NOT_CHARGING
2022-12-02 08:00;69;26.799999237060547;700;GOOD;PLUGGED_AC;CHARGING
2022-12-02 09:00;99;25.799999237060547;700;GOOD;PLUGGED_AC;CHARGING
2022-12-02 10:00;100;25.5;700;GOOD;PLUGGED_AC;FULL
2022-12-02 11:00;90;25.0;700;GOOD;PLUGGED_AC;CHARGING
2022-12-02 12:00;85;24.799999237060547;700;UNKNOWN;PLUGGED_AC;NOT_CHARGING
2022-12-02 13:00;82;24.899999618530273;700;UNKNOWN;PLUGGED_AC;NOT_CHARGING
2022-12-02 14:00;80;24.799999237060547;700;UNKNOWN;PLUGGED_AC;NOT_CHARGING
2022-12-02 15:00;79;24.799999237060547;700;UNKNOWN;PLUGGED_AC;NOT_CHARGING
2022-12-02 16:00;77;25.0;700;UNKNOWN;PLUGGED_AC;NOT_CHARGING
2022-12-02 17:00;76;24.899999618530273;700;UNKNOWN;PLUGGED_AC;NOT_CHARGING
2022-12-02 18:00;74;24.899999618530273;700;UNKNOWN;PLUGGED_AC;NOT_CHARGING
2022-12-02 19:00;73;25.299999237060547;700;UNKNOWN;PLUGGED_AC;NOT_CHARGING
2022-12-02 20:00;72;25.600000381469727;700;UNKNOWN;PLUGGED_AC;NOT_CHARGING
2022-12-02 21:00;70;25.799999237060547;700;UNKNOWN;PLUGGED_AC;NOT_CHARGING
2022-12-02 22:00;69;25.799999237060547;700;UNKNOWN;PLUGGED_AC;NOT_CHARGING
2022-12-02 23:00;68;25.600000381469727;700;UNKNOWN;PLUGGED_AC;NOT_CHARGING
2022-12-03 00:00;67;25.600000381469727;700;UNKNOWN;PLUGGED_AC;NOT_CHARGING
2022-12-03 01:00;66;25.700000762939453;700;UNKNOWN;PLUGGED_AC;NOT_CHARGING
2022-12-03 02:00;65;25.799999237060547;700;UNKNOWN;PLUGGED_AC;NOT_CHARGING
2022-12-03 03:00;64;25.600000381469727;700;UNKNOWN;PLUGGED_AC;NOT_CHARGING
2022-12-03 04:00;63;25.799999237060547;700;UNKNOWN;PLUGGED_AC;NOT_CHARGING
2022-12-03 05:00;62;25.899999618530273;700;UNKNOWN;PLUGGED_AC;NOT_CHARGING
2022-12-03 06:00;61;25.700000762939453;700;UNKNOWN;PLUGGED_AC;NOT_CHARGING
2022-12-03 07:00;60;25.700000762939453;700;UNKNOWN;PLUGGED_AC;NOT_CHARGING
2022-12-03 08:00;59;25.899999618530273;700;UNKNOWN;PLUGGED_AC;NOT_CHARGING
2022-12-03 09:00;58;25.899999618530273;700;UNKNOWN;PLUGGED_AC;NOT_CHARGING
2022-12-03 10:00;57;25.700000762939453;700;UNKNOWN;PLUGGED_AC;NOT_CHARGING
2022-12-03 11:00;56;26.0;700;UNKNOWN;PLUGGED_AC;NOT_CHARGING
2022-12-03 12:00;55;25.899999618530273;700;UNKNOWN;PLUGGED_AC;NOT_CHARGING
2022-12-03 13:00;54;25.600000381469727;700;UNKNOWN;PLUGGED_AC;NOT_CHARGING
2022-12-03 14:00;53;25.899999618530273;700;UNKNOWN;PLUGGED_AC;NOT_CHARGING
2022-12-03 15:00;52;26.299999237060547;700;UNKNOWN;PLUGGED_AC;NOT_CHARGING
2022-12-03 16:00;51;26.200000762939453;700;UNKNOWN;PLUGGED_AC;NOT_CHARGING
2022-12-03 17:00;50;26.200000762939453;700;UNKNOWN;PLUGGED_AC;NOT_CHARGING
2022-12-03 18:00;49;26.299999237060547;700;UNKNOWN;PLUGGED_AC;NOT_CHARGING
2022-12-03 19:00;48;25.899999618530273;700;UNKNOWN;PLUGGED_AC;NOT_CHARGING
2022-12-03 20:00;47;26.200000762939453;700;UNKNOWN;PLUGGED_AC;NOT_CHARGING
2022-12-03 21:00;46;26.200000762939453;700;UNKNOWN;PLUGGED_AC;NOT_CHARGING
2022-12-03 22:00;44;26.0;700;UNKNOWN;PLUGGED_AC;NOT_CHARGING
2022-12-03 23:00;43;26.0;700;UNKNOWN;PLUGGED_AC;NOT_CHARGING
2022-12-04 00:00;41;25.899999618530273;700;UNKNOWN;PLUGGED_AC;NOT_CHARGING
2022-12-04 01:00;40;25.700000762939453;700;UNKNOWN;PLUGGED_AC;NOT_CHARGING
2022-12-04 02:00;39;25.799999237060547;700;UNKNOWN;PLUGGED_AC;NOT_CHARGING
2022-12-04 03:00;38;25.899999618530273;700;UNKNOWN;PLUGGED_AC;NOT_CHARGING
2022-12-04 04:00;37;25.799999237060547;700;UNKNOWN;PLUGGED_AC;NOT_CHARGING
2022-12-04 05:00;36;25.799999237060547;700;UNKNOWN;PLUGGED_AC;NOT_CHARGING
2022-12-04 06:00;34;25.799999237060547;700;UNKNOWN;PLUGGED_AC;NOT_CHARGING
2022-12-04 07:00;32;25.700000762939453;700;UNKNOWN;PLUGGED_AC;NOT_CHARGING
2022-12-04 08:00;31;25.600000381469727;700;UNKNOWN;PLUGGED_AC;NOT_CHARGING
2022-12-04 09:00;28;25.600000381469727;700;UNKNOWN;PLUGGED_AC;NOT_CHARGING
2022-12-04 10:00;27;25.399999618530273;700;UNKNOWN;PLUGGED_AC;NOT_CHARGING
2022-12-04 11:00;25;25.700000762939453;700;UNKNOWN;PLUGGED_AC;NOT_CHARGING
2022-12-04 12:00;23;25.899999618530273;700;UNKNOWN;PLUGGED_AC;NOT_CHARGING
2022-12-04 13:00;21;25.899999618530273;700;UNKNOWN;PLUGGED_AC;NOT_CHARGING
2022-12-04 14:00;20;25.799999237060547;700;UNKNOWN;PLUGGED_AC;NOT_CHARGING
2022-12-04 15:00;20;25.700000762939453;700;UNKNOWN;PLUGGED_AC;NOT_CHARGING
2022-12-04 16:00;19;25.600000381469727;700;UNKNOWN;PLUGGED_AC;NOT_CHARGING
2022-12-04 17:00;19;25.799999237060547;700;UNKNOWN;PLUGGED_AC;NOT_CHARGING
2022-12-04 18:00;76;28.299999237060547;750;GOOD;PLUGGED_AC;CHARGING
2022-12-04 19:00;99;27.100000381469727;750;GOOD;PLUGGED_AC;CHARGING
2022-12-04 20:00;100;26.5;750;GOOD;PLUGGED_AC;FULL
2022-12-04 21:00;90;26.5;750;GOOD;PLUGGED_AC;CHARGING
2022-12-04 22:00;86;26.100000381469727;750;UNKNOWN;PLUGGED_AC;NOT_CHARGING
2022-12-04 23:00;83;25.799999237060547;750;UNKNOWN;PLUGGED_AC;NOT_CHARGING
2022-12-05 00:00;81;25.899999618530273;750;UNKNOWN;PLUGGED_AC;NOT_CHARGING
2022-12-05 01:00;80;25.899999618530273;750;UNKNOWN;PLUGGED_AC;NOT_CHARGING
2022-12-05 02:00;78;25.799999237060547;750;UNKNOWN;PLUGGED_AC;NOT_CHARGING
2022-12-05 03:00;77;25.899999618530273;750;UNKNOWN;PLUGGED_AC;NOT_CHARGING
2022-12-05 04:00;76;25.899999618530273;750;UNKNOWN;PLUGGED_AC;NOT_CHARGING
2022-12-05 05:00;74;25.799999237060547;750;UNKNOWN;PLUGGED_AC;NOT_CHARGING
2022-12-05 06:00;73;25.700000762939453;750;UNKNOWN;PLUGGED_AC;NOT_CHARGING
2022-12-05 07:00;71;25.899999618530273;750;UNKNOWN;PLUGGED_AC;NOT_CHARGING
2022-12-05 08:01;70;25.799999237060547;750;UNKNOWN;PLUGGED_AC;NOT_CHARGING
2022-12-05 09:00;69;25.5;750;UNKNOWN;PLUGGED_AC;NOT_CHARGING
2022-12-05 10:00;68;25.700000762939453;750;UNKNOWN;PLUGGED_AC;NOT_CHARGING
2022-12-05 11:00;67;25.700000762939453;750;UNKNOWN;PLUGGED_AC;NOT_CHARGING
2022-12-05 12:00;66;25.5;750;UNKNOWN;PLUGGED_AC;NOT_CHARGING
2022-12-05 13:00;65;25.600000381469727;750;UNKNOWN;PLUGGED_AC;NOT_CHARGING
2022-12-05 15:00;63;25.700000762939453;750;UNKNOWN;PLUGGED_AC;NOT_CHARGING
2022-12-05 16:00;62;25.399999618530273;750;UNKNOWN;PLUGGED_AC;NOT_CHARGING
2022-12-05 17:00;61;25.799999237060547;750;UNKNOWN;PLUGGED_AC;NOT_CHARGING
2022-12-05 18:00;60;26.100000381469727;750;UNKNOWN;PLUGGED_AC;NOT_CHARGING
2022-12-05 19:00;59;26.0;750;UNKNOWN;PLUGGED_AC;NOT_CHARGING
2022-12-05 20:00;58;26.100000381469727;750;UNKNOWN;PLUGGED_AC;NOT_CHARGING
2022-12-05 21:00;57;26.100000381469727;750;UNKNOWN;PLUGGED_AC;NOT_CHARGING
2022-12-05 22:00;56;25.700000762939453;750;UNKNOWN;PLUGGED_AC;NOT_CHARGING
2022-12-05 23:00;55;25.799999237060547;750;UNKNOWN;PLUGGED_AC;NOT_CHARGING
2022-12-06 00:00;54;25.799999237060547;750;UNKNOWN;PLUGGED_AC;NOT_CHARGING
2022-12-06 01:00;53;25.700000762939453;750;UNKNOWN;PLUGGED_AC;NOT_CHARGING
2022-12-06 02:00;52;25.700000762939453;750;UNKNOWN;PLUGGED_AC;NOT_CHARGING
2022-12-06 03:00;51;25.799999237060547;750;UNKNOWN;PLUGGED_AC;NOT_CHARGING
2022-12-06 04:00;51;25.600000381469727;750;UNKNOWN;PLUGGED_AC;NOT_CHARGING
2022-12-06 05:00;50;25.5;750;UNKNOWN;PLUGGED_AC;NOT_CHARGING
2022-12-06 06:00;49;25.700000762939453;750;UNKNOWN;PLUGGED_AC;NOT_CHARGING
2022-12-06 07:00;48;25.700000762939453;750;UNKNOWN;PLUGGED_AC;NOT_CHARGING
2022-12-06 08:00;47;25.600000381469727;750;UNKNOWN;PLUGGED_AC;NOT_CHARGING
2022-12-06 09:00;45;25.799999237060547;750;UNKNOWN;PLUGGED_AC;NOT_CHARGING
2022-12-06 10:00;43;25.399999618530273;750;UNKNOWN;PLUGGED_AC;NOT_CHARGING
2022-12-06 11:00;42;25.0;750;UNKNOWN;PLUGGED_AC;NOT_CHARGING
2022-12-06 12:00;41;25.0;750;UNKNOWN;PLUGGED_AC;NOT_CHARGING
2022-12-06 13:00;39;25.0;750;UNKNOWN;PLUGGED_AC;NOT_CHARGING
2022-12-06 14:00;39;25.200000762939453;750;UNKNOWN;PLUGGED_AC;NOT_CHARGING
2022-12-06 15:00;57;27.399999618530273;750;GOOD;PLUGGED_AC;CHARGING
2022-12-06 16:00;98;26.299999237060547;750;GOOD;PLUGGED_AC;CHARGING
2022-12-07 10:00;88;25.600000381469727;700;GOOD;PLUGGED_AC;CHARGING
2022-12-07 11:00;100;25.0;700;GOOD;PLUGGED_AC;FULL
2022-12-07 12:00;91;24.899999618530273;700;GOOD;PLUGGED_AC;CHARGING
2022-12-07 13:00;88;24.700000762939453;700;UNKNOWN;PLUGGED_AC;NOT_CHARGING
2022-12-07 14:00;86;25.100000381469727;700;UNKNOWN;PLUGGED_AC;NOT_CHARGING
2022-12-07 15:00;84;25.200000762939453;700;UNKNOWN;PLUGGED_AC;NOT_CHARGING
2022-12-07 16:00;82;25.100000381469727;700;UNKNOWN;PLUGGED_AC;NOT_CHARGING
2022-12-07 17:00;81;25.100000381469727;700;UNKNOWN;PLUGGED_AC;NOT_CHARGING
2022-12-07 18:00;79;25.200000762939453;700;UNKNOWN;PLUGGED_AC;NOT_CHARGING
2022-12-07 19:00;78;25.200000762939453;700;UNKNOWN;PLUGGED_AC;NOT_CHARGING
2022-12-07 20:00;77;25.200000762939453;700;UNKNOWN;PLUGGED_AC;NOT_CHARGING
2022-12-07 21:00;76;25.5;700;UNKNOWN;PLUGGED_AC;NOT_CHARGING
2022-12-07 22:00;75;25.299999237060547;700;UNKNOWN;PLUGGED_AC;NOT_CHARGING
2022-12-07 23:00;73;25.200000762939453;700;UNKNOWN;PLUGGED_AC;NOT_CHARGING
2022-12-08 00:00;72;25.299999237060547;700;UNKNOWN;PLUGGED_AC;NOT_CHARGING
2022-12-08 01:00;71;25.299999237060547;700;UNKNOWN;PLUGGED_AC;NOT_CHARGING
2022-12-08 02:00;70;25.200000762939453;700;UNKNOWN;PLUGGED_AC;NOT_CHARGING
2022-12-08 03:00;69;25.100000381469727;700;UNKNOWN;PLUGGED_AC;NOT_CHARGING
2022-12-08 04:00;68;25.200000762939453;700;UNKNOWN;PLUGGED_AC;NOT_CHARGING
2022-12-08 05:00;67;25.299999237060547;700;UNKNOWN;PLUGGED_AC;NOT_CHARGING
2022-12-08 06:00;66;25.399999618530273;700;UNKNOWN;PLUGGED_AC;NOT_CHARGING
2022-12-08 07:00;65;25.5;700;UNKNOWN;PLUGGED_AC;NOT_CHARGING
2022-12-08 08:00;64;25.399999618530273;700;UNKNOWN;PLUGGED_AC;NOT_CHARGING
2022-12-08 09:00;63;25.299999237060547;700;UNKNOWN;PLUGGED_AC;NOT_CHARGING
2022-12-08 10:00;62;25.100000381469727;700;UNKNOWN;PLUGGED_AC;NOT_CHARGING
2022-12-08 11:00;61;25.0;700;UNKNOWN;PLUGGED_AC;NOT_CHARGING
2022-12-08 12:00;60;25.0;700;UNKNOWN;PLUGGED_AC;NOT_CHARGING
2022-12-08 13:00;59;25.100000381469727;700;UNKNOWN;PLUGGED_AC;NOT_CHARGING
2022-12-08 14:00;58;25.0;700;UNKNOWN;PLUGGED_AC;NOT_CHARGING
2022-12-08 15:00;57;25.200000762939453;700;UNKNOWN;PLUGGED_AC;NOT_CHARGING
2022-12-08 16:00;56;25.399999618530273;700;UNKNOWN;PLUGGED_AC;NOT_CHARGING
2022-12-08 17:00;55;25.399999618530273;700;UNKNOWN;PLUGGED_AC;NOT_CHARGING
2022-12-08 18:00;54;25.200000762939453;700;UNKNOWN;PLUGGED_AC;NOT_CHARGING
2022-12-08 19:00;54;25.399999618530273;700;UNKNOWN;PLUGGED_AC;NOT_CHARGING
2022-12-08 20:00;52;25.399999618530273;700;UNKNOWN;PLUGGED_AC;NOT_CHARGING
2022-12-08 21:00;52;25.5;700;UNKNOWN;PLUGGED_AC;NOT_CHARGING
2022-12-08 22:00;51;25.799999237060547;700;UNKNOWN;PLUGGED_AC;NOT_CHARGING
2022-12-08 23:00;50;25.5;700;UNKNOWN;PLUGGED_AC;NOT_CHARGING
2022-12-09 00:00;50;25.299999237060547;700;UNKNOWN;PLUGGED_AC;NOT_CHARGING
2022-12-09 01:00;48;25.0;700;UNKNOWN;PLUGGED_AC;NOT_CHARGING
2022-12-09 02:00;46;25.0;700;UNKNOWN;PLUGGED_AC;NOT_CHARGING
2022-12-09 03:00;45;25.0;700;UNKNOWN;PLUGGED_AC;NOT_CHARGING
2022-12-09 04:00;43;24.899999618530273;700;UNKNOWN;PLUGGED_AC;NOT_CHARGING
2022-12-09 05:00;42;25.0;700;UNKNOWN;PLUGGED_AC;NOT_CHARGING
2022-12-09 06:00;41;25.0;700;UNKNOWN;PLUGGED_AC;NOT_CHARGING
2022-12-09 07:00;40;24.899999618530273;700;UNKNOWN;PLUGGED_AC;NOT_CHARGING
2022-12-09 08:00;39;25.0;700;UNKNOWN;PLUGGED_AC;NOT_CHARGING
2022-12-09 09:00;38;24.899999618530273;700;UNKNOWN;PLUGGED_AC;NOT_CHARGING
2022-12-09 10:00;36;24.799999237060547;700;UNKNOWN;PLUGGED_AC;NOT_CHARGING
2022-12-09 11:00;35;24.799999237060547;700;UNKNOWN;PLUGGED_AC;NOT_CHARGING
2022-12-09 12:00;33;24.799999237060547;700;UNKNOWN;PLUGGED_AC;NOT_CHARGING
2022-12-09 13:00;31;24.899999618530273;700;UNKNOWN;PLUGGED_AC;NOT_CHARGING
2022-12-09 14:00;30;25.0;700;UNKNOWN;PLUGGED_AC;NOT_CHARGING
2022-12-09 15:00;27;25.5;700;UNKNOWN;PLUGGED_AC;NOT_CHARGING
2022-12-09 16:00;26;25.600000381469727;700;UNKNOWN;PLUGGED_AC;NOT_CHARGING
2022-12-09 17:00;24;25.5;700;UNKNOWN;PLUGGED_AC;NOT_CHARGING
2022-12-09 18:00;23;25.700000762939453;700;UNKNOWN;PLUGGED_AC;NOT_CHARGING
2022-12-09 19:00;21;25.899999618530273;700;UNKNOWN;PLUGGED_AC;NOT_CHARGING
2022-12-09 20:00;21;25.700000762939453;700;UNKNOWN;PLUGGED_AC;NOT_CHARGING
2022-12-09 21:00;90;27.600000381469727;800;GOOD;PLUGGED_AC;CHARGING
2022-12-09 22:00;100;27.0;475;GOOD;PLUGGED_USB;CHARGING
2022-12-09 23:00;95;26.5;475;GOOD;PLUGGED_USB;CHARGING
2022-12-10 00:00;89;26.0;475;GOOD;PLUGGED_USB;CHARGING
2022-12-10 01:00;86;26.0;475;GOOD;PLUGGED_USB;CHARGING
2022-12-10 02:00;83;26.100000381469727;475;UNKNOWN;PLUGGED_USB;NOT_CHARGING
2022-12-10 03:00;81;25.899999618530273;475;UNKNOWN;PLUGGED_USB;NOT_CHARGING
2022-12-10 04:00;80;25.700000762939453;475;UNKNOWN;PLUGGED_USB;NOT_CHARGING
2022-12-10 05:00;78;25.899999618530273;475;UNKNOWN;PLUGGED_USB;NOT_CHARGING
2022-12-10 06:00;77;26.0;475;UNKNOWN;PLUGGED_USB;NOT_CHARGING
2022-12-10 07:00;76;25.799999237060547;475;UNKNOWN;PLUGGED_USB;NOT_CHARGING
2022-12-10 08:00;74;25.899999618530273;475;UNKNOWN;PLUGGED_USB;NOT_CHARGING
2022-12-10 09:00;73;26.0;475;UNKNOWN;PLUGGED_USB;NOT_CHARGING
2022-12-10 10:00;71;25.799999237060547;475;UNKNOWN;PLUGGED_USB;NOT_CHARGING
2022-12-10 11:00;70;25.700000762939453;475;UNKNOWN;PLUGGED_USB;NOT_CHARGING
2022-12-10 12:00;69;25.5;475;UNKNOWN;PLUGGED_USB;NOT_CHARGING
2022-12-10 13:00;68;25.600000381469727;475;UNKNOWN;PLUGGED_USB;NOT_CHARGING
2022-12-10 14:00;67;25.899999618530273;475;UNKNOWN;PLUGGED_USB;NOT_CHARGING
2022-12-10 15:00;66;25.899999618530273;475;UNKNOWN;PLUGGED_USB;NOT_CHARGING
2022-12-10 16:00;65;26.100000381469727;475;UNKNOWN;PLUGGED_USB;NOT_CHARGING
2022-12-10 17:00;64;26.299999237060547;475;UNKNOWN;PLUGGED_USB;NOT_CHARGING
2022-12-10 18:00;63;26.200000762939453;475;UNKNOWN;PLUGGED_USB;NOT_CHARGING
2022-12-10 19:00;62;26.200000762939453;475;UNKNOWN;PLUGGED_USB;NOT_CHARGING
2022-12-10 20:00;61;26.399999618530273;475;UNKNOWN;PLUGGED_USB;NOT_CHARGING
2022-12-10 21:00;60;26.299999237060547;475;UNKNOWN;PLUGGED_USB;NOT_CHARGING
2022-12-10 22:00;59;26.299999237060547;475;UNKNOWN;PLUGGED_USB;NOT_CHARGING
2022-12-10 23:00;58;26.0;475;UNKNOWN;PLUGGED_USB;NOT_CHARGING
2022-12-11 00:00;58;26.0;475;UNKNOWN;PLUGGED_USB;NOT_CHARGING
2022-12-11 01:00;57;25.799999237060547;475;UNKNOWN;PLUGGED_USB;NOT_CHARGING
2022-12-11 02:00;56;25.700000762939453;475;UNKNOWN;PLUGGED_USB;NOT_CHARGING
2022-12-11 03:00;55;25.799999237060547;475;UNKNOWN;PLUGGED_USB;NOT_CHARGING
2022-12-11 04:00;54;25.899999618530273;475;UNKNOWN;PLUGGED_USB;NOT_CHARGING
2022-12-11 05:00;53;25.600000381469727;475;UNKNOWN;PLUGGED_USB;NOT_CHARGING
2022-12-11 06:00;52;25.700000762939453;475;UNKNOWN;PLUGGED_USB;NOT_CHARGING
2022-12-11 07:00;51;25.799999237060547;475;UNKNOWN;PLUGGED_USB;NOT_CHARGING
2022-12-11 08:00;50;25.700000762939453;475;UNKNOWN;PLUGGED_USB;NOT_CHARGING
2022-12-11 09:00;49;25.399999618530273;475;UNKNOWN;PLUGGED_USB;NOT_CHARGING
2022-12-11 10:00;49;25.399999618530273;475;UNKNOWN;PLUGGED_USB;NOT_CHARGING
2022-12-11 11:00;68;26.0;300;GOOD;PLUGGED_AC;CHARGING
2022-12-11 12:00;91;25.899999618530273;300;GOOD;PLUGGED_AC;CHARGING
2022-12-11 13:00;100;25.700000762939453;300;GOOD;PLUGGED_AC;FULL
2022-12-11 14:00;92;25.799999237060547;300;UNKNOWN;PLUGGED_AC;NOT_CHARGING
2022-12-11 15:00;87;25.600000381469727;300;UNKNOWN;PLUGGED_AC;NOT_CHARGING
2022-12-11 17:00;100;26.0;675;GOOD;PLUGGED_USB;FULL
2022-12-11 18:00;96;26.299999237060547;675;GOOD;PLUGGED_USB;CHARGING
2022-12-11 19:00;94;26.299999237060547;675;GOOD;PLUGGED_USB;CHARGING
2022-12-11 20:00;91;26.200000762939453;675;GOOD;PLUGGED_USB;CHARGING
2022-12-11 21:00;89;26.399999618530273;675;UNKNOWN;PLUGGED_USB;NOT_CHARGING
2022-12-11 22:00;88;26.200000762939453;675;UNKNOWN;PLUGGED_USB;NOT_CHARGING
2022-12-11 23:00;86;26.100000381469727;675;UNKNOWN;PLUGGED_USB;NOT_CHARGING
2022-12-12 00:00;85;25.899999618530273;675;UNKNOWN;PLUGGED_USB;NOT_CHARGING
2022-12-12 01:00;83;25.799999237060547;675;UNKNOWN;PLUGGED_USB;NOT_CHARGING
2022-12-12 02:00;82;26.0;675;UNKNOWN;PLUGGED_USB;NOT_CHARGING
2022-12-12 03:00;81;26.100000381469727;675;UNKNOWN;PLUGGED_USB;NOT_CHARGING
2022-12-12 04:00;80;26.100000381469727;675;UNKNOWN;PLUGGED_USB;NOT_CHARGING
2022-12-12 05:00;79;25.799999237060547;675;UNKNOWN;PLUGGED_USB;NOT_CHARGING
2022-12-12 06:00;77;25.799999237060547;675;UNKNOWN;PLUGGED_USB;NOT_CHARGING
2022-12-12 07:00;76;26.0;675;UNKNOWN;PLUGGED_USB;NOT_CHARGING
2022-12-12 08:00;75;26.0;675;UNKNOWN;PLUGGED_USB;NOT_CHARGING
2022-12-12 09:00;74;25.799999237060547;675;UNKNOWN;PLUGGED_USB;NOT_CHARGING
2022-12-12 10:00;73;25.799999237060547;675;UNKNOWN;PLUGGED_USB;NOT_CHARGING
2022-12-12 11:00;72;26.0;675;UNKNOWN;PLUGGED_USB;NOT_CHARGING
2022-12-12 12:00;71;25.899999618530273;675;UNKNOWN;PLUGGED_USB;NOT_CHARGING
2022-12-12 13:00;70;25.700000762939453;675;UNKNOWN;PLUGGED_USB;NOT_CHARGING
2022-12-12 14:00;68;25.700000762939453;675;UNKNOWN;PLUGGED_USB;NOT_CHARGING
2022-12-12 15:00;95;26.5;525;GOOD;PLUGGED_USB;CHARGING
2022-12-12 16:00;100;26.200000762939453;525;GOOD;PLUGGED_USB;FULL
2022-12-12 17:00;91;25.799999237060547;525;GOOD;PLUGGED_USB;CHARGING
2022-12-12 18:00;88;25.899999618530273;525;GOOD;PLUGGED_USB;CHARGING
2022-12-12 19:00;85;26.0;525;GOOD;PLUGGED_USB;CHARGING
2022-12-12 20:00;83;26.0;525;UNKNOWN;PLUGGED_USB;NOT_CHARGING
2022-12-12 21:00;82;26.200000762939453;525;UNKNOWN;PLUGGED_USB;NOT_CHARGING
2022-12-12 22:00;80;25.899999618530273;525;UNKNOWN;PLUGGED_USB;NOT_CHARGING
2022-12-12 23:00;79;25.899999618530273;525;UNKNOWN;PLUGGED_USB;NOT_CHARGING
2022-12-13 00:00;78;26.0;525;UNKNOWN;PLUGGED_USB;NOT_CHARGING
2022-12-13 03:00;74;25.899999618530273;525;UNKNOWN;PLUGGED_USB;NOT_CHARGING
2022-12-13 04:00;73;25.799999237060547;525;UNKNOWN;PLUGGED_USB;NOT_CHARGING
2022-12-13 05:00;72;25.600000381469727;525;UNKNOWN;PLUGGED_USB;NOT_CHARGING
2022-12-13 09:00;68;25.600000381469727;525;UNKNOWN;PLUGGED_USB;NOT_CHARGING
2022-12-13 10:00;67;25.799999237060547;525;UNKNOWN;PLUGGED_USB;NOT_CHARGING
2022-12-13 11:00;65;25.5;525;UNKNOWN;PLUGGED_USB;NOT_CHARGING
2022-12-13 12:00;65;25.299999237060547;525;UNKNOWN;PLUGGED_USB;NOT_CHARGING
2022-12-13 13:00;63;25.200000762939453;525;UNKNOWN;PLUGGED_USB;NOT_CHARGING
2022-12-13 14:00;63;25.100000381469727;525;UNKNOWN;PLUGGED_USB;NOT_CHARGING
2022-12-13 15:00;62;25.100000381469727;525;UNKNOWN;PLUGGED_USB;NOT_CHARGING
2022-12-13 16:00;61;25.200000762939453;525;UNKNOWN;PLUGGED_USB;NOT_CHARGING
2022-12-13 17:00;60;25.100000381469727;525;UNKNOWN;PLUGGED_USB;NOT_CHARGING
2022-12-13 18:00;59;25.100000381469727;525;UNKNOWN;PLUGGED_USB;NOT_CHARGING
2022-12-13 19:00;58;25.399999618530273;525;UNKNOWN;PLUGGED_USB;NOT_CHARGING
2022-12-13 20:00;57;25.600000381469727;525;UNKNOWN;PLUGGED_USB;NOT_CHARGING
2022-12-13 21:00;57;25.899999618530273;525;UNKNOWN;PLUGGED_USB;NOT_CHARGING
2022-12-13 22:00;56;25.5;525;UNKNOWN;PLUGGED_USB;NOT_CHARGING
2022-12-13 23:00;55;25.299999237060547;525;UNKNOWN;PLUGGED_USB;NOT_CHARGING
2022-12-14 00:00;54;25.399999618530273;525;UNKNOWN;PLUGGED_USB;NOT_CHARGING
2022-12-14 01:00;53;25.299999237060547;525;UNKNOWN;PLUGGED_USB;NOT_CHARGING
2022-12-14 02:00;52;25.200000762939453;525;UNKNOWN;PLUGGED_USB;NOT_CHARGING
2022-12-14 03:00;51;25.299999237060547;525;UNKNOWN;PLUGGED_USB;NOT_CHARGING
2022-12-14 04:00;50;25.200000762939453;525;UNKNOWN;PLUGGED_USB;NOT_CHARGING
2022-12-14 05:00;49;25.0;525;UNKNOWN;PLUGGED_USB;NOT_CHARGING
2022-12-14 06:00;49;25.100000381469727;525;UNKNOWN;PLUGGED_USB;NOT_CHARGING
2022-12-14 07:00;48;25.299999237060547;525;UNKNOWN;PLUGGED_USB;NOT_CHARGING
2022-12-14 08:00;46;25.399999618530273;525;UNKNOWN;PLUGGED_USB;NOT_CHARGING
2022-12-14 09:00;45;25.299999237060547;525;UNKNOWN;PLUGGED_USB;NOT_CHARGING
2022-12-14 10:00;43;25.299999237060547;525;UNKNOWN;PLUGGED_USB;NOT_CHARGING
2022-12-14 11:00;42;25.399999618530273;525;UNKNOWN;PLUGGED_USB;NOT_CHARGING
2022-12-14 12:00;41;25.399999618530273;525;UNKNOWN;PLUGGED_USB;NOT_CHARGING
2022-12-14 13:00;40;25.200000762939453;525;UNKNOWN;PLUGGED_USB;NOT_CHARGING
2022-12-14 14:00;86;26.600000381469727;600;GOOD;PLUGGED_AC;CHARGING
2022-12-14 15:00;100;25.799999237060547;600;GOOD;PLUGGED_AC;FULL
2022-12-14 16:00;94;25.700000762939453;600;GOOD;PLUGGED_AC;CHARGING
2022-12-14 17:00;88;25.799999237060547;600;GOOD;PLUGGED_AC;CHARGING
2022-12-14 18:00;85;25.600000381469727;600;UNKNOWN;PLUGGED_AC;NOT_CHARGING
2022-12-14 19:00;82;25.799999237060547;600;UNKNOWN;PLUGGED_AC;NOT_CHARGING
2022-12-14 20:00;81;26.100000381469727;600;UNKNOWN;PLUGGED_AC;NOT_CHARGING
2022-12-14 21:00;79;26.0;600;UNKNOWN;PLUGGED_AC;NOT_CHARGING
2022-12-14 22:00;78;25.700000762939453;600;UNKNOWN;PLUGGED_AC;NOT_CHARGING
2022-12-14 23:00;77;25.799999237060547;600;UNKNOWN;PLUGGED_AC;NOT_CHARGING
2022-12-15 00:00;75;25.799999237060547;600;UNKNOWN;PLUGGED_AC;NOT_CHARGING
2022-12-15 01:00;74;25.700000762939453;600;UNKNOWN;PLUGGED_AC;NOT_CHARGING
2022-12-15 02:00;73;25.700000762939453;600;UNKNOWN;PLUGGED_AC;NOT_CHARGING
2022-12-15 03:00;71;25.799999237060547;600;UNKNOWN;PLUGGED_AC;NOT_CHARGING
2022-12-15 04:00;70;25.899999618530273;600;UNKNOWN;PLUGGED_AC;NOT_CHARGING
2022-12-15 05:00;69;25.700000762939453;600;UNKNOWN;PLUGGED_AC;NOT_CHARGING
2022-12-15 06:00;68;25.700000762939453;600;UNKNOWN;PLUGGED_AC;NOT_CHARGING
2022-12-15 07:00;67;25.799999237060547;600;UNKNOWN;PLUGGED_AC;NOT_CHARGING
2022-12-15 08:00;66;25.700000762939453;600;UNKNOWN;PLUGGED_AC;NOT_CHARGING
2022-12-15 09:00;65;25.600000381469727;600;UNKNOWN;PLUGGED_AC;NOT_CHARGING
2022-12-15 10:00;64;25.799999237060547;600;UNKNOWN;PLUGGED_AC;NOT_CHARGING
2022-12-15 11:00;63;25.799999237060547;600;UNKNOWN;PLUGGED_AC;NOT_CHARGING
2022-12-15 12:00;62;25.600000381469727;600;UNKNOWN;PLUGGED_AC;NOT_CHARGING
2022-12-15 13:00;61;25.799999237060547;600;UNKNOWN;PLUGGED_AC;NOT_CHARGING
2022-12-15 14:00;60;25.799999237060547;600;UNKNOWN;PLUGGED_AC;NOT_CHARGING
2022-12-15 15:00;59;25.600000381469727;600;UNKNOWN;PLUGGED_AC;NOT_CHARGING
2022-12-15 16:00;58;25.700000762939453;600;UNKNOWN;PLUGGED_AC;NOT_CHARGING
2022-12-15 17:00;75;27.0;550;GOOD;PLUGGED_USB;CHARGING
2022-12-15 18:00;100;26.100000381469727;550;GOOD;PLUGGED_USB;FULL
2022-12-15 19:00;93;26.299999237060547;550;GOOD;PLUGGED_USB;CHARGING
2022-12-15 20:00;89;26.5;550;GOOD;PLUGGED_USB;CHARGING
2022-12-15 21:00;86;26.399999618530273;550;GOOD;PLUGGED_USB;CHARGING
2022-12-15 22:00;84;26.399999618530273;550;UNKNOWN;PLUGGED_USB;NOT_CHARGING
2022-12-15 23:00;82;26.200000762939453;550;UNKNOWN;PLUGGED_USB;NOT_CHARGING
2022-12-16 00:00;80;26.100000381469727;550;UNKNOWN;PLUGGED_USB;NOT_CHARGING
2022-12-16 01:00;79;26.0;550;UNKNOWN;PLUGGED_USB;NOT_CHARGING
2022-12-16 02:00;78;26.100000381469727;550;UNKNOWN;PLUGGED_USB;NOT_CHARGING
2022-12-16 03:00;77;26.200000762939453;550;UNKNOWN;PLUGGED_USB;NOT_CHARGING
2022-12-16 04:00;76;26.100000381469727;550;UNKNOWN;PLUGGED_USB;NOT_CHARGING
2022-12-16 05:00;74;25.899999618530273;550;UNKNOWN;PLUGGED_USB;NOT_CHARGING
2022-12-16 06:00;73;26.0;550;UNKNOWN;PLUGGED_USB;NOT_CHARGING
2022-12-16 07:00;72;26.100000381469727;550;UNKNOWN;PLUGGED_USB;NOT_CHARGING
2022-12-16 08:00;70;26.100000381469727;550;UNKNOWN;PLUGGED_USB;NOT_CHARGING
2022-12-16 09:00;69;26.100000381469727;550;UNKNOWN;PLUGGED_USB;NOT_CHARGING
2022-12-16 10:00;68;26.0;550;UNKNOWN;PLUGGED_USB;NOT_CHARGING
2022-12-16 11:00;67;25.799999237060547;550;UNKNOWN;PLUGGED_USB;NOT_CHARGING
2022-12-16 12:00;66;26.0;550;UNKNOWN;PLUGGED_USB;NOT_CHARGING
2022-12-16 13:00;65;26.0;550;UNKNOWN;PLUGGED_USB;NOT_CHARGING
2022-12-16 14:00;64;25.799999237060547;550;UNKNOWN;PLUGGED_USB;NOT_CHARGING
2022-12-16 15:00;63;25.899999618530273;550;UNKNOWN;PLUGGED_USB;NOT_CHARGING
2022-12-16 16:00;63;26.299999237060547;550;UNKNOWN;PLUGGED_USB;NOT_CHARGING
2022-12-16 17:00;62;26.299999237060547;550;UNKNOWN;PLUGGED_USB;NOT_CHARGING
2022-12-16 18:00;61;26.200000762939453;550;UNKNOWN;PLUGGED_USB;NOT_CHARGING
2022-12-16 19:00;60;26.399999618530273;550;UNKNOWN;PLUGGED_USB;NOT_CHARGING
2022-12-16 20:00;59;26.5;550;UNKNOWN;PLUGGED_USB;NOT_CHARGING
2022-12-16 21:00;58;26.700000762939453;550;UNKNOWN;PLUGGED_USB;NOT_CHARGING
2022-12-16 22:00;57;26.700000762939453;550;UNKNOWN;PLUGGED_USB;NOT_CHARGING
2022-12-16 23:00;56;26.200000762939453;550;UNKNOWN;PLUGGED_USB;NOT_CHARGING
2022-12-17 00:00;55;26.200000762939453;550;UNKNOWN;PLUGGED_USB;NOT_CHARGING
2022-12-17 01:00;54;26.299999237060547;550;UNKNOWN;PLUGGED_USB;NOT_CHARGING
2022-12-17 02:00;54;26.0;550;UNKNOWN;PLUGGED_USB;NOT_CHARGING
2022-12-17 03:00;53;26.0;550;UNKNOWN;PLUGGED_USB;NOT_CHARGING
2022-12-17 04:00;52;26.100000381469727;550;UNKNOWN;PLUGGED_USB;NOT_CHARGING
2022-12-17 05:00;51;26.100000381469727;550;UNKNOWN;PLUGGED_USB;NOT_CHARGING
2022-12-17 06:00;50;25.899999618530273;550;UNKNOWN;PLUGGED_USB;NOT_CHARGING
2022-12-17 07:00;49;26.0;550;UNKNOWN;PLUGGED_USB;NOT_CHARGING
2022-12-17 08:00;49;26.600000381469727;550;UNKNOWN;PLUGGED_USB;NOT_CHARGING
2022-12-17 09:00;48;26.299999237060547;550;UNKNOWN;PLUGGED_USB;NOT_CHARGING
2022-12-17 10:00;47;26.5;550;UNKNOWN;PLUGGED_USB;NOT_CHARGING
2022-12-17 11:00;80;27.700000762939453;500;GOOD;PLUGGED_AC;CHARGING
2022-12-17 12:00;100;27.200000762939453;500;GOOD;PLUGGED_AC;CHARGING
2022-12-17 13:00;95;26.600000381469727;500;GOOD;PLUGGED_AC;CHARGING
2022-12-17 14:00;89;26.5;500;GOOD;PLUGGED_AC;CHARGING
2022-12-17 15:00;86;26.600000381469727;500;UNKNOWN;PLUGGED_AC;NOT_CHARGING
2022-12-17 16:00;84;26.399999618530273;500;UNKNOWN;PLUGGED_AC;NOT_CHARGING
2022-12-17 17:00;82;26.299999237060547;500;UNKNOWN;PLUGGED_AC;NOT_CHARGING
2022-12-17 18:00;80;26.399999618530273;500;UNKNOWN;PLUGGED_AC;NOT_CHARGING
2022-12-17 19:00;79;26.399999618530273;500;UNKNOWN;PLUGGED_AC;NOT_CHARGING
2022-12-17 20:00;78;26.5;500;UNKNOWN;PLUGGED_AC;NOT_CHARGING
2022-12-17 21:00;77;26.5;500;UNKNOWN;PLUGGED_AC;NOT_CHARGING
2022-12-17 22:00;75;26.200000762939453;500;UNKNOWN;PLUGGED_AC;NOT_CHARGING
2022-12-17 23:00;74;26.0;500;UNKNOWN;PLUGGED_AC;NOT_CHARGING
2022-12-18 00:00;73;26.100000381469727;500;UNKNOWN;PLUGGED_AC;NOT_CHARGING
2022-12-18 01:00;71;26.200000762939453;500;UNKNOWN;PLUGGED_AC;NOT_CHARGING
2022-12-18 02:00;70;25.899999618530273;500;UNKNOWN;PLUGGED_AC;NOT_CHARGING
2022-12-18 03:00;69;26.0;500;UNKNOWN;PLUGGED_AC;NOT_CHARGING
2022-12-18 04:00;68;26.100000381469727;500;UNKNOWN;PLUGGED_AC;NOT_CHARGING
2022-12-18 05:00;67;25.899999618530273;500;UNKNOWN;PLUGGED_AC;NOT_CHARGING
2022-12-18 06:00;66;25.799999237060547;500;UNKNOWN;PLUGGED_AC;NOT_CHARGING
2022-12-18 07:00;65;25.799999237060547;500;UNKNOWN;PLUGGED_AC;NOT_CHARGING
2022-12-18 08:00;64;25.700000762939453;500;UNKNOWN;PLUGGED_AC;NOT_CHARGING
2022-12-18 09:00;63;25.5;500;UNKNOWN;PLUGGED_AC;NOT_CHARGING
2022-12-18 10:00;62;25.799999237060547;500;UNKNOWN;PLUGGED_AC;NOT_CHARGING
2022-12-18 11:00;61;25.899999618530273;500;UNKNOWN;PLUGGED_AC;NOT_CHARGING
2022-12-18 12:00;60;25.799999237060547;500;UNKNOWN;PLUGGED_AC;NOT_CHARGING
2022-12-18 13:00;59;25.700000762939453;500;UNKNOWN;PLUGGED_AC;NOT_CHARGING
2022-12-18 14:00;59;26.100000381469727;500;UNKNOWN;PLUGGED_AC;NOT_CHARGING
2022-12-18 15:00;58;26.100000381469727;500;UNKNOWN;PLUGGED_AC;NOT_CHARGING
2022-12-18 16:00;57;25.899999618530273;500;UNKNOWN;PLUGGED_AC;NOT_CHARGING
2022-12-18 17:00;56;25.5;500;UNKNOWN;PLUGGED_AC;NOT_CHARGING
2022-12-18 18:00;55;25.600000381469727;500;UNKNOWN;PLUGGED_AC;NOT_CHARGING
2022-12-18 19:00;54;26.0;500;UNKNOWN;PLUGGED_AC;NOT_CHARGING
2022-12-18 20:00;53;26.0;500;UNKNOWN;PLUGGED_AC;NOT_CHARGING
2022-12-18 21:00;52;25.899999618530273;500;UNKNOWN;PLUGGED_AC;NOT_CHARGING
2022-12-18 22:00;51;25.700000762939453;500;UNKNOWN;PLUGGED_AC;NOT_CHARGING
2022-12-18 23:00;50;25.5;500;UNKNOWN;PLUGGED_AC;NOT_CHARGING
2022-12-19 00:00;50;25.399999618530273;500;UNKNOWN;PLUGGED_AC;NOT_CHARGING
2022-12-19 01:00;49;25.5;500;UNKNOWN;PLUGGED_AC;NOT_CHARGING
2022-12-19 02:00;48;25.299999237060547;500;UNKNOWN;PLUGGED_AC;NOT_CHARGING
2022-12-19 03:00;47;25.399999618530273;500;UNKNOWN;PLUGGED_AC;NOT_CHARGING
2022-12-19 04:00;45;25.299999237060547;500;UNKNOWN;PLUGGED_AC;NOT_CHARGING
2022-12-19 05:00;44;25.100000381469727;500;UNKNOWN;PLUGGED_AC;NOT_CHARGING
2022-12-19 06:00;42;25.200000762939453;500;UNKNOWN;PLUGGED_AC;NOT_CHARGING
2022-12-19 07:00;41;25.100000381469727;500;UNKNOWN;PLUGGED_AC;NOT_CHARGING
2022-12-19 08:00;49;25.899999618530273;550;GOOD;PLUGGED_AC;CHARGING
2022-12-19 09:00;95;26.399999618530273;550;GOOD;PLUGGED_AC;CHARGING
2022-12-19 10:00;100;25.600000381469727;550;GOOD;PLUGGED_AC;FULL
2022-12-19 11:00;91;25.200000762939453;550;GOOD;PLUGGED_AC;CHARGING
2022-12-19 12:00;87;25.0;550;UNKNOWN;PLUGGED_AC;NOT_CHARGING
2022-12-19 13:00;84;25.200000762939453;550;UNKNOWN;PLUGGED_AC;NOT_CHARGING
2022-12-19 14:00;82;25.100000381469727;550;UNKNOWN;PLUGGED_AC;NOT_CHARGING
2022-12-19 15:00;80;24.899999618530273;550;UNKNOWN;PLUGGED_AC;NOT_CHARGING
2022-12-19 16:00;79;25.600000381469727;550;UNKNOWN;PLUGGED_AC;NOT_CHARGING
2022-12-19 17:00;77;25.600000381469727;550;UNKNOWN;PLUGGED_AC;NOT_CHARGING
2022-12-19 18:00;76;25.399999618530273;550;UNKNOWN;PLUGGED_AC;NOT_CHARGING
2022-12-19 19:00;75;25.399999618530273;550;UNKNOWN;PLUGGED_AC;NOT_CHARGING
2022-12-19 20:00;74;25.600000381469727;550;UNKNOWN;PLUGGED_AC;NOT_CHARGING
2022-12-19 21:00;72;25.700000762939453;550;UNKNOWN;PLUGGED_AC;NOT_CHARGING
2022-12-19 22:00;71;25.399999618530273;550;UNKNOWN;PLUGGED_AC;NOT_CHARGING
2022-12-19 23:00;70;25.399999618530273;550;UNKNOWN;PLUGGED_AC;NOT_CHARGING
2022-12-20 00:00;69;25.200000762939453;550;UNKNOWN;PLUGGED_AC;NOT_CHARGING
2022-12-20 01:00;68;25.399999618530273;550;UNKNOWN;PLUGGED_AC;NOT_CHARGING
2022-12-20 02:00;66;25.299999237060547;550;UNKNOWN;PLUGGED_AC;NOT_CHARGING
2022-12-20 03:00;65;25.200000762939453;550;UNKNOWN;PLUGGED_AC;NOT_CHARGING
2022-12-20 04:00;64;25.200000762939453;550;UNKNOWN;PLUGGED_AC;NOT_CHARGING
2022-12-20 05:00;63;25.200000762939453;550;UNKNOWN;PLUGGED_AC;NOT_CHARGING
2022-12-20 06:00;62;25.100000381469727;550;UNKNOWN;PLUGGED_AC;NOT_CHARGING
2022-12-20 07:00;61;25.200000762939453;550;UNKNOWN;PLUGGED_AC;NOT_CHARGING
2022-12-20 08:00;61;25.299999237060547;550;UNKNOWN;PLUGGED_AC;NOT_CHARGING
2022-12-20 09:00;60;25.200000762939453;550;UNKNOWN;PLUGGED_AC;NOT_CHARGING
2022-12-20 10:00;59;25.399999618530273;550;UNKNOWN;PLUGGED_AC;NOT_CHARGING
2022-12-20 11:00;58;25.100000381469727;550;UNKNOWN;PLUGGED_AC;NOT_CHARGING
2022-12-20 12:00;57;24.899999618530273;550;UNKNOWN;PLUGGED_AC;NOT_CHARGING
2022-12-20 13:00;56;24.799999237060547;550;UNKNOWN;PLUGGED_AC;NOT_CHARGING
2022-12-20 14:00;55;24.899999618530273;550;UNKNOWN;PLUGGED_AC;NOT_CHARGING
2022-12-20 15:00;54;24.799999237060547;550;UNKNOWN;PLUGGED_AC;NOT_CHARGING
2022-12-20 16:00;53;24.700000762939453;550;UNKNOWN;PLUGGED_AC;NOT_CHARGING
2022-12-20 17:00;52;24.700000762939453;550;UNKNOWN;PLUGGED_AC;NOT_CHARGING
2022-12-20 18:00;51;24.700000762939453;550;UNKNOWN;PLUGGED_AC;NOT_CHARGING
2022-12-20 19:00;51;24.600000381469727;550;UNKNOWN;PLUGGED_AC;NOT_CHARGING
2022-12-20 20:00;50;24.700000762939453;550;UNKNOWN;PLUGGED_AC;NOT_CHARGING
2022-12-20 21:00;49;25.200000762939453;550;UNKNOWN;PLUGGED_AC;NOT_CHARGING
2022-12-20 22:00;48;24.799999237060547;550;UNKNOWN;PLUGGED_AC;NOT_CHARGING
2022-12-20 23:00;47;24.799999237060547;550;UNKNOWN;PLUGGED_AC;NOT_CHARGING
2022-12-21 00:00;45;24.799999237060547;550;UNKNOWN;PLUGGED_AC;NOT_CHARGING
2022-12-21 01:00;44;24.700000762939453;550;UNKNOWN;PLUGGED_AC;NOT_CHARGING
2022-12-21 02:00;42;24.799999237060547;550;UNKNOWN;PLUGGED_AC;NOT_CHARGING
2022-12-21 03:00;41;24.799999237060547;550;UNKNOWN;PLUGGED_AC;NOT_CHARGING
2022-12-21 04:00;40;24.799999237060547;550;UNKNOWN;PLUGGED_AC;NOT_CHARGING
2022-12-21 05:00;39;24.799999237060547;550;UNKNOWN;PLUGGED_AC;NOT_CHARGING
2022-12-21 06:00;38;24.799999237060547;550;UNKNOWN;PLUGGED_AC;NOT_CHARGING
2022-12-21 07:00;37;25.0;550;UNKNOWN;PLUGGED_AC;NOT_CHARGING
2022-12-21 10:00;100;25.799999237060547;1800;GOOD;PLUGGED_AC;FULL
2022-12-21 11:00;92;25.0;1800;GOOD;PLUGGED_AC;CHARGING
2022-12-21 12:00;88;25.0;1800;UNKNOWN;PLUGGED_AC;NOT_CHARGING
2022-12-21 13:00;85;24.799999237060547;1800;UNKNOWN;PLUGGED_AC;NOT_CHARGING
2022-12-21 14:00;82;24.799999237060547;1800;UNKNOWN;PLUGGED_AC;NOT_CHARGING
2022-12-21 15:00;81;24.899999618530273;1800;UNKNOWN;PLUGGED_AC;NOT_CHARGING
2022-12-21 16:00;79;25.200000762939453;1800;UNKNOWN;PLUGGED_AC;NOT_CHARGING
2022-12-21 17:00;78;25.399999618530273;1800;UNKNOWN;PLUGGED_AC;NOT_CHARGING
2022-12-21 18:00;77;25.100000381469727;1800;UNKNOWN;PLUGGED_AC;NOT_CHARGING
2022-12-21 19:00;75;25.0;1800;UNKNOWN;PLUGGED_AC;NOT_CHARGING
2022-12-21 20:00;74;24.799999237060547;1800;UNKNOWN;PLUGGED_AC;NOT_CHARGING
2022-12-21 21:00;72;25.0;1700;UNKNOWN;PLUGGED_AC;NOT_CHARGING
2022-12-21 22:00;71;25.200000762939453;1700;UNKNOWN;PLUGGED_AC;NOT_CHARGING
2022-12-21 23:00;70;25.100000381469727;1700;UNKNOWN;PLUGGED_AC;NOT_CHARGING
2022-12-22 00:00;69;24.899999618530273;1600;UNKNOWN;PLUGGED_AC;NOT_CHARGING
2022-12-22 01:00;68;25.0;1400;UNKNOWN;PLUGGED_AC;NOT_CHARGING
2022-12-22 02:00;67;25.100000381469727;1400;UNKNOWN;PLUGGED_AC;NOT_CHARGING
2022-12-22 03:00;65;24.899999618530273;1400;UNKNOWN;PLUGGED_AC;NOT_CHARGING
2022-12-22 04:00;64;24.899999618530273;1300;UNKNOWN;PLUGGED_AC;NOT_CHARGING
2022-12-22 05:00;63;25.0;1300;UNKNOWN;PLUGGED_AC;NOT_CHARGING
2022-12-22 06:00;63;24.899999618530273;1300;UNKNOWN;PLUGGED_AC;NOT_CHARGING
2022-12-22 07:00;62;24.899999618530273;1100;UNKNOWN;PLUGGED_AC;NOT_CHARGING
2022-12-22 08:00;61;25.0;1100;UNKNOWN;PLUGGED_AC;NOT_CHARGING
2022-12-22 09:00;60;24.899999618530273;1100;UNKNOWN;PLUGGED_AC;NOT_CHARGING
2022-12-22 10:00;59;25.299999237060547;1100;UNKNOWN;PLUGGED_AC;NOT_CHARGING
2022-12-22 11:00;58;25.100000381469727;1000;UNKNOWN;PLUGGED_AC;NOT_CHARGING
2022-12-22 12:00;57;25.399999618530273;900;UNKNOWN;PLUGGED_AC;NOT_CHARGING
2022-12-22 13:00;56;25.600000381469727;800;UNKNOWN;PLUGGED_AC;NOT_CHARGING
2022-12-22 14:00;55;25.5;600;UNKNOWN;PLUGGED_AC;NOT_CHARGING
2022-12-22 15:00;54;25.100000381469727;600;UNKNOWN;PLUGGED_AC;NOT_CHARGING
2022-12-22 16:00;53;25.200000762939453;600;UNKNOWN;PLUGGED_AC;NOT_CHARGING
2022-12-22 17:00;53;25.200000762939453;600;UNKNOWN;PLUGGED_AC;NOT_CHARGING
2022-12-22 18:00;52;25.399999618530273;600;UNKNOWN;PLUGGED_AC;NOT_CHARGING
2022-12-22 19:00;51;25.700000762939453;600;UNKNOWN;PLUGGED_AC;NOT_CHARGING
2022-12-22 20:00;50;25.299999237060547;600;UNKNOWN;PLUGGED_AC;NOT_CHARGING
2022-12-22 21:00;49;25.600000381469727;600;UNKNOWN;PLUGGED_AC;NOT_CHARGING
2022-12-22 22:00;49;25.700000762939453;600;UNKNOWN;PLUGGED_AC;NOT_CHARGING
2022-12-22 23:00;48;25.5;600;UNKNOWN;PLUGGED_AC;NOT_CHARGING
2022-12-23 00:00;46;25.299999237060547;600;UNKNOWN;PLUGGED_AC;NOT_CHARGING
2022-12-23 01:00;45;25.5;600;UNKNOWN;PLUGGED_AC;NOT_CHARGING
2022-12-23 02:00;43;25.5;600;UNKNOWN;PLUGGED_AC;NOT_CHARGING
2022-12-23 03:00;42;25.299999237060547;600;UNKNOWN;PLUGGED_AC;NOT_CHARGING
2022-12-23 04:00;41;25.399999618530273;600;UNKNOWN;PLUGGED_AC;NOT_CHARGING
2022-12-23 05:00;40;25.399999618530273;600;UNKNOWN;PLUGGED_AC;NOT_CHARGING
2022-12-23 06:00;39;25.299999237060547;600;UNKNOWN;PLUGGED_AC;NOT_CHARGING
2022-12-23 07:00;38;25.299999237060547;600;UNKNOWN;PLUGGED_AC;NOT_CHARGING
2022-12-23 08:00;37;25.5;600;UNKNOWN;PLUGGED_AC;NOT_CHARGING
2022-12-23 09:00;36;25.399999618530273;600;UNKNOWN;PLUGGED_AC;NOT_CHARGING
2022-12-23 10:00;33;25.200000762939453;600;UNKNOWN;PLUGGED_AC;NOT_CHARGING
2022-12-23 11:00;32;25.299999237060547;600;UNKNOWN;PLUGGED_AC;NOT_CHARGING
2022-12-23 12:00;30;25.299999237060547;600;UNKNOWN;PLUGGED_AC;NOT_CHARGING
2022-12-23 13:00;28;25.299999237060547;600;UNKNOWN;PLUGGED_AC;NOT_CHARGING
2022-12-23 14:00;26;25.5;600;UNKNOWN;PLUGGED_AC;NOT_CHARGING
2022-12-23 15:01;24;25.299999237060547;600;UNKNOWN;PLUGGED_AC;NOT_CHARGING
2022-12-23 16:00;23;25.600000381469727;600;UNKNOWN;PLUGGED_AC;NOT_CHARGING
2022-12-23 17:00;21;25.700000762939453;600;UNKNOWN;PLUGGED_AC;NOT_CHARGING
2022-12-23 18:00;20;25.5;600;UNKNOWN;PLUGGED_AC;NOT_CHARGING
2022-12-23 19:00;20;25.200000762939453;600;UNKNOWN;PLUGGED_AC;NOT_CHARGING
2022-12-23 20:00;19;25.600000381469727;600;UNKNOWN;PLUGGED_AC;NOT_CHARGING
2022-12-23 21:00;19;25.799999237060547;600;UNKNOWN;PLUGGED_AC;NOT_CHARGING
2022-12-23 22:00;18;25.799999237060547;600;UNKNOWN;PLUGGED_AC;NOT_CHARGING
2022-12-23 23:00;18;25.799999237060547;600;UNKNOWN;PLUGGED_AC;NOT_CHARGING
