date,voltage,current,power,energy,frequency,power_factor,alarm
2022-12-15 17:28,221.7228868203822,0.8024420149571443,139.81053331220005,118,49.975,0.7849966430664063,0.0
2022-12-15 18:40,222.1045030992471,0.8379060926318035,156.3798808408149,260,50.0,0.8399960973289124,0.0
2022-12-15 18:45,221.52364232720967,0.5886324711167068,111.82135573258545,273,50.0,0.8599999591697269,0.0
2022-12-15 18:50,221.95889274093366,0.5888087234740519,111.43157617004636,285,49.99999999888236,0.8508471686065608,0.0
2022-12-15 18:55,221.08448498046096,0.5848948293647187,110.77636193295488,294,50.0,0.8599218417928205,0.0
2022-12-15 19:00,221.75897071361732,0.5870547699447852,111.53210217561144,303,49.975,0.8599999618530274,0.0
2022-12-15 19:05,221.68436022297942,0.8995762986807276,165.4491405744409,313,49.90000610500903,0.8324904045375334,0.0
2022-12-15 19:10,221.9454735986027,0.8428345498129737,156.79234262174833,327,49.99898556598928,0.8400037002656611,0.0
2022-12-15 19:15,222.07497609196696,0.8387796337226425,156.7110717810217,340,49.974605976034894,0.8401565551757812,0.0
2022-12-15 19:20,222.51162519506744,0.5907531370984113,112.54785625215999,353,49.9999976560285,0.8599999987141929,0.0
2022-12-15 19:25,222.23591963853346,0.2729068727321462,40.80289086703364,364,49.99999999999998,0.6700327180503518,0.0
2022-12-15 19:30,222.49312684086186,0.2733359442204214,40.996501739789906,373,50.0,0.6712548828870057,0.0
2022-12-15 19:35,221.5589271497252,0.2736648440360589,40.71037540254908,376,50.0,0.6700000619888744,0.0
2022-12-15 19:40,222.5542167378619,0.621792377006416,95.0490038445219,380,50.0,0.6878623867034855,0.0
2022-12-15 19:45,222.9631523937466,0.5635532153583162,86.52536804559841,387,50.0,0.6913851493723002,0.0
2022-12-15 19:50,222.80386709069592,0.5573207325484265,85.86895658481504,395,50.0,0.691310757396003,0.0
2022-12-15 19:55,222.68840730333312,0.275094103706744,41.51550424136089,402,50.0,0.6800000237080086,0.0
2022-12-15 20:00,222.35158292285078,0.27203883335856016,40.903858893174345,408,50.0,0.6798411810398102,0.0
2022-12-15 20:05,222.7081654315706,0.27100204929045957,40.92060618269011,411,49.90000471083694,0.6800012186169624,0.0
2022-12-15 20:10,223.0552120200297,0.2712817384761005,41.08986530234836,415,49.988501946409905,0.68,0.0
2022-12-15 20:15,222.00093914534133,0.6229261630760967,94.54290590985866,418,49.99998779296871,0.6836854171752884,0.0
2022-12-15 20:20,222.82932865309613,0.5624755062967524,86.11819848452546,425,49.999999967403696,0.690039357915887,0.0
2022-12-15 20:25,222.63006747369792,0.5525402454147561,85.53720158661261,433,49.99999999962746,0.6953134345728156,0.0
2022-12-15 20:30,222.9632290817226,0.27663822756927875,41.74962133329838,440,50.0,0.6798681652358707,0.0
2022-12-15 20:35,222.63808051964224,0.27277578966639526,41.048646023244515,446,49.99998779296875,0.6772823866084219,0.0
2022-12-15 20:40,222.75218391714435,0.272507831577499,41.029515670008124,449,50.0,0.6774753747247451,0.0
2022-12-15 20:45,223.11719793055704,0.27451040722484127,41.26956033409486,453,50.0,0.6717218410951304,0.0
2022-12-15 20:50,221.69930631417262,0.6255199681974483,94.50660120332016,457,50.0,0.6787871551516491,0.0
2022-12-15 20:55,222.8571205002911,0.5537505976586652,86.14293772993486,463,50.0,0.6964475782659891,0.0
2022-12-15 21:00,223.42901001788596,0.5558944348905561,85.85636053320584,471,50.0,0.6914993914230692,0.0
2022-12-15 21:05,222.96171686079072,0.2759361129588689,41.755514274726,478,49.90039100686649,0.6800024429668776,0.0
2022-12-15 21:10,222.61220760616797,0.27299755488014243,40.97551402857053,484,49.99413986951738,0.6724977488070727,0.0
2022-12-15 21:15,222.86281947951238,0.2730122366058755,41.15232421047389,488,50.0,0.6799998474120936,0.0
2022-12-15 21:20,222.8418779219558,0.2727890929838848,41.11582481640245,491,49.99999990408803,0.6799999999952613,0.0
2022-12-15 21:25,221.8783443938526,0.6195704244611695,94.49048222212369,495,49.99999999976717,0.6907866674661631,0.0
2022-12-15 21:30,222.64638323093607,0.5528848419521193,86.12707539396989,502,50.0,0.7023586349684781,0.0
2022-12-15 21:35,223.0463342016443,0.547443467888755,85.63694592541367,509,49.9999997435592,0.7027344179737726,0.0
2022-12-15 21:40,222.78028289149069,0.2760548885104648,41.78694477244962,516,50.0,0.6800000396702051,0.0
2022-12-15 21:45,223.27837686598428,0.27175196900384946,41.1519171346705,522,50.0,0.6800047701504037,0.0
2022-12-15 21:50,223.39500783093172,0.2725114169500313,41.32733775006523,526,50.0,0.679921875,0.0
2022-12-15 21:55,223.53915305418582,0.2726562652589638,41.299150179901034,529,50.0,0.68,0.0
2022-12-15 22:00,223.7211714409525,0.6168669526343022,94.5489826195163,533,50.0,0.6839294740035803,0.0
2022-12-15 22:05,221.32820919790439,0.5530804340171962,85.51876203680224,539,49.906455435297474,0.6966108049232861,0.0
2022-12-15 22:10,221.00376025931268,0.5546380729962084,84.84335132044019,547,49.999996154716975,0.6906665306077882,0.0
2022-12-15 22:15,220.97075414429486,0.2750027660947747,40.96924135272216,554,49.999999939462214,0.6700134288057007,0.0
2022-12-15 22:20,221.35469946072027,0.27265527348126317,40.42809459898814,560,50.0,0.6700000002584372,0.0
2022-12-15 22:25,221.4474332101919,0.2736242695591641,40.72241215297173,563,50.0,0.6700097692094267,0.0
2022-12-15 22:30,221.73082623038508,0.2725493326868723,40.562855879048556,567,50.0,0.67,0.0
2022-12-15 22:35,221.82587423419466,0.6145222292433588,93.16472504725661,570,49.99999999999996,0.6814846494549602,0.0
2022-12-15 22:40,222.21397552131452,0.5580342264202567,85.81599207407064,576,50.0,0.6914270438043446,0.0
2022-12-15 22:45,221.72549055596454,0.5603371135149657,85.2563553365367,584,50.0,0.6857194705869811,0.0
2022-12-15 22:50,221.90715935405225,0.2757439359904524,41.355899965379265,591,49.95,0.6781253358863779,0.0
2022-12-15 22:55,222.65589507284733,0.27255481648129115,40.89683981869278,598,50.0,0.6700000081070083,0.0
2022-12-15 23:00,222.39134535608844,0.2720039445707716,40.7691083989592,601,50.0,0.6700000190734863,0.0
2022-12-15 23:05,222.684227387586,0.2727621955892675,41.039513827223246,604,49.98370096057424,0.6773974800109788,0.0
2022-12-15 23:10,223.24659130101736,0.608606279830311,94.0461331858391,608,49.900000000000006,0.6918749991788911,0.0
2022-12-15 23:15,223.19266620768815,0.575959362281792,91.51627603965434,614,49.90001315191094,0.7131557086256493,0.0
2022-12-15 23:20,222.64508760007482,0.56885100729879,90.66860308586477,622,49.999996419609076,0.7174219335827801,0.0
2022-12-15 23:25,222.57359808211822,0.2770964344965059,41.6497728794282,629,49.99990217880778,0.6725001238152581,0.0
2022-12-15 23:30,222.84941278918785,0.2739217230910026,41.089038528250725,634,50.0,0.6700000000000363,0.0
2022-12-15 23:35,222.79499496703897,0.27372654032665106,41.048489143281856,637,50.0,0.6700000000000002,0.0
2022-12-15 23:40,222.69903239685826,0.274877079129225,41.087752804296144,641,50.0,0.67,0.0
2022-12-15 23:45,222.6862527366123,0.625628272212517,95.03191162342077,644,50.0,0.6813830650409785,0.0
2022-12-15 23:50,222.96520619398632,0.5624310837440214,86.30096956409326,651,50.0,0.6884849320831075,0.0
2022-12-15 23:55,223.0475130781617,0.5719561983939213,90.42954898672585,659,50.0,0.7120352312229309,0.0
2022-12-16 00:00,223.40826021034746,0.27700781264924546,41.86308152806761,666,49.99999999981374,0.6799999988032506,0.0
2022-12-16 00:05,223.3303275255881,0.2749849748472556,41.53322068563793,670,49.90390648576657,0.6784668159484779,0.0
2022-12-16 00:10,223.5565099346608,0.27397703693852715,41.31063075989784,674,49.998819041011515,0.6713807357311725,0.0
2022-12-16 00:15,223.1292158459832,0.27404443935291245,41.138248882238,677,50.0,0.670000000000009,0.0
2022-12-16 00:20,223.33168017872714,0.6440378123321426,100.04491559856338,681,49.99531244634993,0.6948798751830647,0.0
2022-12-16 00:25,223.46434960478302,0.6094916518948281,95.31068969959688,688,49.9999755859375,0.700047242747078,0.0
2022-12-16 00:30,223.51461042764416,0.5811435307013109,91.91017210459606,697,49.99999999999959,0.708411906196315,0.0
2022-12-16 00:35,223.4328728493433,0.27796300720891426,41.98143104687215,704,49.99999999943462,0.6775000981822101,0.0
2022-12-16 00:40,223.38906017519463,0.274907225057008,41.29034371671351,711,50.0,0.670000019070967,0.0
2022-12-16 00:45,223.66205761109802,0.2737169461164675,41.291551045221055,714,50.0,0.670859411430456,0.0
2022-12-16 00:50,223.2985498822405,0.2740918443101247,41.18087646862635,718,50.0,0.6700001144421068,0.0
2022-12-16 00:55,222.99067443147246,0.6360277107985496,102.3369298789126,721,50.0,0.7198632812523282,0.0
2022-12-16 01:00,222.52814065723206,0.6421300647927886,99.0966111216668,726,50.0,0.6939582220222158,0.0
2022-12-16 01:05,222.87467823206129,0.5813628274687844,91.64808216043559,734,49.97363149830376,0.7057866033057898,0.0
2022-12-16 01:10,222.9675874444296,0.5825628334559299,90.75320729215471,742,49.92495000281886,0.7006939710821138,0.0
2022-12-16 01:15,223.36111943965335,0.2761252439840065,41.39722402497688,750,49.99999999990686,0.6700000381469726,0.0
2022-12-16 01:20,222.99987145013358,0.27755706847083095,41.37956957994771,753,49.999999999999986,0.67,0.0
2022-12-16 01:25,223.0870881312972,0.27588302991992103,41.26865305757873,757,49.99999999999999,0.6703125572204272,0.0
2022-12-16 01:30,222.98439465672618,0.2762968253584731,41.22991785494422,761,50.0,0.67,0.0
2022-12-16 01:35,223.2947300771097,0.6510629297812054,100.7707559479222,764,49.99999999999957,0.6932292239362184,0.0
2022-12-16 01:40,223.05665477836737,0.5806575717125216,91.97771731095945,772,50.0,0.7132245744790364,0.0
2022-12-16 01:45,223.3850740642867,0.5794134923864867,91.37047559734148,780,50.0,0.7041117834469393,0.0
2022-12-16 01:50,223.4498904045322,0.2802346196770512,42.18076995063288,788,50.0,0.6712792968866599,0.0
2022-12-16 01:55,223.29251308684258,0.27596495079736727,41.300576913931316,793,50.0,0.67,0.0
2022-12-16 02:00,223.37201593528673,0.2749929001278362,41.27311020656356,796,50.0,0.67,0.0
2022-12-16 02:05,223.29704324914587,0.2750140094747878,41.2326318130153,799,49.97421874999809,0.670312614739023,0.0
2022-12-16 02:10,222.86328531462445,0.6451227010703526,100.26276245089934,803,49.99999389648432,0.6954494131310389,0.0
2022-12-16 02:15,223.26237969058434,0.5837630721539832,92.37042232836231,811,50.0,0.7079860131561334,0.0
2022-12-16 02:20,222.783571260452,0.5789066890337407,90.97926849839466,819,50.0,0.707854123600287,0.0
2022-12-16 02:25,223.47341079709844,0.27964035462489956,42.03304268241076,826,50.0,0.6710939406976122,0.0
2022-12-16 02:30,223.1240162180278,0.27613036488532616,41.196586297886995,832,50.0,0.6700000000000002,0.0
2022-12-16 02:35,223.28979793768704,0.27500759039399986,41.200166747125195,835,49.99988708496094,0.67,0.0
2022-12-16 02:40,223.34131492456365,0.2764917120263231,41.535073379697494,839,49.9999999999985,0.67,0.0
2022-12-16 02:45,223.0138691863343,0.6458040877252877,100.91193873901788,842,50.0,0.7019911241582485,0.0
2022-12-16 02:50,223.41365935964635,0.5891203916150014,92.9441097522938,849,50.0,0.7060374220790351,0.0
2022-12-16 02:55,223.4927610399405,0.5810333979096491,91.51154092808972,857,50.0,0.705998898975752,0.0
2022-12-16 03:00,223.010642622085,0.27906211507325784,41.81854152585006,865,50.0,0.6700000036013407,0.0
2022-12-16 03:05,223.10122751283853,0.27727956251060976,41.52817688117699,870,49.919531249579435,0.6712503814695994,0.0
2022-12-16 03:10,222.59325804133164,0.27693939393939393,41.195306959391644,874,50.0,0.67,0.0
2022-12-16 03:15,222.6375028803812,0.27623498578369277,41.22499856015301,878,49.999609375,0.67,0.0
2022-12-16 03:20,222.68331169295266,0.6474917322361109,101.48206604065948,881,49.968705746531484,0.7024999976158142,0.0
2022-12-16 03:25,222.25920123676715,0.5936970312574723,93.44179015663639,887,49.999987786263226,0.709848785255631,0.0
2022-12-16 03:30,222.70735674215314,0.5736656847534163,91.35030743068484,895,49.9997802734375,0.7136331583374704,0.0
2022-12-16 03:35,222.49248526010638,0.2789679416958122,41.754347505545994,903,49.99980425832327,0.6703906735941518,0.0
2022-12-16 03:40,222.91828608790576,0.2756053530011214,41.18805116386774,909,49.99999996423426,0.6700000000023454,0.0
2022-12-16 03:45,222.67124535595934,0.2768703951554211,41.50887706510707,913,49.99999983295565,0.6725007441683921,0.0
2022-12-16 03:50,222.57428664539344,0.27557762932436514,41.19300258937241,917,49.99453113079071,0.67,0.0
2022-12-16 03:55,222.43594562858277,0.6623997875136993,104.75523688296528,920,50.0,0.70999267578125,0.0
2022-12-16 04:00,222.1050429921744,0.6181924511594981,95.29527556093007,925,50.0,0.6941071573005795,0.0
2022-12-16 04:05,222.18678684809976,0.5832717003034371,91.88656607566656,933,50.0,0.7089075139659302,0.0
2022-12-16 04:10,222.27597497892273,0.30420560833453514,45.797861355902505,941,50.0,0.678136634970061,0.0
2022-12-16 04:15,221.72486636120541,0.27506249790904436,40.855156543953534,949,50.0,0.6700000000000002,0.0
2022-12-16 04:20,222.01414922367363,0.27670520397859283,41.02244288034284,952,50.0,0.6699999999976718,0.0
2022-12-16 04:25,221.80712298418013,0.2769066162348238,41.40242846404419,955,49.99375,0.675001525878397,0.0
2022-12-16 04:30,221.71238914300199,0.6106638245691954,95.70079497411199,959,49.99999999701977,0.7024999999999999,0.0
2022-12-16 04:35,221.15309509134636,0.6489205780121015,99.68194283638907,963,49.97494506686926,0.6930522723434205,0.0
2022-12-16 04:40,220.59523813086702,0.5835152318558905,90.71817389011336,972,49.996337461470105,0.7053570222483926,0.0
2022-12-16 04:45,220.84466486369192,0.27868708279091253,41.579836589376264,979,49.970225332676634,0.6750017738056886,0.0
2022-12-16 04:50,219.27586278971626,0.8090781544426981,171.3516083259242,985,50.0,0.9699999999994179,0.0
2022-12-16 04:55,219.19088711508556,0.8078789067934795,171.07045751611656,996,50.0,0.97,0.0
2022-12-16 05:00,219.75400469906754,0.8091596424282474,171.9988669846972,1010,50.0,0.97,0.0
2022-12-16 05:05,221.4988856857761,0.27799604030193215,41.573859856942974,1025,50.0,0.6786749270651489,0.0
2022-12-16 05:10,221.0059606395621,0.27345384515478055,40.44189287290505,1033,49.999999994784595,0.67,0.0
2022-12-16 05:15,222.63241166721372,0.6182599807722405,95.67209069004815,1037,49.99989738096865,0.6957812499352439,0.0
2022-12-16 05:20,222.90581424911448,0.655488963560548,100.85698919663568,1043,49.99999999999993,0.6913556747938469,0.0
2022-12-16 05:25,222.30302084045002,0.8456401997457255,144.28493445303673,1051,49.987495602664424,0.7664084966957107,0.0
2022-12-16 05:30,221.66904337291575,2.6438429988040375,548.324986569702,1060,49.999985497478534,0.8049999997469631,0.0
2022-12-16 05:35,222.08864689948504,0.6859864426663372,113.02998202611433,1144,49.9869140625,0.7419469644732913,0.0
2022-12-16 05:40,221.62194306510025,0.6953853562213868,117.07687779846776,1162,49.924945125765475,0.7576483769397879,0.0
2022-12-16 05:45,221.35359495011008,0.4403873446715094,70.28178467029394,1172,49.94860524892876,0.720317306489432,0.0
2022-12-16 05:50,220.92424247811806,0.4277578754098842,66.97678304891372,1180,49.96204196423351,0.71,0.0
2022-12-16 05:55,220.65360213907493,0.4269860558253328,66.54931271080586,1186,49.95605134951982,0.7099899291992187,0.0
2022-12-16 06:00,220.67309855851587,0.5513400307860539,87.29827593830336,1191,49.99999999999999,0.7199999999953434,0.0
2022-12-16 06:05,219.9592526322499,0.6982292115854435,115.95359897913544,1198,50.0,0.7550024414097425,0.0
2022-12-16 06:10,219.78080732387178,0.6711764956931692,109.47956000973772,1210,49.951801052497466,0.7400934702548136,0.0
2022-12-16 06:15,221.28398488836868,0.9562233499980081,184.10287056566278,1219,49.99999999925202,0.8700048819952715,0.0
2022-12-16 06:20,221.64758913553064,0.7016750223773321,139.16666450573575,1231,50.0,0.8937304703891278,0.0
2022-12-16 06:25,222.0083169976325,0.6112421743833695,116.35493806171263,1307,49.94272393415417,0.8600048828113356,0.0
2022-12-16 06:30,221.5856379843985,0.5891212082437263,111.26814114363057,1317,49.99255521559546,0.85,0.0
2022-12-16 06:35,222.01004583377738,0.9270360040171036,170.62617502173148,1326,49.95225301980961,0.8300001907348633,0.0
2022-12-16 06:40,221.41128765775437,0.9162058246955536,165.3823314946443,1337,49.90634959764624,0.8158038768768411,0.0
2022-12-16 06:45,222.31785684538596,0.8730375540244344,162.74602473973766,1351,49.999780672870116,0.8380666286730725,0.0
2022-12-16 06:50,221.95222548495553,0.8444763334250264,156.62583780549093,1365,49.97652502059937,0.8355957031296566,0.0
2022-12-16 06:55,221.72335527185476,0.5909053735924921,112.04596314954742,1378,49.996873472980226,0.8568457612488443,0.0
2022-12-16 07:00,222.36211015769044,0.5892574126824461,111.75898342746481,1390,50.0,0.8500001525448915,0.0
2022-12-16 07:05,222.4705717855041,0.6084877018724194,116.58930655815549,1400,50.0,0.8600097656226717,0.0
2022-12-16 07:10,221.46741849921068,0.6942421365185325,137.27104046509749,1409,49.99848127365112,0.8889800988324077,0.0
2022-12-16 07:15,222.40529104682983,0.9156762475745767,165.98485663799897,1419,49.940233516132764,0.8145751953125909,0.0
2022-12-16 07:20,221.12865900660518,0.851974718155961,156.45194973966557,1432,49.90000000002182,0.8299999999558874,0.0
2022-12-16 07:25,221.60125240081652,0.8695765238018521,161.16082150784246,1445,49.9,0.8390652861289072,0.0
2022-12-16 07:30,220.37508956258193,0.5903245198796706,110.9742264430916,1458,49.98989806035543,0.8499951170331763,0.0
2022-12-16 07:35,220.39464724016858,0.5865157965635827,110.17109914974449,1471,49.976120992355014,0.85,0.0
2022-12-16 07:40,220.18056579800046,0.5868782663136607,110.21819888371729,1480,49.974194145142974,0.85,0.0
2022-12-16 07:45,220.20677340218936,0.6051067092450962,114.8869243448676,1489,49.924804687192605,0.8600195314688608,0.0
2022-12-16 07:50,221.04861979615495,0.90035800227492,163.75266316350474,1499,49.99492034139111,0.8238097954727708,0.0
2022-12-16 07:55,222.06717775507855,0.853942342453216,157.76053043018922,1511,49.993722532271455,0.8299901680718749,0.0
2022-12-16 08:00,222.39934410088796,0.8552406619568742,157.5235670568207,1524,49.99862971030965,0.830004960300867,0.0
2022-12-16 08:05,222.3408121168739,0.6404978513853908,122.46994038937382,1537,49.999999999999986,0.8587500001769559,0.0
2022-12-16 08:10,221.76065890365953,2.1822669503577377,482.6618866260339,1550,49.99999313352159,0.999999999999418,0.0
2022-12-16 08:15,222.29685377340616,2.1758844294662634,482.3183123607902,1581,50.0,0.9999954927235126,0.0
2022-12-16 08:20,221.77438753785145,2.173300147522851,480.8313208578875,1663,49.99327888262523,0.9999999999999954,0.0
2022-12-16 08:25,222.92634928023338,0.6648821474062421,105.53938483636836,1703,49.987499999985985,0.710047750463709,0.0
2022-12-16 08:30,222.55728355233785,0.8794012486728048,134.26882168040336,1709,49.987499974481764,0.684998742755565,0.0
2022-12-16 08:35,217.92203837299348,9.795500666931037,2130.0615864956953,1718,49.96370954508892,0.999999999990973,0.0
2022-12-16 08:40,218.77688115195053,8.780708062395268,1907.2765287309244,1837,49.999999999999815,0.9741597619623144,0.0
2022-12-16 08:45,221.98981521833065,0.9385686602674044,187.4987874213837,1965,50.0,0.8406057733215733,0.0
2022-12-16 08:50,222.0094649439801,0.2770079109547209,41.16367581940259,2068,49.999987792968746,0.6700000000006574,0.0
2022-12-16 08:55,221.84501605515658,0.2769841475572899,41.24848193740267,2097,49.999853515624906,0.67,0.0
2022-12-16 09:00,221.6820582341802,0.6419085193517957,99.01951685053788,2101,49.99999923706055,0.6999853515625,0.0
2022-12-16 09:05,221.7703120881378,0.8062190675562335,125.9563055302659,2105,49.99532596319936,0.7054326165327997,0.0
2022-12-16 09:10,217.37411658366898,9.783985541981242,2123.1051547833304,2116,49.99999999999997,0.9999988365313043,0.0
2022-12-16 09:15,221.61361321806118,1.1021001516997808,221.42850315890618,2180,50.0,0.8312067392677396,0.0
2022-12-16 09:20,221.97697299240485,0.2775005348995181,41.387699999094764,2279,49.99997253417969,0.670000305259278,0.0
2022-12-16 09:25,221.71801753538057,0.2939300536364099,46.166695793275906,2331,50.0,0.7102343748696148,0.0
2022-12-16 09:30,221.67235546001928,0.6278007791443267,96.74076807794343,2335,50.0,0.6903125,0.0
2022-12-16 09:35,221.40089463384976,0.572629335066388,87.50266351948196,2339,49.99990234374998,0.6935585116977916,0.0
2022-12-16 09:40,220.978092276067,0.5630667333467634,85.91007572857819,2347,50.0,0.6877576356755002,0.0
2022-12-16 09:45,221.46324569069546,0.5810429538475124,90.93624603353271,2354,50.0,0.7056458449633127,0.0
2022-12-16 09:50,221.54226936754952,0.2817706492094193,42.04683289123777,2361,50.0,0.6701562523871012,0.0
2022-12-16 09:55,221.67008723294282,0.2786586074158027,41.44583580372324,2365,50.0,0.67,0.0
2022-12-16 10:00,222.53614785870766,0.27801230306951075,41.65946688144359,2369,50.0,0.67,0.0
2022-12-16 10:05,222.67328834921815,0.6667785183049263,105.70825465896284,2372,49.98866271458446,0.7109458145638929,0.0
2022-12-16 10:10,222.8130324216433,0.5794992934918375,88.66474300266096,2377,49.99999999999996,0.6867410222206196,0.0
2022-12-16 10:15,222.940081470837,0.5613925172819094,86.71992223524475,2385,50.0,0.6931403409050065,0.0
2022-12-16 10:20,223.19773948029467,0.5658343764856977,86.4852908900305,2392,49.999993896484376,0.685753308869389,0.0
2022-12-16 10:25,222.93629781218698,0.3010156522881946,47.902902028223366,2399,50.0,0.7129073664871975,0.0
2022-12-16 10:30,222.73691529866812,0.27824237106761707,41.70472766015084,2404,50.0,0.6712890625000001,0.0
2022-12-16 10:35,222.55656878876567,0.27824931369464295,41.68768034711353,2407,49.99941253655706,0.6700165065401233,0.0
2022-12-16 10:40,222.33605226441628,0.9275000182084039,168.98171860063115,2411,49.998046875,0.8153613281252186,0.0
2022-12-16 10:45,222.387746450807,1.1378940061630423,207.4575380586479,2416,49.999999999817376,0.8201563357563373,0.0
2022-12-16 10:50,222.28022784697905,1.0779016860653772,196.75337493630514,2433,49.99999942779539,0.8199988554790634,0.0
2022-12-16 10:55,222.83928350580834,1.039628532682076,190.80616966349504,2450,50.0,0.8209595897060398,0.0
2022-12-16 11:00,222.56377629689138,0.6019347922290801,114.2353589793426,2466,50.0,0.8499999999999994,0.0
2022-12-16 11:05,222.1996314994785,0.6178159353586989,118.21524479573415,2476,49.92500000037253,0.8606249998509883,0.0
2022-12-16 11:10,221.96370141999833,0.5956960197437104,112.78058145442394,2486,49.999932677015934,0.8500000000000001,0.0
2022-12-16 11:15,221.99968569979808,0.8785309855455544,163.07643765340845,2496,49.999993895739316,0.838125,0.0
2022-12-16 11:20,222.08569214222084,1.0361922387943885,188.6977665415944,2505,49.99999999960908,0.8200000001494481,0.0
2022-12-16 11:25,222.83938707043905,0.3033982625762479,48.23829945541482,2520,49.999999995529635,0.7121779830753437,0.0
2022-12-16 11:30,222.54814310228522,0.27953126423415825,41.706073588594535,2529,50.0,0.6700016991048325,0.0
2022-12-16 11:35,222.63644353682162,0.3146218494785654,48.705542216529324,2533,50.0,0.693739013671875,0.0
2022-12-16 11:40,222.1434449545103,0.28107220456197846,41.66453835961168,2536,50.0,0.6700781250373877,0.0
2022-12-16 11:45,221.73806866402208,0.682770522719482,106.64918445842639,2540,50.0,0.7028128470480441,0.0
2022-12-16 11:50,221.4435060038835,0.8965177605310962,135.2377097850571,2546,50.0,0.6800000762945286,0.0
2022-12-16 11:55,221.65023262219376,0.793690288430928,119.64132305933893,2557,50.0,0.6800807239211284,0.0
2022-12-16 12:00,222.45807305246188,0.2835699109164609,42.32674940447225,2568,50.0,0.6700000575196488,0.0
2022-12-16 12:05,221.77589759452485,0.2977422018947613,47.059765730941834,2576,49.998239517211914,0.7137499979138374,0.0
2022-12-16 12:10,222.97912182065852,0.2786177368121114,41.855044788583726,2580,49.99832763634621,0.6700109863281252,0.0
2022-12-16 12:15,222.83193886365814,0.278999703522688,41.713290710711746,2583,50.0,0.6700000000000002,0.0
2022-12-16 12:20,222.42890183240445,0.5609896165449212,85.14255274254099,2587,49.99957731959876,0.6807719467207789,0.0
2022-12-16 12:25,222.78250485459566,0.5795281837878676,91.60143401892007,2592,49.98749999999418,0.7111718934407689,0.0
2022-12-16 12:30,220.18003912809448,0.28620019743898717,42.005412712291275,2600,50.0,0.6700036717765212,0.0
2022-12-16 12:35,220.6900003442726,0.39197428535043266,60.89321867525338,2606,50.0,0.699990234375,0.0
2022-12-16 12:40,221.08252311835423,0.27956640249025044,41.407409092245445,2610,50.0,0.6700000000000004,0.0
2022-12-16 12:45,221.32050227545795,0.33178621381103535,52.22463670917335,2613,50.0,0.7137492343783378,0.0
2022-12-16 12:50,221.19054914964985,0.2802537908330611,41.469757435827276,2617,50.0,0.6700000000000004,0.0
2022-12-16 12:55,220.7885110081798,0.6567484306728111,103.29707243581628,2621,50.0,0.7106546783447265,0.0
2022-12-16 13:00,220.9683074047084,0.656503448815521,100.59162764458401,2626,50.0,0.6948133386032028,0.0
2022-12-16 13:05,220.75073428586373,0.6299025782065202,101.78700927481475,2634,50.0,0.7343547820567145,0.0
2022-12-16 13:10,220.69419394801616,0.5820974826078558,91.33555121389526,2643,49.999902197145175,0.7099609710891372,0.0
2022-12-16 13:15,221.0066905458839,0.2820073827047991,41.854047995435124,2651,50.0,0.670000033569222,0.0
2022-12-16 13:20,221.00023556235982,0.27896870378378624,41.24667526667976,2656,50.0,0.67,0.0
2022-12-16 13:25,220.43253990358585,0.3034457063097261,48.48759871923782,2660,49.999804687453434,0.7249999940395355,0.0
2022-12-16 13:30,220.74386172816577,0.27797171018645084,41.19766748340299,2664,49.98554277415387,0.6700000281597032,0.0
2022-12-16 13:35,220.88244035561232,0.675619369570607,106.37934310797152,2667,49.97494812011337,0.7104614257812499,0.0
2022-12-16 13:40,221.19154493014582,0.6291451298364497,96.70657621374883,2672,49.999996660649,0.6950288642869134,0.0
2022-12-16 13:45,220.83678666775626,0.732418441618903,120.13867779303735,2680,49.99990234375,0.740135493278541,0.0
2022-12-16 13:50,220.98617143442982,0.2927460394889496,43.89510521273233,2689,49.99999999999709,0.6804248452606232,0.0
2022-12-16 13:55,220.94957007676354,0.3798223782665757,59.30535682097285,2696,50.0,0.703105456829071,0.0
2022-12-16 14:00,221.89490416268762,0.3939725971091377,62.29344405382699,2700,50.0,0.71,0.0
2022-12-16 14:05,220.81630204979513,0.4261172275625925,71.44062550018748,2705,50.0,0.7599999916553497,0.0
2022-12-16 14:10,216.74746113254923,7.812304746790755,1690.8284035325385,2710,50.0,0.9897070312500014,0.0
2022-12-16 14:15,221.11326387989112,0.6606756116196542,100.31986499833462,2729,50.0,0.6872280228501768,0.0
2022-12-16 14:20,220.74190421777485,0.5860075815853953,91.39569799630173,2789,49.9093017578125,0.707567361240117,0.0
2022-12-16 14:25,221.99469315772882,0.6280405839777385,101.54533777030919,2797,49.99992370009131,0.7300298944853661,0.0
2022-12-16 14:30,220.45861498515927,0.28158004230308364,41.52558589798028,2805,49.99999996849802,0.6700000000000137,0.0
2022-12-16 14:35,221.08024957714528,0.5888272683508922,98.59905283354271,2809,49.99999923050782,0.7009327316272156,0.0
2022-12-16 14:40,221.1226607067373,0.31012634424637264,47.79389909091567,2839,49.97186889641889,0.6999963367712939,0.0
2022-12-16 14:45,221.2464992185837,0.34310592871119505,57.53018894644951,2844,49.999996948242185,0.759982886314392,0.0
2022-12-16 14:50,221.10200894409337,0.9612890831114903,151.12023298878563,2849,49.99999990463257,0.7101193276052089,0.0
2022-12-16 14:55,220.797069929385,0.8242154467301857,130.84258403798387,2859,49.99999995231629,0.719941406249946,0.0
2022-12-16 15:00,220.63531841998164,0.31485320751631685,48.274365252975215,2871,50.0,0.6954199266247443,0.0
2022-12-16 15:05,221.93082249183067,0.34414695626711933,57.89603451320797,2879,50.0,0.7599999713896886,0.0
2022-12-16 15:10,219.96073694030406,0.2793517996792065,41.01835905278453,2883,49.946875,0.6704687499778481,0.0
2022-12-16 15:15,220.02757113799797,0.2795325004841489,41.05276916726689,2887,49.94335885043256,0.669999998211658,0.0
2022-12-16 15:20,221.83127984670926,0.7612087751352752,129.6145319627198,2891,50.0,0.767497531465408,0.0
2022-12-16 15:25,222.28038843699886,1.039165887653326,178.04020981930654,2897,50.0,0.7699621451181249,0.0
2022-12-16 15:30,221.92401439532972,0.8638095062121779,143.8918222253105,2911,49.99978027341349,0.7499999998182477,0.0
2022-12-16 15:35,222.14541706589893,0.2887345373952559,43.574589817730384,2924,49.996875,0.6800683593758732,0.0
2022-12-16 15:40,222.48577330274247,0.27770900014757305,41.677359039351,2933,49.98748702965677,0.6705810450017453,0.0
2022-12-16 15:45,222.4055133953322,0.3124545650742594,51.639335924010986,2937,49.9999999999416,0.7398669815342969,0.0
2022-12-16 15:50,221.9704613801287,0.27867745184888537,41.64158245710957,2940,49.996875,0.6700006103515717,0.0
2022-12-16 15:55,221.5360789703272,1.8225806333444585,354.4672471588859,2944,49.98124599454367,0.763749999438881,0.0
2022-12-16 16:00,222.19299129664228,0.7611004069364007,116.49312142222065,3017,49.99999541938305,0.6887389659940173,0.0
2022-12-16 16:05,222.15880131095207,0.31592330952401493,51.96327716035458,3028,50.0,0.7399998856898828,0.0
2022-12-16 16:10,222.51230542100785,0.2804392805900373,41.80281934224283,3034,49.999999809265134,0.6699996948242277,0.0
2022-12-16 16:15,221.55876524364112,0.28167994535307694,41.49145871100385,3038,50.0,0.6634374565348844,0.0
2022-12-16 16:20,221.75787403305236,0.28019668813008963,41.53127775467725,3041,49.99999994482914,0.6699309101040365,0.0
2022-12-16 16:25,221.74950568121633,0.668067509920276,104.36794470732434,3044,50.0,0.705359442534535,0.0
2022-12-16 16:30,221.98915176703514,0.5708270690928303,86.01647948780735,3052,50.0,0.6819994119473701,0.0
2022-12-16 16:35,221.51966685515228,0.5702068656824821,85.54667683682294,3060,50.0,0.6803124638377998,0.0
2022-12-16 16:40,221.53262280932174,0.28265876267680323,42.04641798674402,3067,49.999999618530275,0.6700011999566857,0.0
2022-12-16 16:45,221.1572231283841,0.3166604385613876,51.62697406636829,3073,49.9999267578125,0.7395114517211914,0.0
2022-12-16 16:50,221.77875584930092,0.27894165042221053,41.51991282099523,3077,49.99999827144056,0.6700000145688136,0.0
2022-12-16 16:55,221.6369261949367,0.2792457579153099,41.525700059604944,3081,50.0,0.67,0.0
2022-12-16 17:00,220.9065077328682,0.9599653791242022,173.6134485912538,3084,50.0,0.8190624459047102,0.0
2022-12-16 17:05,221.3239160155741,0.952429967075535,177.94404269862136,3093,49.99999923706055,0.8434569239633856,0.0
2022-12-16 17:10,221.5303012367901,0.5788505121501186,90.9414756194994,3108,50.0,0.7077772928771437,0.0
2022-12-16 17:25,221.72478298886034,0.31099302123528116,51.098947256140335,3128,49.999999999999794,0.7399997329711914,0.0
2022-12-16 17:30,221.34931556541102,0.27834336254434133,41.26105933436858,3132,50.0,0.6700000000000363,0.0
2022-12-16 17:35,220.81810482437754,0.6777134322809897,106.21438360742755,3135,50.0,0.7099969482421875,0.0
2022-12-16 17:40,220.52328828138423,0.6335357448347094,96.3818257898175,3140,49.99375,0.6899274351981679,0.0
2022-12-16 17:45,219.98603213074227,0.6343736152881976,102.1406487968542,3149,50.0,0.7316842634207056,0.0
2022-12-16 17:50,220.5034722377316,0.2823360328598856,41.830373384792686,3157,49.999999904213105,0.6701613617681239,0.0
2022-12-16 17:55,220.70654130705827,0.2768713930283412,40.77415221434077,3163,50.0,0.6699975585937501,0.0
2022-12-16 18:00,220.85804563966326,0.27652098585688856,40.89638934617592,3167,50.0,0.67,0.0
2022-12-16 18:05,221.1154445885446,0.30878093719462574,50.71449040379886,3170,49.99960443768068,0.7399994659423828,0.0
2022-12-16 18:10,220.41865101217206,0.7291265728098575,122.83869742172334,3174,50.0,0.7634275811908174,0.0
2022-12-16 18:15,221.22800371689823,0.2802573077559872,41.57411786082442,3180,50.0,0.670085747968842,0.0
2022-12-16 18:20,219.7914875007863,1.630175771244452,355.4567144272255,3237,49.99998168945126,0.9899993896484375,0.0
2022-12-16 18:25,219.5953432342472,1.6688566442362491,363.52196320997854,3250,49.999999809265134,0.99,0.0
2022-12-16 18:30,219.96612006494604,1.6280293198568117,355.1397094855423,3280,49.99999999999919,0.99,0.0
2022-12-16 18:35,220.73136510638113,1.0437670053553447,225.84305150336354,3309,50.0,0.9800048828125,0.0
2022-12-16 18:40,221.38809891229175,0.2764349422512462,41.000588527816305,3337,50.0,0.6700000025331974,0.0
2022-12-16 18:45,220.94772548656468,0.3316244199859193,54.00294613207962,3348,50.0,0.738123779296875,0.0
2022-12-16 18:50,220.2282152683649,0.6397881869153392,97.0196056170688,3352,50.0,0.689374389276054,0.0
2022-12-16 18:55,220.55058134243814,0.7155806325612433,104.83813578752618,3358,50.0,0.6657218179765763,0.0
2022-12-16 19:00,220.67713626421846,0.6939688239958061,103.13446663833723,3366,50.0,0.6728678753269539,0.0
2022-12-16 19:05,220.83497786240272,0.6609417556768544,103.75600811133305,3375,49.973038469437036,0.7133329969216421,0.0
2022-12-16 19:10,220.30798394792106,0.6153876080502787,91.86886802345224,3384,50.0,0.6756789715014024,0.0
2022-12-16 19:15,221.24411788848164,0.6029415178466386,90.48161008379903,3392,49.971484375,0.6769284033250564,0.0
2022-12-16 19:20,221.1249980899737,0.5864192204432377,89.48943263416186,3399,49.99999999999856,0.6900010715114571,0.0
2022-12-16 19:25,221.4430989239221,0.6161196413075868,98.63803527189455,3407,50.0,0.7232514443158462,0.0
2022-12-16 19:30,221.74421844471937,0.5747119122831893,88.30232677209858,3414,50.0,0.6926976775274927,0.0
2022-12-16 19:35,221.43199244838405,0.5664536802450182,87.1819843499333,3422,50.0,0.6972121959531525,0.0
2022-12-16 19:40,222.16403478709486,0.2750606085780005,41.117860027875324,3429,50.0,0.6705664921154411,0.0
2022-12-16 19:45,221.60863466348945,0.4036539838310489,65.30645258666182,3434,50.0,0.7324959231870052,0.0
2022-12-16 19:50,222.4078401075272,0.2774410427923558,41.47091119147191,3438,50.0,0.6700000000354338,0.0
2022-12-16 19:55,221.76576248971486,0.6505267381324844,100.77022950793378,3442,50.0,0.699686279296875,0.0
2022-12-16 20:00,222.0087013621009,0.6433295398915397,97.23701263126708,3447,50.0,0.6782461031447902,0.0
2022-12-16 20:05,222.0495357026548,0.6237228205337324,100.22365587961255,3455,49.90085959892458,0.7228519150082282,0.0
2022-12-16 20:10,222.3378210962395,0.5789723536312492,87.95680462483865,3463,49.987475558413294,0.6859633698370325,0.0
2022-12-16 20:15,222.3868170277159,0.5666066514812815,87.5002807407224,3471,49.99823570027947,0.6977547869991726,0.0
2022-12-16 20:20,223.04708926342735,0.27852346457524635,41.939872165203354,3478,49.99999999999485,0.6750769311275988,0.0
2022-12-16 20:25,221.6689433578281,0.30922306677999833,50.850587513246104,3485,50.0,0.7399951171875,0.0
2022-12-16 20:30,222.77884447252796,0.2766192609652266,41.437289642165375,3488,50.0,0.6700781440745052,0.0
2022-12-16 20:35,222.9818166972684,0.2810929708690675,42.2451703129303,3492,50.0,0.6706414794921876,0.0
2022-12-16 20:40,223.01599497103174,0.6298348156463214,96.17230484558218,3496,50.0,0.6839575195538782,0.0
2022-12-16 20:45,222.5852613161705,0.7471594141828717,121.12828710818901,3502,50.0,0.7282388162266069,0.0
2022-12-16 20:50,222.97172407024237,0.5658866103531863,87.79502395854313,3511,50.0,0.6966218795151915,0.0
2022-12-16 20:55,221.40659843097404,0.5670141633420052,86.48999116533138,3518,50.0,0.6925460341474843,0.0
2022-12-16 21:00,222.3525511871834,0.2773816502888862,41.269976581775765,3526,50.0,0.6700000003915711,0.0
2022-12-16 21:05,221.39965656168033,0.3115211400082164,51.06070988853164,3531,49.91164239638451,0.7399829101562501,0.0
2022-12-16 21:10,223.09815496807437,0.2794198588699003,42.0073982128663,3535,49.99843578844964,0.6700000000020376,0.0
2022-12-16 21:15,222.55194197171136,0.27841726774626413,41.67318153441012,3538,49.999998756960466,0.6700000024071784,0.0
2022-12-16 21:20,222.6022451400229,0.6272859036664991,95.54549309892413,3542,49.99350584707426,0.6840332287599458,0.0
2022-12-16 21:25,222.683760074396,0.6071288447029769,97.76454435223573,3549,49.99999999918509,0.7219266751542908,0.0
2022-12-16 21:30,222.24440896622326,0.5664444282039327,86.77730503485012,3557,50.0,0.6879701953307302,0.0
2022-12-16 21:35,222.04709095272466,0.5650310289751154,85.90227347011543,3565,49.949755859375,0.6846668949822514,0.0
2022-12-16 21:40,222.40450958459297,0.278379279504707,41.52423219268353,3572,49.99999997615814,0.6700000000000002,0.0
2022-12-16 21:45,222.52618942812438,0.31082873520949916,51.404188162221196,3575,50.0,0.7399658203125,0.0
2022-12-16 21:50,222.68875506034362,0.2752764829082978,41.29576836306415,3579,50.0,0.6703369332523934,0.0
2022-12-16 21:55,222.572814715859,0.6404702435380947,99.77941867030614,3583,50.0,0.6999986457826753,0.0
2022-12-16 22:00,222.25992410221983,0.6346279298196189,96.23697108475616,3588,50.0,0.6798271261402855,0.0
2022-12-16 22:05,222.56024800103728,0.5965039273245378,97.06004038946132,3596,49.9700149159276,0.732661803614347,0.0
2022-12-16 22:10,219.96482161648663,0.5593445664964106,85.52930718704468,3603,49.99999998472606,0.6948566364729454,0.0
2022-12-16 22:15,221.38779791422712,0.2755471904357596,41.04107397610845,3611,50.0,0.6700000183193675,0.0
2022-12-16 22:20,221.50068437176458,0.27591604519894375,41.02268874152186,3616,50.0,0.6700002288818361,0.0
2022-12-16 22:25,221.2905361936539,0.31024592980061405,50.89775694836152,3620,50.0,0.7399365234374999,0.0
2022-12-16 22:30,221.4981098337207,0.2775151610996628,41.15765828720474,3623,50.0,0.6700000000081507,0.0
2022-12-16 22:35,221.59509691036618,0.6171964822497964,94.5649014159397,3627,50.0,0.6888545145239356,0.0
2022-12-16 22:40,221.6037303505983,0.5888270769446763,92.1240115329768,3634,50.0,0.7078622990142727,0.0
2022-12-16 22:45,221.45214846246972,0.675388759900051,108.13208267203453,3642,50.0,0.7237081612159926,0.0
2022-12-16 22:50,221.57209679622807,0.2780534830681741,41.246880495300644,3650,50.0,0.6700000000092987,0.0
2022-12-16 22:55,222.9034721671431,0.2770161127965804,41.48728405491413,3654,50.0,0.67,0.0
2022-12-16 23:00,222.8521647063946,0.27786942209200965,41.57894094865351,3657,50.0,0.6700000000000013,0.0
2022-12-16 23:05,222.77523410673996,0.30992306706293093,51.45250130096154,3661,49.99375,0.7448486328125,0.0
2022-12-16 23:10,223.1567734528728,0.6360189290021241,100.64770747049694,3664,49.90000000001167,0.7094757080170052,0.0
2022-12-16 23:15,223.08686654614007,0.6546855525944779,101.54840561787178,3672,49.93064886434929,0.6933149021558012,0.0
2022-12-16 23:20,223.0496856132491,0.5865183227741819,92.6757751720033,3680,49.92677917358202,0.7059976438491922,0.0
2022-12-16 23:25,223.60401280282585,0.325052946701618,54.33745767927877,3688,49.9920499795202,0.7497473981442508,0.0
2022-12-16 23:30,223.65303140389682,0.2783603298146683,41.83695946594436,3695,50.0,0.6700000000326036,0.0
2022-12-16 23:35,223.4633435249479,0.27848484842535354,41.83989438122006,3699,50.0,0.67,0.0
2022-12-16 23:40,222.76228818894276,0.2778602582869426,41.47450688755554,3703,50.0,0.67,0.0
2022-12-16 23:45,223.24590657764406,0.6085032056122012,101.42639558130439,3706,50.0,0.7459765625,0.0
2022-12-16 23:50,223.498868310556,0.6440997839972386,101.51271705453877,3710,50.0,0.7041961392727931,0.0
2022-12-16 23:55,223.68279793802284,0.5832810607293966,92.60805893845408,3719,50.0,0.7102913817863862,0.0
2022-12-17 00:00,223.52661723683514,0.5678245073985362,91.60940501906936,3727,50.0,0.7198437836569058,0.0
2022-12-17 00:05,223.93203991787183,0.3104094448369282,51.765557601642634,3735,49.99316158285359,0.7446097612381026,0.0
2022-12-17 00:10,223.56557751703508,0.27712120878406155,41.698754278412025,3739,49.99998849182157,0.6700000381842415,0.0
2022-12-17 00:15,223.94910428448497,0.2775303602274117,41.85008037789817,3742,50.0,0.6700006104260683,0.0
2022-12-17 00:20,223.5623085439169,0.27827712231001905,41.83746921522771,3746,50.0,0.670000000009332,0.0
2022-12-17 00:25,223.6205032993044,0.6736719248760807,110.6806667891831,3749,50.0,0.7376528346538529,0.0
2022-12-17 00:30,223.94500441273516,0.6002742619375924,94.95108440543947,3757,50.0,0.7069986147752897,0.0
2022-12-17 00:35,223.91115578053467,0.5821029973421672,92.48157305407678,3766,50.0,0.7113706226778009,0.0
2022-12-17 00:40,224.1641189457495,0.27755445926888006,41.91798086028669,3774,50.0,0.6700006136582113,0.0
2022-12-17 00:45,223.97473259316678,0.31191003740177436,51.907787426427475,3779,50.0,0.739453125,0.0
2022-12-17 00:50,223.94007323559302,0.2785472268325165,41.90407496144522,3783,50.0,0.6700001526618369,0.0
2022-12-17 00:55,223.85649495310957,0.27849033354967484,41.873094799056666,3787,50.0,0.67,0.0
2022-12-17 01:00,222.86614664811603,0.6597201186113826,105.55500059421706,3791,50.0,0.7199998092651367,0.0
2022-12-17 01:05,222.7930818525039,0.6851055693175485,110.7753205220715,3796,50.0,0.7233689717215338,0.0
2022-12-17 01:10,222.74547641838183,0.5883864183916367,92.89265686186258,3804,50.0,0.7107136879020556,0.0
2022-12-17 01:15,222.71907060650543,0.579019766308989,91.72018306206664,3812,50.0,0.7085540795368523,0.0
2022-12-17 01:20,222.93860975490634,0.27998486538276546,41.84708053426874,3820,50.0,0.6700000000000002,0.0
2022-12-17 01:25,222.7906671891788,0.31209398662787147,51.418654139000864,3824,50.0,0.73890625,0.0
2022-12-17 01:30,222.8469064181474,0.27895266637327687,41.57194869463443,3827,50.0,0.6700000001490571,0.0
2022-12-17 01:35,222.85858103836938,0.2785085494588178,41.538343021892885,3831,50.0,0.67,0.0
2022-12-17 01:40,222.83306953454425,0.649367176139622,100.49026020135797,3835,50.0,0.6919216580262336,0.0
2022-12-17 01:45,222.56192487458736,0.6242417158436504,102.62299253935095,3843,50.0,0.7374335626944477,0.0
2022-12-17 01:50,222.5433807702585,0.5830212358094846,91.80779720937221,3851,50.0,0.7082240498150272,0.0
2022-12-17 01:55,218.66593113178592,8.202101268507196,1791.888221842508,3859,50.0,0.9999975574783908,0.0
2022-12-17 02:00,223.16705051815165,0.27703273962133124,41.481348050868036,3910,49.9875,0.6700000011925296,0.0
2022-12-17 02:05,222.89934031212601,0.31054338045354046,51.17342365126966,3957,49.99999944516312,0.7378125,0.0
2022-12-17 02:10,223.1009429758763,0.27851663314599545,41.75777072612483,3961,50.0,0.6700000002981141,0.0
2022-12-17 02:15,223.16809133356193,0.6362974615418072,99.49560059721605,3965,50.0,0.6980077743297443,0.0
2022-12-17 02:20,222.99218320758337,0.6108919104616719,96.0431911225354,3971,50.0,0.7033778176808763,0.0
2022-12-17 02:25,223.05336548230667,0.6169225317034808,101.90569848300044,3979,50.0,0.742253090970523,0.0
2022-12-17 02:30,223.30201854408966,0.2783413603035069,41.857549657183554,3987,50.0,0.6712465341705707,0.0
2022-12-17 02:35,223.32983313806713,0.27820979977579735,41.78484506140247,3994,49.99999999999854,0.67,0.0
2022-12-17 02:40,223.08568053303708,0.27839549402740393,41.71461873145062,3998,50.0,0.67,0.0
2022-12-17 02:45,223.14805258023307,0.3099705947028141,50.937407696583556,4001,50.0,0.735625,0.0
2022-12-17 02:50,223.08740080895234,0.6647828362899904,106.25096809087844,4005,50.0,0.7149755865267394,0.0
2022-12-17 02:55,222.91512787073194,0.6522833916036267,100.79376371226112,4010,50.0,0.6910233632316473,0.0
2022-12-17 03:00,223.13942543226912,0.5905190194960273,92.85300577672217,4018,50.0,0.7057480004569834,0.0
2022-12-17 03:05,222.35554822898163,0.6225296613448228,100.77682835794259,4026,49.998430626989105,0.728419222936001,0.0
2022-12-17 03:10,222.66677835754086,0.27898875355727165,41.68942240784623,4034,50.0,0.6700000005962647,0.0
2022-12-17 03:15,222.95351497163537,0.27899615305306913,41.61836526934081,4038,50.0,0.67,0.0
2022-12-17 03:20,222.63594369601597,0.27840519064618185,41.53866129494074,4041,50.0,0.67,0.0
2022-12-17 03:25,222.6117193362433,0.30827429261093675,50.40086400752943,4045,50.0,0.73125,0.0
2022-12-17 03:30,222.8102323443405,0.6498489226066801,100.5640611512418,4049,50.0,0.6950892694023048,0.0
2022-12-17 03:35,222.5645132185229,0.595712896936085,93.13766370097437,4057,50.0,0.701407433572182,0.0
2022-12-17 03:40,223.07725347371257,0.5809463491448006,91.91322494760465,4065,50.0,0.7105517937167638,0.0
2022-12-17 03:45,223.37332696874898,0.3061522179995698,50.136988518044575,4073,50.0,0.7300000000557155,0.0
2022-12-17 03:50,222.90795111177988,0.27948352376025604,41.8847187942605,4078,50.0,0.6700000011925227,0.0
2022-12-17 03:55,222.68158274775777,0.27862573469032226,41.58138268957919,4082,50.0,0.67,0.0
2022-12-17 04:00,222.97342127980113,0.27893944210367244,41.59452165923169,4085,50.0,0.67,0.0
2022-12-17 04:05,222.77494764517365,0.6650920667527177,107.09134269581278,4089,50.0,0.7217104435258079,0.0
2022-12-17 04:10,223.42001941638821,0.6098642679113346,95.3286733645134,4095,50.0,0.6985793599342662,0.0
2022-12-17 04:15,223.57014527458523,0.5894179972780842,92.54053232530427,4104,50.0,0.7038398396549885,0.0
2022-12-17 04:20,223.47423095317484,0.2794540198125939,41.90128959752073,4112,50.0,0.6700622022723945,0.0
2022-12-17 04:25,223.18716144503776,0.30276658490265573,48.67647157059733,4119,50.0,0.7175,0.0
2022-12-17 04:30,223.2187524647388,0.2796131829419211,41.791574191477125,4122,50.0,0.670000002385059,0.0
2022-12-17 04:35,223.27080709604223,0.27913327983082903,41.74089996573804,4126,49.99999999999999,0.67,0.0
2022-12-17 04:40,223.20100139621132,0.6767426251811413,107.59577653321122,4129,50.0,0.7114111328124999,0.0
2022-12-17 04:45,223.1762695296082,0.664985652701521,106.35135885359574,4134,50.0,0.7176787007615417,0.0
2022-12-17 04:50,223.21481726123613,0.5958044549396593,92.53339436358247,4143,49.9999921798706,0.6990538067061423,0.0
2022-12-17 04:55,222.6981871696129,0.5239288130307663,81.27044669064816,4151,49.99990234373811,0.697258605957038,0.0
2022-12-17 05:00,222.9804049232995,0.28075085540300293,41.662816597204376,4159,50.0,0.6687834644316166,0.0
2022-12-17 05:05,222.79526042131621,0.29353732394517384,45.362849804671455,4162,50.0,0.6924608132720005,0.0
2022-12-17 05:10,222.502745031991,0.2802438846148291,41.58278481752986,4166,50.0,0.6699854040169158,0.0
2022-12-17 05:15,221.73484631992602,0.27890527911280705,41.17869018967007,4169,50.0,0.668740234375,0.0
2022-12-17 05:20,221.7260150943356,0.6504315041098349,100.08651078314912,4173,50.0,0.6958890111372056,0.0
2022-12-17 05:25,221.30111182719162,0.5912632431331284,92.58602268896101,4181,50.0,0.7093635717642843,0.0
2022-12-17 05:30,221.29392642290645,0.5870911313886069,91.39231355027418,4189,50.0,0.7038700324503713,0.0
2022-12-17 05:35,221.51596166410633,0.2788446969896752,41.203168586527276,4197,50.0,0.6699999998045731,0.0
2022-12-17 05:40,221.30340299065918,0.2779980936127179,41.07407040754841,4202,50.0,0.6699999952130018,0.0
2022-12-17 05:45,221.47437430202834,0.2780557231962576,41.03067702095174,4206,49.99990234375,0.6699999976158142,0.0
2022-12-17 05:50,221.37766125030925,0.27800404710223947,41.06016857578746,4209,49.99375,0.6700000080755855,0.0
2022-12-17 05:55,221.28615440807278,0.6406267246378523,99.62465105024536,4213,50.0,0.7047224426314642,0.0
2022-12-17 06:00,221.0864280523462,0.6086012859134988,93.36917941991038,4220,49.99999999999996,0.695137458352174,0.0
2022-12-17 06:05,221.304035047028,0.5888320987439222,91.44852258810457,4228,50.0,0.700506258588661,0.0
2022-12-17 06:10,221.3877116680527,0.279920968832275,41.120817260562774,4236,50.0,0.6650000512741936,0.0
2022-12-17 06:15,217.8757151572952,7.224558785283764,1565.72202664837,4242,50.0,0.9615624952311919,0.0
2022-12-17 06:20,221.335422491097,0.40850177963944545,61.88563414558418,4256,50.0,0.6850006034970283,0.0
2022-12-17 06:25,222.01394886799312,0.4367191019904194,67.37199868420466,4326,50.0,0.6924999988032459,0.0
2022-12-17 06:30,221.6742103459644,0.7603308409307921,125.59053760514212,4331,50.0,0.7457917732791975,0.0
2022-12-17 06:35,221.64966028318423,0.7703365732469858,126.78468034410804,4340,50.0,0.7457197482139901,0.0
2022-12-17 06:40,221.73011459951056,0.6881688845673943,113.25915824001788,4351,49.99999923706055,0.7420593739147545,0.0
2022-12-17 06:45,221.7360166165864,0.5852152264885757,90.82473020510656,4361,49.99999999990687,0.7007950927130582,0.0
2022-12-17 06:50,217.56783140337768,9.18284360688428,1989.5666040481296,4369,49.986321639920426,0.9881249999999961,0.0
2022-12-17 06:55,221.00629380386638,2.776393747429506,591.9457376992661,4517,49.99999999981374,0.8874645227740925,0.0
2022-12-17 07:00,213.80877328799,16.830670028467935,3598.6878625402524,4634,50.0,0.9999950843294368,0.0
2022-12-17 07:05,222.3559492634461,0.27638413611034285,41.33017748395832,4775,50.0,0.6700000000931372,0.0
2022-12-17 07:10,222.14427163361677,0.6319120101800174,98.48702865789008,4783,49.99609375,0.699997606293764,0.0
2022-12-17 07:15,221.72455854643437,0.7970409899913641,121.48085771177242,4788,49.99648418426504,0.6900000002281831,0.0
2022-12-17 07:20,221.82344979609258,0.7683764915152143,117.74886944701362,4798,49.9968749977495,0.6900195265938239,0.0
2022-12-17 07:25,221.04996231778605,0.2807658721196871,41.81702923921653,4808,49.99997539073229,0.6725024414062772,0.0
2022-12-17 07:30,221.28042492829084,0.27730783570913464,41.13240907991394,4813,49.99999809265137,0.6700000667711745,0.0
2022-12-17 07:35,221.2522545947906,0.2760151381770266,41.063893961755305,4817,49.99999828058785,0.6700000763137359,0.0
2022-12-17 07:40,222.42663383584303,0.27550268126023003,41.44243826988345,4821,49.94974118694657,0.6792159450717861,0.0
2022-12-17 07:45,221.30406057535492,0.5611040876139004,86.15739671282901,4824,49.9488716912505,0.6938605721062094,0.0
2022-12-17 07:50,221.18022491708473,0.5669769937730877,85.46847827370638,4832,49.97981544188788,0.6807375827276883,0.0
2022-12-17 07:55,220.50343439874672,0.452710124779209,68.7087851927564,4839,49.93558330408928,0.6878150945239134,0.0
2022-12-17 08:00,220.10658947418813,0.2776016008394062,40.935208376442105,4847,49.96179313532734,0.6699999997019768,0.0
2022-12-17 08:05,219.54913310508442,0.27898916721298517,40.84530327337287,4850,49.9000244147379,0.67,0.0
2022-12-17 08:10,219.99941497478125,0.27798826851061553,40.87422032957544,4853,49.91415576051517,0.6700001333933323,0.0
2022-12-17 08:15,219.80044335020852,0.643308165431869,98.08760094238903,4857,49.93920696946517,0.6900085449008838,0.0
2022-12-17 08:20,220.00784548292597,0.5681052376602065,86.3808429503508,4862,50.0,0.6908006826882115,0.0
2022-12-17 08:25,219.64011144642896,0.5675454947730636,85.29345893905011,4869,50.0,0.6845038465870523,0.0
2022-12-17 08:30,219.8827441240797,0.5608326873440242,85.28423542443818,4877,50.0,0.6955300262033777,0.0
2022-12-17 08:35,220.23035505778054,0.2802911776916992,41.31300189529344,4884,50.0,0.6700000000000002,0.0
2022-12-17 08:40,219.36286090027625,0.2782623177366664,40.61451624000867,4888,50.0,0.6648828124997044,0.0
2022-12-17 08:45,219.88072768960387,0.2771534388871206,40.71519957092013,4891,50.0,0.669999999910931,0.0
2022-12-17 08:50,219.3187805424747,0.2796347924192019,40.91474429977398,4894,50.0,0.6684374164720066,0.0
2022-12-17 08:55,219.01160347138548,0.6468143612583521,101.30394964532604,4899,50.0,0.7156874846347571,0.0
2022-12-17 09:00,219.5937378229611,0.6475347268095257,99.44662801520748,4903,50.0,0.6982199332360624,0.0
2022-12-17 09:05,219.18936807763998,0.5896437524908714,91.75812400099755,4911,49.999999236874004,0.7116516900242535,0.0
2022-12-17 09:10,219.17289926296115,0.5785758901399611,90.39809424970824,4919,50.0,0.7138521035231065,0.0
2022-12-17 09:15,219.2209412234733,0.2816661953163243,41.175550349237945,4927,49.9998046875,0.6700000000004573,0.0
2022-12-17 09:20,219.2138868409909,0.2772443796526807,40.48331167029933,4932,50.0,0.6696562447905299,0.0
2022-12-17 09:25,218.98790818291954,0.2777606350260393,40.47385726851753,4935,50.0,0.6675466310977933,0.0
2022-12-17 09:30,219.0748234160182,0.31578700199515486,47.56122819810605,4939,50.0,0.6896095278859138,0.0
2022-12-17 09:35,218.66374394102627,0.6404431611294581,99.89013475071202,4942,50.0,0.7149999974668003,0.0
2022-12-17 09:40,218.86629470743958,0.9094525664891402,139.42036780213536,4948,50.0,0.7025001750176514,0.0
2022-12-17 09:45,218.5437767087122,0.8013833634852667,123.61370098673353,4958,50.0,0.7054347445142365,0.0
2022-12-17 09:50,218.61041494598805,0.2832573208022391,41.26790258172454,4969,50.0,0.66968804396687,0.0
2022-12-17 09:55,218.92808148686225,0.27929389161803897,40.59346435043918,4977,50.0,0.6600000506732611,0.0
2022-12-17 10:00,218.63001971971136,0.2789536072050378,40.49485394795704,4980,50.0,0.6601565932412656,0.0
2022-12-17 10:05,218.8297757978338,0.27797168440872977,40.55681417551624,4983,49.997583514881065,0.6699877630788442,0.0
2022-12-17 10:10,218.94288769355916,0.671515083674503,104.83720549644032,4987,49.999999999889056,0.7102637142688034,0.0
2022-12-17 10:15,218.79547744910417,0.8197922601081478,126.92288565157537,4992,50.0,0.7096887212842193,0.0
2022-12-17 10:20,219.3220163909492,0.31364028965628943,46.43182158114696,5003,49.99970703125,0.6719943249510909,0.0
2022-12-17 10:25,219.2092728983144,0.2794980000960201,40.76430438504005,5013,49.99999999999854,0.6651171874998909,0.0
2022-12-17 10:30,219.13679365995586,0.27916064842228444,40.738185562842816,5016,49.998434448242186,0.6690844732474608,0.0
2022-12-17 10:35,219.1502120568444,0.27806061184044384,40.465343471608975,5020,49.99999999990686,0.6605668270223339,0.0
2022-12-17 10:40,219.77333805337014,0.2798745875922165,40.98197097317414,5024,50.0,0.6699999951569764,0.0
2022-12-17 10:45,219.57174545431593,0.6189051973032054,94.70503591743184,5027,49.99999999981374,0.6964698821888304,0.0
2022-12-17 10:50,219.66748575681362,0.5787477617141575,90.50386764615516,5035,49.999990844656715,0.7094447264572227,0.0
2022-12-17 10:55,219.97447682071913,0.28917944319690136,42.88804283677997,5043,49.94996337890625,0.6713671898513309,0.0
2022-12-17 11:00,220.39675114551665,0.27786108052194564,40.923373756201755,5050,49.95502738240175,0.67,0.0
2022-12-17 11:05,220.11204640453664,0.27699242447881334,40.746249513531154,5054,49.90158414840698,0.6699999999999955,0.0
2022-12-17 11:10,219.56962882335705,0.278335631005255,40.73680223615399,5057,49.99374990459838,0.6698446613550184,0.0
2022-12-17 11:15,219.1303833290375,0.617934516112234,96.63479852547349,5061,50.0,0.7144329833092313,0.0
2022-12-17 11:20,218.82009153141817,0.6276108284309545,95.31028271514427,5065,49.99999998211861,0.6927436018482694,0.0
2022-12-17 11:25,218.91264611964073,0.5896205687206588,90.52372586876088,5073,50.0,0.6990675883937569,0.0
2022-12-17 11:30,218.589861527235,0.29800110876562813,43.70639637280196,5081,49.96171875,0.6706953449880266,0.0
2022-12-17 11:35,219.06103181388036,0.2777099995761251,40.46755991724536,5088,49.996484375,0.6682031218649169,0.0
2022-12-17 11:40,218.97770837135596,0.27807713446791693,40.42204503583923,5092,50.0,0.6600023657770979,0.0
2022-12-17 11:45,219.40794320516176,0.2779523505270428,40.53668642595231,5095,50.0,0.6648510429443559,0.0
2022-12-17 11:50,219.38049184606373,0.5839852991063379,90.94000701609225,5098,49.998676681518546,0.7038935865089292,0.0
2022-12-17 11:55,218.68878692552067,0.6192806766608407,95.70699896296243,5103,50.0,0.7082349502087174,0.0
2022-12-17 12:00,219.20471783562954,0.5887263806364167,90.67000391810078,5111,50.0,0.7027938884784393,0.0
2022-12-17 12:05,219.43255904154734,0.30745111795608715,45.6123487395804,5119,49.914325010962884,0.6719156106077415,0.0
2022-12-17 12:10,218.57487525249633,0.27794392127718887,40.32183593189944,5126,49.99960736954458,0.6603164947032918,0.0
2022-12-17 12:15,218.65171772820003,0.27795910641685717,40.31610163773108,5130,49.990929794308975,0.6600006198907131,0.0
2022-12-17 12:20,218.5358094752649,0.2784772834865663,40.45087379501804,5133,49.937308662405556,0.6626564075802162,0.0
2022-12-17 12:25,217.4118215533145,0.6368418560037882,97.69148122601007,5137,49.97498655280797,0.7084374999999999,0.0
2022-12-17 12:30,217.96366915480522,1.196307721393177,211.77912786480258,5140,50.0,0.8100366022831439,0.0
2022-12-17 12:35,218.25039748988746,1.0459920568104084,189.0475644661448,5157,50.0,0.8296874988078708,0.0
2022-12-17 12:40,218.38684827591862,1.0255914020646264,185.1090653784529,5174,50.0,0.8296949863457848,0.0
2022-12-17 12:45,218.59739083607934,0.5847341035447055,109.80854273495156,5189,50.0,0.8599999999999999,0.0
2022-12-17 12:50,219.06776089771233,0.5819962676357289,109.48072927859572,5198,50.0,0.8600018319860094,0.0
2022-12-17 12:55,218.77547447759716,0.581068764987037,109.11382422213184,5208,50.0,0.86,0.0
2022-12-17 13:00,218.34171645314856,0.8640805923466576,159.4327753161797,5217,50.0,0.8444507789611817,0.0
2022-12-17 13:05,218.45362903658952,1.00960054067514,182.52990118125834,5228,50.0,0.8300000000197905,0.0
2022-12-17 13:10,218.54853051301302,1.0155395535419816,183.547138180985,5243,49.99999999998836,0.8300004649162289,0.0
2022-12-17 13:15,218.96067434726535,0.5868616633541499,110.16243108041942,5258,49.99999999981374,0.8599999999998544,0.0
2022-12-17 13:20,219.14009262765074,0.5847652063653479,109.71955440715246,5270,49.99999999990687,0.86,0.0
2022-12-17 13:25,218.517678606452,0.7363518390584038,147.27168962365968,5279,49.999999998509885,0.9178348159790393,0.0
2022-12-17 13:30,219.04252638166577,0.584048155692489,109.83249843766305,5289,49.999999886006115,0.8600048839999359,0.0
2022-12-17 13:35,219.1785358385241,0.9057758479140554,167.8419115740707,5299,49.94838864637404,0.8465624999999999,0.0
2022-12-17 13:40,215.23107947152002,8.462047339809272,1815.315087110377,5309,49.9999373873812,0.9999991418470019,0.0
2022-12-17 13:45,219.37959467872724,0.9295516468151462,142.73370817802032,5371,50.0,0.7028570652008339,0.0
2022-12-17 13:50,219.38227340977,0.8021642344847162,123.90933775113274,5401,50.0,0.7042992683391317,0.0
2022-12-17 13:55,218.17121209146976,0.6919588320179504,140.86869001544656,5413,50.0,0.89,0.0
2022-12-17 14:00,219.53593503395365,0.8126563853741304,172.37367354009075,5417,50.0,0.9699999996824763,0.0
2022-12-17 14:05,219.1396231398864,0.8099636749987176,171.483612587303,5431,50.0,0.97,0.0
2022-12-17 14:10,219.3960952766294,0.8105544785110885,171.82052154541816,5445,50.0,0.97,0.0
2022-12-17 14:15,219.9875112997974,0.27709082093570403,40.56756458831078,5460,49.99999999990687,0.6649999999998966,0.0
2022-12-17 14:20,215.7560587857967,8.121580890511982,1584.3419712243922,5466,49.99375,0.9025406923160822,0.0
2022-12-17 14:25,216.2513745538016,5.704670708779357,1112.0680415517065,5554,49.99999999990687,0.8158579467238565,0.0
2022-12-17 14:30,214.14129570335837,9.698211301424813,1292.7368675189919,5598,49.99999999999905,0.6239056540843672,0.0
2022-12-17 14:35,219.11582255306416,0.6730456799979305,103.75844270382078,5639,49.999999998224474,0.7016829104455138,0.0
2022-12-17 14:40,219.23088333375398,0.8367724267765203,141.50983349686757,5660,50.0,0.7109110335331619,0.0
2022-12-17 14:45,212.53049122904935,11.977680917284815,2357.468745673399,5769,49.99990234370343,0.9116094837892453,0.0
2022-12-17 14:50,218.38971937385725,0.2925210443720435,42.933135570702746,5858,50.0,0.6705997216749435,0.0
2022-12-17 14:55,218.5636971415871,0.4686625701528391,92.31701987843509,5890,49.992466717757814,0.9001831740140367,0.0
2022-12-17 15:00,217.86137868395275,0.4938588158510515,93.82114832615815,5895,49.99999990463257,0.8700097656296568,0.0
2022-12-17 15:05,218.11936610734176,0.4313681031434027,80.37599078743784,5903,50.0,0.8564849281311036,0.0
2022-12-17 15:10,218.53261460757017,0.6911643915129011,107.4681147774509,5910,50.0,0.7100493239605414,0.0
2022-12-17 15:15,217.58449407241216,0.6676386795257303,101.4778653402735,5917,49.999999666036146,0.6986329764492061,0.0
2022-12-17 15:20,218.41508182169218,0.5943414315293657,91.54827497233751,5925,49.91560668944982,0.7077301894865109,0.0
2022-12-17 15:25,218.1472054380232,0.5814485886203247,90.38835394966065,5933,49.999999976158136,0.7099070740479141,0.0
2022-12-17 15:30,219.57655850615586,0.285148363601487,41.24724038883657,5940,50.0,0.6601563072204408,0.0
2022-12-17 15:35,218.97280004673635,0.2812653960732857,40.549318163301,5945,50.0,0.6599999976158142,0.0
2022-12-17 15:40,218.6490925134138,0.28100833111919954,40.69635745730035,5948,50.0,0.66,0.0
2022-12-17 15:45,219.32520171554893,0.44057725891957145,65.90604523057775,5951,49.99960937491842,0.6799975592072587,0.0
2022-12-17 15:50,218.82369059912006,1.029452171606045,168.22786369933783,5956,49.91376495361287,0.7447534365625961,0.0
2022-12-17 15:55,217.96501572072955,1.0115006654752134,164.64009949137693,5969,49.91279315965713,0.7498885225449305,0.0
2022-12-17 16:00,218.8676032800778,0.9067402292123119,149.3055665325029,5983,49.994199323548315,0.7504746139382055,0.0
2022-12-17 16:05,215.19906794983905,8.099440713207049,1741.2066896516862,5995,50.0,0.9999947929126215,0.0
2022-12-17 16:10,218.96977524989217,0.3044690556251065,44.39977534470588,6042,50.0,0.6618751425297298,0.0
2022-12-17 16:15,219.77302309675244,0.27750012279502734,40.59683701173893,6057,49.999987029226034,0.6648327445991222,0.0
2022-12-17 16:20,220.18172870505623,0.2776229864585267,40.66707254358922,6060,49.99997558593732,0.6643638077062133,0.0
2022-12-17 16:25,220.8422252118915,0.9323190512049999,144.40409767950536,6063,49.99882812499962,0.7012501151114706,0.0
2022-12-17 16:30,220.61206886856394,0.8641976600201384,140.2353996408351,6074,50.0,0.7345302199938146,0.0
2022-12-17 16:35,220.85911070782637,0.42204469515067866,62.687529789554006,6085,50.0,0.6700050926487897,0.0
2022-12-17 16:40,220.189505664332,0.2793127602944597,40.995310498129314,6094,50.0,0.6700000000000002,0.0
2022-12-17 16:45,219.5752211177541,0.41401415898370386,61.64749085785894,6098,49.99999999944121,0.6800176620483398,0.0
2022-12-17 16:50,220.65591334786447,0.2802523854283047,41.296832979557564,6103,50.0,0.6703956317738118,0.0
2022-12-17 16:55,220.8284623430252,0.6755895921905506,106.41552642507867,6109,50.0,0.7103125309944153,0.0
2022-12-17 17:00,219.8118906853944,0.9378117814241295,144.024202462152,6115,49.95,0.6987794448799018,0.0
2022-12-17 17:05,220.01899115995303,0.8190861404369814,125.83640338783184,6127,49.999999999998906,0.6999999603628473,0.0
2022-12-17 17:10,219.96098189033788,0.2827619837095534,41.5768624044245,6138,50.0,0.6704933929070376,0.0
2022-12-17 17:15,219.72216339280305,0.2804531249231696,40.84003894779885,6145,50.0,0.660000000004038,0.0
2022-12-17 17:20,220.08273437079,0.28051794340510605,41.08321832267237,6148,49.99843749999991,0.6649902381748236,0.0
2022-12-17 17:25,219.9256592467838,0.27990628362447006,40.87025751769322,6152,50.0,0.660150604248047,0.0
2022-12-17 17:30,220.6639728701267,0.6437490733139872,99.89798378376423,6155,50.0,0.706719052800757,0.0
2022-12-17 17:35,220.3799066057581,0.5873004454824564,91.51055141482308,6162,50.0,0.7088015484809468,0.0
2022-12-17 17:40,220.04787569273518,0.5840315055541121,91.1095557698265,6170,49.999999999789,0.7098497009100173,0.0
2022-12-17 17:45,220.08097406764233,0.2833927000749752,41.51643747454019,6178,50.0,0.6650000000001073,0.0
2022-12-17 17:50,220.3226915853851,0.28788074854045276,42.320050997950965,6183,49.98719996921712,0.6707519030527511,0.0
2022-12-17 17:55,220.3529167315146,0.27900248240050846,40.971298811771646,6187,49.99999999999998,0.6694973502681072,0.0
2022-12-17 18:00,220.3024008280484,0.27868255902882094,40.9488481078773,6190,50.0,0.6699218559257496,0.0
