date,voltage,current,power,energy,frequency,power_factor,alarm
2022-12-15 17:28,223.66235888043138,0.687935594724239,103.46975530698751,8902,49.921875,0.6700388717655825,0.0
2022-12-15 18:40,218.65301507253372,9.344939708496423,2036.3667613400658,9142,49.999999999997996,1.0,0.0
2022-12-15 18:45,222.610162817979,1.2633424410523535,193.4290904377022,9312,50.0,0.6901396751357242,0.0
2022-12-15 18:50,222.81133095093423,1.0993264454213925,170.98639917583563,9449,49.999999999254825,0.6992898559496253,0.0
2022-12-15 18:55,221.76998748012562,1.172838267795654,184.60660622303345,9463,50.0,0.7074999862389865,0.0
2022-12-15 19:00,223.08714609956175,1.2892437450729313,198.56618097207382,9480,49.9748046875,0.6900000099461249,0.0
2022-12-15 19:05,223.18387169584693,0.8172277986565953,125.73908845846246,9495,49.913317876030334,0.6886579771339938,0.0
2022-12-15 19:10,222.87034959151413,1.3004524545655531,195.83075690098678,9510,49.981142591501204,0.6775000000000015,0.0
2022-12-15 19:15,222.9989335166248,1.2940900349286846,196.0342840036909,9526,49.94955978337312,0.6800001046189572,0.0
2022-12-15 19:20,223.74605929897368,1.079826874144364,170.5934314442054,9541,49.99999594984114,0.7067559257149696,0.0
2022-12-15 19:25,223.90573521705903,1.3062385144573567,196.31454904842775,9556,49.999999999999496,0.6700000001280613,0.0
2022-12-15 19:30,224.26622594701897,1.2913522689494386,196.01797523499636,9572,50.0,0.6800182283250364,0.0
2022-12-15 19:35,222.94808539245577,1.0752967989586182,169.3178760003675,9586,50.0,0.7049121093749999,0.0
2022-12-15 19:40,224.13867873788206,1.077230177033972,153.90702336916826,9602,50.0,0.6350000013971995,0.0
2022-12-15 19:45,224.12047769085405,0.7810242164869354,108.42858809016884,9616,50.0,0.6160213206033207,0.0
2022-12-15 19:50,224.12669609398412,0.7283727973410675,101.31774728253077,9624,50.0,0.6187500023841859,0.0
2022-12-15 19:55,224.10306283758155,0.8939695710026481,122.0472513127245,9634,50.0,0.6100927534667242,0.0
2022-12-15 20:00,223.34801495904532,0.8718520911942214,122.41261870302215,9643,50.0,0.629995114132762,0.0
2022-12-15 20:05,224.58730427088864,0.28823789148792894,42.22369618852342,9653,49.9000031224075,0.6498283863068295,0.0
2022-12-15 20:10,224.71329340822686,0.5140159683573167,71.82751757763509,9659,49.961967414769994,0.624066162774104,0.0
2022-12-15 20:15,223.86499488617028,0.5050854868502128,69.52207042189892,9664,49.99999999988345,0.6150000000000881,0.0
2022-12-15 20:20,219.41002212243757,9.009843746287594,1973.336219107775,9670,49.99999997913809,0.9999992796404681,0.0
2022-12-15 20:25,221.25290280523365,7.0174175043675575,1553.454529355295,9730,49.99999999687951,1.0,0.0
2022-12-15 20:30,224.1776481921762,0.32336160972208194,42.34715910474302,9893,50.0,0.5843778898645541,0.0
2022-12-15 20:35,224.3683521490613,0.22498323842713353,26.991413274660168,9899,49.99998092651367,0.5304788233354347,0.0
2022-12-15 20:40,224.30672896593097,0.22546239745348173,27.059515017055773,9902,50.0,0.5329296875058682,0.0
2022-12-15 20:45,224.72924500471703,0.22509391784295735,26.967489816559755,9904,50.0,0.5303127313032838,0.0
2022-12-15 20:50,224.64616952272002,0.23325135460409757,29.72389871039109,9906,50.0,0.5700006104268456,0.0
2022-12-15 20:55,224.87814087779054,0.24298081232671564,31.347830639978113,9909,50.0,0.5700146484373545,0.0
2022-12-15 21:00,225.05317355006537,0.24319545883668076,31.40820621299179,9911,50.0,0.5700390911149054,0.0
2022-12-15 21:05,224.74011252706086,0.24228514219087222,31.268947829402833,9914,49.90011297618116,0.5734426283827969,0.0
2022-12-15 21:10,224.5575477713113,0.818928986883644,129.77132652022746,9917,49.99197726270689,0.7087449634060513,0.0
2022-12-15 21:15,224.21469326453382,0.8270555421823507,129.16132950411605,9924,50.0,0.6999999999999977,0.0
2022-12-15 21:20,224.30059895960704,0.7869013196903984,121.52025394437635,9935,49.99999994023651,0.690000000074501,0.0
2022-12-15 21:25,223.24501785368236,0.7350632252518461,110.77032747847954,9946,50.0,0.675,0.0
2022-12-15 21:30,224.8811366527616,0.7312131152623274,108.11291865630737,9955,50.0,0.6600000005960478,0.0
2022-12-15 21:35,225.02997378994772,0.7229839973256162,106.85423386005775,9964,49.99921867784247,0.659970703125,0.0
2022-12-15 21:40,224.34408941482042,0.7214983272971819,106.46022559800227,9973,50.0,0.6599995422363281,0.0
2022-12-15 21:45,224.78422961446773,0.7279155518291203,106.15904650996663,9982,50.0,0.6500000000465864,0.0
2022-12-15 21:50,225.4762095720838,0.730026569251942,106.22240121954799,9991,50.0,0.6456253528594971,0.0
2022-12-15 21:55,225.6483409687006,0.727688159800351,106.50774806149482,10000,50.0,0.6499999999999999,0.0
2022-12-15 22:00,225.5118096368157,0.723013256789851,105.98169118714303,10009,50.0,0.6499999988102354,0.0
2022-12-15 22:05,223.24203820452504,0.6989403520035973,97.36541425886246,10018,49.92661132905694,0.6200781250745444,0.0
2022-12-15 22:10,222.83416726249945,0.6980092705872228,97.01665830715396,10026,49.99999917633268,0.6206417743815109,0.0
2022-12-15 22:15,222.8847719964224,0.6919787704277103,97.04555757959545,10034,49.99999959222096,0.6299998536892235,0.0
2022-12-15 22:20,223.24684902249555,0.6852275885169172,96.99836514565607,10042,50.0,0.6312452697753905,0.0
2022-12-15 22:25,223.09295418380594,0.6847132644669099,96.86637094324186,10050,50.0,0.6300003052643264,0.0
2022-12-15 22:30,223.74812597116335,0.6874766613699685,97.05247539041659,10059,50.0,0.6300000000000092,0.0
2022-12-15 22:35,223.98167659463564,0.6920974606934378,97.87478280818658,10067,49.999999999999865,0.63,0.0
2022-12-15 22:40,223.92286595753382,0.6937593224217461,97.90138118726071,10075,50.0,0.629999999999709,0.0
2022-12-15 22:45,223.8168818506524,0.6879726402906179,97.50238727692415,10083,50.0,0.6300390625000001,0.0
2022-12-15 22:50,223.76330191264515,0.6929412721373274,97.78520147472138,10091,49.975,0.6304492187499999,0.0
2022-12-15 22:55,224.13835982213124,0.6851972056533386,97.54991344930838,10099,50.0,0.6374963378859595,0.0
2022-12-15 23:00,223.6839783079752,0.6857790708852026,97.6384288368393,10107,50.0,0.6399609374488491,0.0
2022-12-15 23:05,223.85604409759634,0.6839771881874358,97.74572240177451,10116,49.97364027408839,0.6399999999999999,0.0
2022-12-15 23:10,224.78294262858864,0.6890040534243247,97.74410713855812,10124,49.95,0.6300000011920759,0.0
2022-12-15 23:15,224.78448809135654,0.6503725410770885,82.62447425322996,10132,49.91474785972973,0.5624685752391816,0.0
2022-12-15 23:20,224.6110278698657,0.21140747094835088,23.54235190010682,10140,49.99843702268669,0.5000024420037518,0.0
2022-12-15 23:25,224.3061266601201,0.21200445652028366,23.52695516141971,10143,49.99999988961022,0.49261187412703294,0.0
2022-12-15 23:30,224.77492646017419,0.2120156341064729,23.647246276473346,10145,50.0,0.49925571919195827,0.0
2022-12-15 23:35,224.42268060451403,0.21203128053243925,23.546232023644215,10147,50.0,0.4924198327023247,0.0
2022-12-15 23:40,224.52085327468424,0.2115632522702799,23.508778125429934,10149,50.0,0.4952429229396047,0.0
2022-12-15 23:45,224.4093661977846,0.21094435880176032,23.383903692329863,10151,50.0,0.49018707757699387,0.0
2022-12-15 23:50,224.32498630643403,0.21101465031606542,23.28711033901277,10153,50.0,0.4900781440828041,0.0
2022-12-15 23:55,224.2261630919309,0.20898519325443476,22.91855459399351,10155,50.0,0.49062515258790884,0.0
2022-12-16 00:00,224.69501922112056,0.20944162002213212,23.049216865761167,10157,49.975,0.490001220703125,0.0
2022-12-16 00:05,224.5687056140871,0.20800000047692452,22.90048743894404,10159,49.929321378339594,0.4900000023841858,0.0
2022-12-16 00:10,224.89335649218634,0.2076331615471273,22.875805718409698,10161,49.99901933760859,0.49007812500465775,0.0
2022-12-16 00:15,224.67324032629745,0.2078124866560116,22.925016829059288,10163,50.0,0.490312500037262,0.0
2022-12-16 00:20,224.93785998024043,0.2087458619177205,23.17460931262986,10165,49.99999985694883,0.49250000000007277,0.0
2022-12-16 00:25,224.9760042584449,0.2080009768010932,22.933276540520538,10167,49.99873046875,0.4900048828130822,0.0
2022-12-16 00:30,225.01386105578945,0.2080117206577719,22.903736141134523,10169,50.0,0.49003907203674313,0.0
2022-12-16 00:35,225.09344087302986,0.6922198559083058,97.28578240391695,10170,49.99999999992939,0.6203907013335357,0.0
2022-12-16 00:40,224.79099615771324,0.7991237350633159,121.41090655757651,10173,50.0,0.6799951171682539,0.0
2022-12-16 00:45,224.90371906406438,0.7902710066446081,119.6008370312847,10183,50.0,0.6700781172402641,0.0
2022-12-16 00:50,224.54818292080546,0.731840626629966,106.00414808466248,10193,50.0,0.642500038147009,0.0
2022-12-16 00:55,224.87891311582638,0.7130610487979672,100.32760390587131,10203,50.0,0.6300000000006003,0.0
2022-12-16 01:00,224.1470639894534,0.7039979408716275,98.50409795691272,10211,50.0,0.621268294416659,0.0
2022-12-16 01:05,224.2146523777448,0.7034912730262983,98.15827153115544,10219,49.9275752627947,0.6200469969957703,0.0
2022-12-16 01:10,223.9166355230251,0.689075599299839,97.62080221993602,10228,49.99963109799346,0.6303124999999994,0.0
2022-12-16 01:15,224.13007384814483,0.6904541995519909,97.28422019003389,10236,49.99999999580905,0.63,0.0
2022-12-16 01:20,223.97091242928866,0.7016136908027799,97.57469561630847,10244,50.0,0.6200000000000006,0.0
2022-12-16 01:25,224.1951822009121,0.6968664913256294,97.41383482707904,10252,49.99999999999993,0.6200000005960464,0.0
2022-12-16 01:30,224.26234149605375,0.695984026102225,97.0590618975257,10260,50.0,0.6200000000011641,0.0
2022-12-16 01:35,224.39449092947166,0.7019250018059455,97.34654599272069,10268,49.99999999998779,0.62,0.0
2022-12-16 01:40,224.21578775092902,0.7015377828265728,97.16963990880342,10276,50.0,0.6199999999976717,0.0
2022-12-16 01:45,224.672746648386,0.7011883980485157,97.60408825512839,10285,50.0,0.62,0.0
2022-12-16 01:50,224.56216124449793,0.6983334746333805,97.08154408149706,10293,50.0,0.62,0.0
2022-12-16 01:55,224.39951272330222,0.6990896861392131,97.07838039349531,10301,50.0,0.62,0.0
2022-12-16 02:00,224.26058475311623,0.7003803469219242,97.10810847781337,10309,50.0,0.62,0.0
2022-12-16 02:05,224.2806847474714,0.6954064084541787,97.11493819593179,10317,49.99999999906849,0.62,0.0
2022-12-16 02:10,224.1352190922189,0.695222516336168,97.08126699930433,10325,49.99999999999998,0.6200390625000001,0.0
2022-12-16 02:15,224.49345005494757,0.6988347951456646,97.09984509339773,10333,50.0,0.6200000000000012,0.0
2022-12-16 02:20,224.20000851963127,0.7005439989507527,96.95899450198951,10342,50.0,0.62,0.0
2022-12-16 02:25,224.44137992561204,0.6992070666744177,97.25189168980364,10350,50.0,0.62,0.0
2022-12-16 02:30,224.24071062600817,0.6991786252110699,96.92779527192273,10358,50.0,0.62,0.0
2022-12-16 02:35,224.55000579207575,0.7005201309954197,97.12434139810973,10366,49.99994812011683,0.6199951171875,0.0
2022-12-16 02:40,224.59846249294355,0.6968578050970489,97.032476345802,10374,49.99999999999854,0.62,0.0
2022-12-16 02:45,224.49524543167405,0.6969079656039969,97.2041313845191,10382,50.0,0.62,0.0
2022-12-16 02:50,224.68871090365747,0.69500475713103,96.96974405208694,10390,50.0,0.62,0.0
2022-12-16 02:55,224.74237019705913,0.7007005273564066,97.094293364279,10398,50.0,0.6200000000000001,0.0
2022-12-16 03:00,224.31638227568476,0.7012119493260551,97.04360221372903,10407,50.0,0.62,0.0
2022-12-16 03:05,224.37023736347027,0.702756888787322,97.14631568089419,10415,49.9624999995779,0.6198571562767028,0.0
2022-12-16 03:10,223.75871564761133,0.6608817882499546,81.81613523917125,10423,49.99999999999975,0.5500000000081491,0.0
2022-12-16 03:15,223.54709447662322,0.20988116550383779,22.82421989752482,10430,50.0,0.49000000000104776,0.0
2022-12-16 03:20,223.8885180819131,0.2091718647628884,22.895403792250498,10433,49.90759265422821,0.4900390625000023,0.0
2022-12-16 03:25,223.73689610593635,0.20918754714425097,22.862751769636468,10435,49.999987792409954,0.4906250000000182,0.0
2022-12-16 03:30,223.89567695223747,0.21049999946405296,23.253951600570815,10437,49.9873046875,0.4949998474121094,0.0
2022-12-16 03:35,223.67335452895765,0.6848905029193848,94.58742731080858,10439,49.9999990940094,0.6202148437499999,0.0
2022-12-16 03:40,223.59284282842418,0.6850576560557928,94.16606128303086,10442,49.99999845090984,0.6149999999994937,0.0
2022-12-16 03:45,223.6539627988514,0.20906190116394519,22.81545703576453,10450,49.99999956907705,0.49000016976147887,0.0
2022-12-16 03:50,223.88049974005656,0.20893824778443376,22.90160528721263,10455,49.994921720027925,0.490000000298096,0.0
2022-12-16 03:55,223.90899088981257,0.2089999999126303,22.82509810945176,10457,49.99999847365541,0.4900000000005821,0.0
2022-12-16 04:00,223.42344790838413,0.20978482246818042,22.829882994024846,10459,50.0,0.4899804687546577,0.0
2022-12-16 04:05,223.3724464715775,0.20906585696479563,22.790287576357414,10461,50.0,0.4903124999903866,0.0
2022-12-16 04:10,223.10353418429003,0.20998455812035716,22.916622169032316,10462,50.0,0.4918141936970642,0.0
2022-12-16 04:15,222.90406191496083,0.20900106734766083,22.772224946542345,10464,49.99999847412109,0.49000478386878965,0.0
2022-12-16 04:20,223.17931462656685,0.2090078145903536,22.765809713211368,10466,50.0,0.49003907203674313,0.0
2022-12-16 04:25,223.10950129371787,0.20828126526065666,22.683942866561527,10468,50.0,0.49000007631257175,0.0
2022-12-16 04:30,223.0510101383094,0.20828032693428583,22.777360556199937,10470,49.99999998547136,0.4900000001490116,0.0
2022-12-16 04:35,222.66948253439045,0.20845313895008438,22.68744011548994,10472,49.99974364638329,0.49000000000029104,0.0
2022-12-16 04:40,222.2819350311841,0.7197558720642688,104.06675697618635,10474,49.962518668127814,0.6496826268010778,0.0
2022-12-16 04:45,221.83529742478711,0.8001843212710169,120.1570015669248,10479,49.99343872025979,0.6799999999999999,0.0
2022-12-16 04:50,221.72804401474295,0.7754203015599465,115.48570212701789,10489,49.999999999999815,0.6701660156249989,0.0
2022-12-16 04:55,221.4561081796597,0.7142358258217726,103.01801389590818,10499,50.0,0.6500011825561536,0.0
2022-12-16 05:00,221.14067089797214,0.7030642351604812,98.70288784290369,10508,50.0,0.6364062553597578,0.0
2022-12-16 05:05,222.59912474979336,0.6918572225660424,98.11153356493678,10516,50.0,0.6399999999999932,0.0
2022-12-16 05:10,222.32426540386132,0.6863787079439623,97.43033855280882,10524,49.99896697886288,0.6399999999994908,0.0
2022-12-16 05:15,224.0870564547061,0.6791881955662462,97.72644345367962,10533,49.9999965905108,0.6400000000001456,0.0
2022-12-16 05:20,224.21238945640937,0.6780419304307348,97.28669490360423,10541,49.999999999997044,0.6400000000000003,0.0
2022-12-16 05:25,223.3210599759708,0.8625208420928633,147.00130549392023,10549,49.94999798368663,0.74,0.0
2022-12-16 05:30,223.4670452799176,0.6729532328512631,96.8159696590329,10557,49.99999225083896,0.6423046874907283,0.0
2022-12-16 05:35,223.044077231491,0.6766294401628687,97.05844070898814,10566,49.953076171875,0.6400697282148757,0.0
2022-12-16 05:40,222.40574315317514,0.6649649109490712,96.52516204981981,10575,49.97008153571801,0.6500097656245476,0.0
2022-12-16 05:45,222.62478613944722,0.6666235520893774,96.6286280575963,10583,49.99751571490691,0.65,0.0
2022-12-16 05:50,221.68507438729273,0.6651613709349187,96.61658579681003,10591,49.91668330687061,0.6575,0.0
2022-12-16 05:55,221.5882788960454,0.6639232497359709,96.70575695300914,10599,49.99160155653953,0.6599273884296419,0.0
2022-12-16 06:00,222.1350097784462,0.66422758826055,96.53918729261298,10607,49.999999997018996,0.6503887939453126,0.0
2022-12-16 06:05,221.07784068532737,0.6629214158833495,96.39410358916429,10615,50.0,0.659997229427105,0.0
2022-12-16 06:10,220.55063850673477,0.6625089810786976,95.97281950040083,10623,49.98956319943536,0.6600000840413851,0.0
2022-12-16 06:15,221.17799711883265,0.659323771226303,96.61867566572698,10631,49.993710322677295,0.6599999999813826,0.0
2022-12-16 06:20,220.99120987175928,0.6589599084362976,96.49227039769954,10639,49.99833984375,0.66,0.0
2022-12-16 06:25,222.30310372922804,0.6508041876156678,96.65619755354922,10647,49.959259546708,0.6698461914062501,0.0
2022-12-16 06:30,222.6267818868521,0.6012872737651982,81.5428702395563,10655,49.954790102045806,0.6099999621260204,0.0
2022-12-16 06:35,222.89846176698336,0.21100000000000296,22.85315007948539,10663,49.9733811669048,0.4853151605363673,0.0
2022-12-16 06:40,222.5495885873755,0.21199999998137353,22.803135741677607,10665,49.91917528558109,0.4803126586961601,0.0
2022-12-16 06:45,223.15999454006908,0.2110001219510741,22.898590875836366,10667,49.92495435216729,0.4898419238304183,0.0
2022-12-16 06:50,222.84867659260095,0.21000762316584587,22.833379696761114,10669,49.90895986253744,0.4899804685995768,0.0
2022-12-16 06:55,222.5834015628255,0.21050780964455112,22.850000089918456,10671,49.99687488600599,0.4899993896484375,0.0
2022-12-16 07:00,223.20186490460702,0.21199875067844548,22.94962331866877,10673,49.9999755859375,0.4850006028987991,0.0
2022-12-16 07:05,223.12013723822324,0.21199999994039465,22.90219722751648,10675,50.0,0.4802197275200041,0.0
2022-12-16 07:10,222.25018543613396,0.2109282836028143,22.799584138824336,10677,49.990555953979495,0.48996093153254605,0.0
2022-12-16 07:15,223.3031657231786,0.21099999973259786,22.943429768329967,10679,49.90954398475553,0.4893527603149414,0.0
2022-12-16 07:20,221.84315781492546,0.20925000000039268,22.712991808403586,10680,49.90000000001746,0.49,0.0
2022-12-16 07:25,222.72572618207238,0.21000000000000002,22.861065912945115,10682,49.9,0.49,0.0
2022-12-16 07:30,221.82214123375536,0.21099511717267877,22.79976597176624,10684,49.9855681381247,0.48999999999941785,0.0
2022-12-16 07:35,221.61307210496665,0.21072654819936354,22.76638050712667,10686,49.94881579926641,0.49,0.0
2022-12-16 07:40,221.78886429612805,0.21098437500558792,22.800927782618288,10688,49.96207189557426,0.49,0.0
2022-12-16 07:45,221.73660456688293,0.21010533322850833,22.774890705631883,10690,49.9749999997939,0.49,0.0
2022-12-16 07:50,222.2692081280197,0.2106093747642952,22.873438406123018,10692,49.99959257915616,0.49,0.0
2022-12-16 07:55,222.6718327520246,0.7876739942339663,121.2256171854338,10694,49.94842450129289,0.6902294072506097,0.0
2022-12-16 08:00,222.83877586121633,0.7887173053842544,120.40428114976326,10701,49.99755717626628,0.6849609375000001,0.0
2022-12-16 08:05,222.9273065816007,0.7347563386224876,110.14508761134917,10711,49.99921569824146,0.6708984376193892,0.0
2022-12-16 08:10,222.8441773652039,0.7017148639393661,101.3353703696645,10721,49.9999999998108,0.6500000667832502,0.0
2022-12-16 08:15,223.49087653653015,0.6886578557081875,98.82512231556606,10730,50.0,0.6400002183014295,0.0
2022-12-16 08:20,222.77031449405024,0.6861582507854271,97.98128033239126,10738,49.97440756181931,0.6400292968750001,0.0
2022-12-16 08:25,223.28574282949089,0.6771094568896314,97.97416431325746,10746,49.98686523437358,0.6500000000143031,0.0
2022-12-16 08:30,222.99681010125877,0.6708652840177961,97.25227449296102,10755,49.99999998454005,0.6499984967707839,0.0
2022-12-16 08:35,223.72990058885583,0.6707394228800199,97.40150587575648,10763,49.97670343481004,0.65,0.0
2022-12-16 08:40,224.58607357083133,0.6664321016222701,97.56937089939194,10772,49.99999999998834,0.650001203333959,0.0
2022-12-16 08:45,223.01729842179788,0.6646856365243914,97.03662595484958,10780,50.0,0.65062255859375,0.0
2022-12-16 08:50,222.98075957400854,0.6720321829509557,96.93764260393775,10788,49.999935910105705,0.6500000000000001,0.0
2022-12-16 08:55,222.6080800123852,0.675353610802409,96.90692054849022,10796,49.99833984300494,0.6423290189964064,0.0
2022-12-16 09:00,222.74193339963654,0.6740535970868211,96.93279538466662,10804,49.949999237060496,0.645078125,0.0
2022-12-16 09:05,223.02960789937939,0.32225069556557717,38.79173461889215,10812,49.940627861535475,0.5225000000000025,0.0
2022-12-16 09:10,224.28963880962584,0.2093349609058267,22.87387550168768,10819,49.99999999997669,0.4899607735872269,0.0
2022-12-16 09:15,223.0166988399967,0.20977819828483846,22.802220926596874,10821,50.0,0.4898437499975443,0.0
2022-12-16 09:20,223.21383471190234,0.6625609710259797,94.47292211093009,10823,49.99913597106933,0.6400000226497651,0.0
2022-12-16 09:25,222.18591965358135,0.6651494358956376,94.08599229502015,10827,49.99999980926223,0.6400000001117223,0.0
2022-12-16 09:30,222.13092631404413,0.21000000014854892,22.713342981585342,10835,50.0,0.4900000000434903,0.0
2022-12-16 09:35,222.47694152340017,0.20900428009789906,22.787499648469435,10840,49.92499999990649,0.49,0.0
2022-12-16 09:40,222.42912451854664,0.20999951171772402,22.750366133820165,10842,50.0,0.49,0.0
2022-12-16 09:45,222.65821087740008,0.20901213747356107,22.70016896478498,10843,50.0,0.489921720027923,0.0
2022-12-16 09:50,221.81258733692172,0.21000000000349417,22.69993289624108,10845,50.0,0.4899999999906868,0.0
2022-12-16 09:55,222.07267245541837,0.21000048828125,22.70004958516533,10847,50.0,0.4899999237060498,0.0
2022-12-16 10:00,223.01225885106788,0.20993750000424916,22.806631830660606,10849,50.0,0.48999877927708435,0.0
2022-12-16 10:05,223.29045397350575,0.2090038061143482,22.784088136291373,10851,49.99433204148518,0.49,0.0
2022-12-16 10:10,223.5002753192121,0.20991408039303538,22.82949388064426,10853,49.9999999999767,0.49,0.0
2022-12-16 10:15,223.33763669263928,0.2099802703836431,22.814870483288615,10855,50.0,0.49,0.0
2022-12-16 10:20,223.20339631194014,0.2100009725615382,22.85437014080219,10857,49.99999577403069,0.48999999998137356,0.0
2022-12-16 10:25,223.27176713637493,0.20999230575561706,22.79606894585509,10859,50.0,0.4896875,0.0
2022-12-16 10:30,223.2673313379245,0.2103127441110555,22.75761795644358,10861,49.999609375,0.48247802734360445,0.0
2022-12-16 10:35,223.10238188084742,0.20999943542480476,22.774612426109243,10863,49.99838561563809,0.4874609374249119,0.0
2022-12-16 10:40,223.0995867056709,0.20999998475436588,22.848634053114157,10865,49.99921836852991,0.48986021041752736,0.0
2022-12-16 10:45,222.751016229475,0.6593455544188638,95.40971099995096,10866,49.99999990463111,0.6499609420448542,0.0
2022-12-16 10:50,223.35361024452828,0.659271432700661,95.51304670759279,10871,49.99999942774292,0.650000000596044,0.0
2022-12-16 10:55,223.27310690428908,0.7656607810543248,118.88941761340817,10879,50.0,0.6987292098928595,0.0
2022-12-16 11:00,223.1614917061401,0.7779550849577124,120.08772711165312,10888,50.0,0.6900000011960401,0.0
2022-12-16 11:05,222.8453321251481,0.7422918917734689,112.7816087537953,10898,49.90000000000654,0.6805859375000001,0.0
2022-12-16 11:10,221.71514900852702,0.6947550782360989,101.94688927722615,10908,49.974893168838776,0.6600146102928692,0.0
2022-12-16 11:15,223.0618453164074,0.6814690509969455,98.91641362476958,10916,49.99999923706055,0.6500023674964905,0.0
2022-12-16 11:20,222.82272730829743,0.6749348268457033,98.02324232201059,10925,49.98749084416773,0.65,0.0
2022-12-16 11:25,222.9506291090666,0.6764164707636322,97.94221771297298,10933,49.99999999990687,0.6499999999999864,0.0
2022-12-16 11:30,222.23508142087977,0.6731483737993331,97.6016724850474,10941,50.0,0.6500781261920985,0.0
2022-12-16 11:35,222.49129772850895,0.6730438361011701,98.57660328063393,10950,50.0,0.6600546264648437,0.0
2022-12-16 11:40,222.8850691446565,0.6612351084327623,98.52583462769772,10958,50.0,0.670070171542537,0.0
2022-12-16 11:45,222.35147618953033,0.6570306560390751,97.06369504793153,10966,50.0,0.6625781273913163,0.0
2022-12-16 11:50,222.22830283820358,0.6687795558930609,96.92515810900589,10975,50.0,0.6502637577056884,0.0
2022-12-16 11:55,222.819590750094,0.6698931926752487,97.11028103565837,10983,50.0,0.6500000000000046,0.0
2022-12-16 12:00,223.00063404598376,0.6692791370866084,97.05791574288821,10991,50.0,0.6500000000000001,0.0
2022-12-16 12:05,222.38826071338758,0.6658993452904077,96.82821225333137,10999,49.95321464519948,0.6512518692016602,0.0
2022-12-16 12:10,223.40777106859417,0.6773293570685796,97.16643998060526,11007,49.995772548625204,0.6400085449218751,0.0
2022-12-16 12:15,223.21483697925638,0.6726261552373449,96.85449894596019,11015,49.999999999999986,0.6464337146282195,0.0
2022-12-16 12:20,223.1775548531569,0.6673668253538432,97.07724253411656,11023,49.99998624315485,0.6499999999940844,0.0
2022-12-16 12:25,223.56163936755127,0.670715472094938,97.14881898543283,11031,49.99999999999199,0.6500000160932591,0.0
2022-12-16 12:30,221.2297831506313,0.6679517231506357,96.31897467671976,11039,49.99999999999927,0.65,0.0
2022-12-16 12:35,221.28205248649982,0.8434407855842532,145.11246913925942,11047,49.999999141227455,0.77,0.0
2022-12-16 12:40,221.76823240073767,0.21121120495679663,22.72802145405747,11056,49.99999999999999,0.48977539637137113,0.0
2022-12-16 12:45,221.0522286327728,0.21100390601158298,22.66289062539586,11062,50.0,0.48625000242040806,0.0
2022-12-16 12:50,222.13599169668484,0.21175000074692069,22.700176286697243,11064,50.0,0.480173951391468,0.0
2022-12-16 12:55,221.8587573382189,0.2110016784677281,22.65859396244181,11066,50.0,0.4833642791306193,0.0
2022-12-16 13:00,222.10752023622558,0.21098425292782896,22.72599219398097,11068,50.0,0.4827557755982172,0.0
2022-12-16 13:05,221.59286800261816,0.21051544558257285,22.64184434377339,11070,49.96875,0.4849510014441557,0.0
2022-12-16 13:10,222.27951967987065,0.21049999738315722,22.70314953361521,11072,49.999804610300544,0.48551029205322144,0.0
2022-12-16 13:15,221.59911789057404,0.21100000000362545,22.691214490733017,11074,50.0,0.48912145857349487,0.0
2022-12-16 13:20,221.38626433690362,0.21099998474497988,22.69232862894421,11076,50.0,0.4892330146947645,0.0
2022-12-16 13:25,221.29270809708012,0.21040658567846549,22.66603704658462,11078,49.99999999990651,0.48746216442906887,0.0
2022-12-16 13:30,221.7127667974089,0.21070312834165278,22.670118045341873,11080,49.980764758396255,0.48937501907592573,0.0
2022-12-16 13:35,221.40088076349832,0.2109073178488629,22.678319213189802,11083,49.999679565428494,0.488749815103644,0.0
2022-12-16 13:40,221.55926573063897,0.21024995501206645,22.664055348186366,11084,49.9999891865062,0.4889059256522848,0.0
2022-12-16 13:45,221.74947138195847,0.21031640536026402,22.6986320978664,11086,49.999658203125,0.48998034894462333,0.0
2022-12-16 13:50,221.6190690645688,0.21042533648381367,22.692308216533903,11088,49.99843749850989,0.48997501298261226,0.0
2022-12-16 13:55,221.82153990244672,0.2102568241506806,22.69345999211103,11090,50.0,0.48917484920474935,0.0
2022-12-16 14:00,222.2281249154891,0.7832223164548409,120.7822302579855,11092,50.0,0.6907833838078478,0.0
2022-12-16 14:05,221.5895504401265,0.7823042337385463,119.8001318061871,11101,50.0,0.6900000000000011,0.0
2022-12-16 14:10,222.30925134226229,0.6619659020666997,95.36047378509859,11111,50.0,0.6487590769666713,0.0
2022-12-16 14:15,221.40650075588093,0.658922437259879,94.24144862625764,11120,50.0,0.6436062860226957,0.0
2022-12-16 14:20,221.41985377914523,0.7089849502936544,106.82084636901311,11128,49.96404418945194,0.6799997709644958,0.0
2022-12-16 14:25,222.77279187808773,0.6988161795424711,105.40430406303497,11137,49.999877906535055,0.6799215698242187,0.0
2022-12-16 14:30,220.81190292160048,0.6739251234665444,99.30209628891166,11146,49.99999999192223,0.6700000000094142,0.0
2022-12-16 14:35,221.72045863406652,0.6601073951411307,97.9131931446208,11154,49.99999996390311,0.6699999356269837,0.0
2022-12-16 14:40,221.59228051221098,0.7596879032861528,131.77963793347428,11162,49.98123164171848,0.7816406250000001,0.0
2022-12-16 14:45,221.41462611744043,0.7051263949494033,109.74217513242608,11171,49.999993896484376,0.7000000048615184,0.0
2022-12-16 14:50,221.26316025657337,0.6597425285183954,96.96799850151687,11181,49.999993896484376,0.6612500002980961,0.0
2022-12-16 14:55,222.06611617365056,0.6496299627642483,96.90931958338055,11190,49.999999904539436,0.6700024412529184,0.0
2022-12-16 15:00,221.17027312694063,0.6647045601534585,97.19683185199332,11198,50.0,0.660000171661377,0.0
2022-12-16 15:05,222.9222832996637,0.654074966108174,96.93600501947614,11206,50.0,0.6668738555914024,0.0
2022-12-16 15:10,221.12316972926422,0.6948791881616524,109.36675337239208,11214,49.984124755859376,0.7100000000248703,0.0
2022-12-16 15:15,220.94108248326916,0.7006364577324489,108.86096639467112,11226,49.99985330998898,0.7007812513410863,0.0
2022-12-16 15:20,223.2219314812768,0.6505729111298537,97.16515361637273,11235,50.0,0.669999980920984,0.0
2022-12-16 15:25,223.55030626929783,0.6953015997977414,109.52373708037545,11243,50.0,0.7053543295938288,0.0
2022-12-16 15:30,223.3612032314166,0.6964450695383406,109.1245754457781,11252,49.99970397944544,0.6995156860215865,0.0
2022-12-16 15:35,223.2204539700295,0.6942244021167261,109.18042328982492,11262,49.999609375,0.7031299269199371,0.0
2022-12-16 15:40,223.20915735126744,0.6591297086599341,96.87160199950708,11272,49.96166839562356,0.6600085449229294,0.0
2022-12-16 15:45,223.3184613370226,0.612814146868783,81.83749056073582,11280,49.94687461750554,0.5999996566833579,0.0
2022-12-16 15:50,223.38630204346623,0.2095019589071513,22.89217560890457,11287,49.983984375,0.4900097656261674,0.0
2022-12-16 15:55,223.488960033608,0.21002332114404748,22.951766376640506,11290,49.99687366336292,0.49007812500931325,0.0
2022-12-16 16:00,223.62535919571613,0.25431253017112876,35.437556945539725,11292,49.99998729228973,0.620625152587909,0.0
2022-12-16 16:05,223.29451463761472,0.25541442877054943,35.37517091930444,11295,50.0,0.6200012210011483,0.0
2022-12-16 16:10,222.70730345046343,0.2545009772629129,35.19730064879101,11298,49.999999809265134,0.6200000023841858,0.0
2022-12-16 16:15,222.579451708605,0.2108145135750384,23.03678267729869,11301,50.0,0.4900000000046566,0.0
2022-12-16 16:20,222.63481402984252,0.2552345813542943,35.41761896128473,11303,49.98085923193135,0.620584869382883,0.0
2022-12-16 16:25,222.7715983914572,0.2567500588344752,35.471936594105586,11306,50.0,0.6225000000000729,0.0
2022-12-16 16:30,222.019879813055,0.21087646254156434,22.831105791068424,11309,50.0,0.4900048826634887,0.0
2022-12-16 16:35,222.44421839865265,0.2100117197189692,22.840746110114686,11311,50.0,0.4900390720367443,0.0
2022-12-16 16:40,222.15671822906566,0.2107500227391747,22.81870803254469,11313,50.0,0.4903076934814453,0.0
2022-12-16 16:45,222.58958806006524,0.21040539553392634,22.966789252342465,11315,50.0,0.4900006105005741,0.0
2022-12-16 16:50,222.5798169718374,0.20968944946547835,22.804094865033314,11317,49.99995040871727,0.4900000012040141,0.0
2022-12-16 16:55,222.08531470367834,0.208750588403662,22.785803741011133,11320,50.0,0.4900634766451435,0.0
2022-12-16 17:00,222.70651131978667,0.21446862325677873,24.17544978085267,11323,50.0,0.509511764386557,0.0
2022-12-16 17:05,223.1293430636893,0.5125375772264815,79.54480805428075,11325,50.0,0.677706980704495,0.0
2022-12-16 17:20,222.5590543959678,0.7086762802438893,109.61115468593513,11350,49.996823116669646,0.6943752108810082,0.0
2022-12-16 17:25,222.31028949906164,0.674483388715569,101.61371465005155,11361,49.99999999999998,0.6800000000387081,0.0
2022-12-16 17:30,222.59354982111086,0.6616124726755872,99.05049122868382,11370,50.0,0.6704687499999995,0.0
2022-12-16 17:35,222.58518793625717,0.6610311392309444,99.03598242959467,11379,50.0,0.6700195312500001,0.0
2022-12-16 17:40,222.15373060263903,0.6715627527403584,100.66142225240738,11387,49.99375,0.6752723261696338,0.0
2022-12-16 17:45,221.9207109962203,0.6551885301559474,96.90293931693675,11395,50.0,0.6675,0.0
2022-12-16 17:50,222.53618242113959,0.6558329026271499,96.92994344933896,11403,49.99999999329424,0.6606250381469727,0.0
2022-12-16 17:55,221.7709730830303,0.6584992218609893,96.6854285106698,11411,50.0,0.6600003144145012,0.0
2022-12-16 18:00,221.7521196894289,0.6495674491015655,96.50994071665681,11420,50.0,0.6699997142772192,0.0
2022-12-16 18:05,220.77326312276864,0.6457081461334044,95.99377193340646,11428,49.9998434742447,0.670662460442718,0.0
2022-12-16 18:10,221.53830172811683,0.6489595988651111,96.48265660060454,11436,50.0,0.6700000000000033,0.0
2022-12-16 18:15,221.983475686872,0.7427617305752996,123.56783895600188,11444,50.0,0.7506489253045561,0.0
2022-12-16 18:20,221.93389621993362,0.7030297587950511,104.48771829928586,11453,49.999658179265055,0.669345695972446,0.0
2022-12-16 18:25,221.68329504617873,1.0575887784595106,169.95734383050416,11461,49.999999809265134,0.7263964843937043,0.0
2022-12-16 18:30,217.29940288130496,7.451417507330194,1586.2577101195548,11475,49.99999999999126,0.9324908545613262,0.0
2022-12-16 18:35,217.3353601422466,9.136108412199762,1980.7831955314648,11495,50.0,0.99875,0.0
2022-12-16 18:40,217.0458308906699,9.26560480725983,2004.575630628613,11664,50.0,1.0,0.0
2022-12-16 18:45,221.49107985278653,1.2560582751755422,193.84756819025895,11832,50.0,0.700016918182373,0.0
2022-12-16 18:50,221.21519533375778,1.1952214942439838,187.2002091323221,11959,50.0,0.7108965682971029,0.0
2022-12-16 18:55,221.55757062999038,1.0414948069329757,165.6179446152409,11974,50.0,0.7168750000000023,0.0
2022-12-16 19:00,222.02582910154266,1.2600697701750785,194.34701160569972,11990,50.0,0.6912109389807062,0.0
2022-12-16 19:05,221.97344361337016,0.7872094858526528,115.24659430953179,12004,49.99274747828078,0.6595348925734288,0.0
2022-12-16 19:10,221.0494093625523,0.8753637362981762,120.64673971023846,12018,49.999999999999986,0.6200000005960478,0.0
2022-12-16 19:15,222.40193523524965,0.8489321470295628,120.37217729291757,12029,49.923779296875,0.6393749742078023,0.0
2022-12-16 19:20,221.61016375466954,0.8374108009942305,121.29845015867198,12037,49.97499999989503,0.6534372687339782,0.0
2022-12-16 19:25,221.66014715317147,0.8501088845473733,120.48491177803788,12046,50.0,0.6400000000005828,0.0
2022-12-16 19:30,221.92928428331658,0.8370090045254348,119.96063665656555,12055,50.0,0.649990444405925,0.0
2022-12-16 19:35,222.24988210560622,0.6632078960927172,95.24748934375737,12064,50.0,0.6466625977167868,0.0
2022-12-16 19:40,222.84170787675714,0.8495504657514947,120.56073626907238,12073,50.0,0.6400005722041657,0.0
2022-12-16 19:45,222.03973383356953,0.8232768478868862,116.64533080590014,12082,50.0,0.6382972715414144,0.0
2022-12-16 19:50,223.04685399840378,0.6639791216523327,94.19133335601121,12090,50.0,0.6351562499999317,0.0
2022-12-16 19:55,222.3023476045437,0.8470995999920953,120.27368114257776,12100,50.0,0.6400000004874902,0.0
2022-12-16 20:00,223.2632086540144,0.7014786445363537,100.2225767402616,12108,50.0,0.6374999999813735,0.0
2022-12-16 20:05,222.90940340264444,0.30874761443271725,43.60833167421501,12119,49.90596194432287,0.6312309422890561,0.0
2022-12-16 20:10,223.7246931853108,0.5246560338178836,74.29696838289026,12124,49.98124355909659,0.6371875000921678,0.0
2022-12-16 20:15,223.20430858145397,1.040006648237132,167.55122527048627,12129,49.99833371526347,0.720000104904179,0.0
2022-12-16 20:20,219.30492248941258,9.450873662672686,2064.7398028741627,12142,49.99999999999981,0.9999999327253288,0.0
2022-12-16 20:25,222.67933441316706,1.3585432672373954,231.6787195362469,12219,50.0,0.7190624999999999,0.0
2022-12-16 20:30,222.94758662505384,0.7274657209139099,111.09329307389817,12375,50.0,0.6848437702655792,0.0
2022-12-16 20:35,224.38903504689665,0.6885787115458184,102.12418408555453,12387,50.0,0.660000000000017,0.0
2022-12-16 20:40,224.02130733003736,0.6818290320452464,101.54567898678809,12396,50.0,0.6685937500000005,0.0
2022-12-16 20:45,223.74203223644503,0.6770091152362918,101.19791470650351,12404,50.0,0.6699951171870686,0.0
2022-12-16 20:50,224.33609087755917,0.6855643482609601,103.7065632880111,12413,50.0,0.6700311467231974,0.0
2022-12-16 20:55,222.5988717531472,0.70015752432352,105.07016907235973,12422,50.0,0.6700198283786449,0.0
2022-12-16 21:00,222.95920065824606,0.7029601404863337,105.09036250194588,12430,50.0,0.6700000000002932,0.0
2022-12-16 21:05,222.19698751408845,0.6958697080224023,104.83355063639439,12439,49.973779153367545,0.6799999999999999,0.0
2022-12-16 21:10,223.9127407831055,0.6925290550259715,104.95902921904894,12448,49.960422166535494,0.6796876525878908,0.0
2022-12-16 21:15,223.63331300716766,0.6953043026150415,105.02278756491226,12457,49.99999495964962,0.6784912109375001,0.0
2022-12-16 21:20,223.91747381479922,0.6959466315848268,105.1962916491186,12465,49.996484367333665,0.6762884071479867,0.0
2022-12-16 21:25,224.05750292289622,0.6788038146593207,101.5645662196487,12474,49.99999999997666,0.6699999830887737,0.0
2022-12-16 21:30,223.8967846780086,0.6771265122240413,101.64384793194375,12483,50.0,0.6700000000005686,0.0
2022-12-16 21:35,223.87707273810935,0.24463285900302673,31.156427469158878,12491,49.99965515134389,0.5700001525878913,0.0
2022-12-16 21:40,224.13426941326261,0.24625018369787166,31.329836340975433,12495,49.99999999998836,0.5699999979138362,0.0
2022-12-16 21:45,224.50412195171162,0.2442882025243744,31.199054613885473,12497,50.0,0.5700000023847678,0.0
2022-12-16 21:50,224.57533516256416,0.2449531267932628,31.204247305657525,12500,50.0,0.5700000000046577,0.0
2022-12-16 21:55,224.64992543340276,0.2438974648155597,31.177396122437358,12503,50.0,0.5703125000000091,0.0
2022-12-16 22:00,224.40189575218517,0.24462626078630928,31.317429185848912,12505,50.0,0.5700000000000001,0.0
2022-12-16 22:05,224.73706274984906,0.206127441678645,22.66733403169198,12508,49.999895398586354,0.4900048840593276,0.0
2022-12-16 22:10,222.1122165570835,0.2070077998637862,22.365137508423913,12510,49.999999999999076,0.4900390696525574,0.0
2022-12-16 22:15,222.5584643897825,0.20727832794562073,22.452527015782977,12512,50.0,0.4892188262939453,0.0
2022-12-16 22:20,222.5547564043533,0.20700006107986701,22.5734760327694,12514,50.0,0.490000000149048,0.0
2022-12-16 22:25,222.47048457215232,0.20749999892718912,22.48538178002364,12516,50.0,0.49000000119238396,0.0
2022-12-16 22:30,222.6818580473351,0.20850776798126763,22.51694362760776,12518,50.0,0.4849955748836512,0.0
2022-12-16 22:35,222.72327321208525,0.20803136837200464,22.51880074257248,12519,50.0,0.48999893135622624,0.0
2022-12-16 22:40,222.9031586769801,0.2091094362884796,22.72771530678897,12521,49.99999999998836,0.49031280279158185,0.0
2022-12-16 22:45,223.01353733229735,0.2080013401040608,22.524426081641682,12523,50.0,0.4874170179855696,0.0
2022-12-16 22:50,223.24801187770265,0.20800195407866073,22.59588503594229,12525,50.0,0.4893736314773545,0.0
2022-12-16 22:55,224.10347306758246,0.6781402969378979,100.87510523824771,12527,50.0,0.6649299049098045,0.0
2022-12-16 23:00,223.9743105359188,0.7778846797537623,120.71570066393218,12531,50.0,0.690019243955611,0.0
2022-12-16 23:05,223.90621314186524,0.7650933245231697,117.2406955584282,12541,49.98974609375,0.68046875,0.0
2022-12-16 23:10,224.22938674966565,0.707138177510227,103.71076012167055,12551,49.90000000000015,0.6550000041723343,0.0
2022-12-16 23:15,224.3354372255886,0.6949938141959403,99.33069964910871,12560,49.977084338689394,0.6398437500002911,0.0
2022-12-16 23:20,224.17260137004934,0.6843910505643618,98.32190727401954,12569,49.99295634864865,0.6399999999999999,0.0
2022-12-16 23:25,224.5154778829074,0.6852209830322429,98.09534956557485,12577,49.94021555297205,0.64,0.0
2022-12-16 23:30,224.45702072083378,0.68652506339908,97.33547648393947,12585,50.0,0.6300000000002013,0.0
2022-12-16 23:35,224.39852261257923,0.6864033667948485,97.24029867342581,12593,50.0,0.63,0.0
2022-12-16 23:40,223.51326468884716,0.6885563164399365,96.92839225363328,12601,50.0,0.63,0.0
2022-12-16 23:45,225.09950325211463,0.6874042976845778,97.40141400482605,12609,50.0,0.63,0.0
2022-12-16 23:50,224.8362753712624,0.6838192773824925,96.96696821049781,12618,50.0,0.63,0.0
2022-12-16 23:55,225.1265637980564,0.6826297568710273,96.96991763618492,12626,50.0,0.63,0.0
2022-12-17 00:00,225.30642993601768,0.6938327087039666,97.09324524079386,12634,50.0,0.6200000000001091,0.0
2022-12-17 00:05,225.41246697577452,0.6932430136307873,97.17493831769721,12642,49.993634020537066,0.62,0.0
2022-12-17 00:10,225.23038120324557,0.700955327994258,97.08060738410157,12650,49.999999884478164,0.614033203125,0.0
2022-12-17 00:15,225.47627622404366,0.6918533606724433,96.99783118780383,12658,49.999993896483645,0.6199999999999954,0.0
2022-12-17 00:20,225.30625044366798,0.6894361806738217,96.93521296404387,12666,49.99990234374998,0.6203252983311587,0.0
2022-12-17 00:25,225.3743872779848,0.69988288179648,97.05128022918667,12674,50.0,0.6143701171875,0.0
2022-12-17 00:30,225.54036633211416,0.6973145515010222,96.9329812042852,12683,50.0,0.6199982631583953,0.0
2022-12-17 00:35,225.41711206236408,0.7030652100728229,96.90590062331738,12691,50.0,0.610019536621403,0.0
2022-12-17 00:40,225.60479176612267,0.6900510205887253,92.008595750137,12699,50.0,0.5900000381501791,0.0
2022-12-17 00:45,225.69918107898098,0.2072997968941438,22.84368242348851,12707,50.0,0.49001953124911324,0.0
2022-12-17 00:50,225.63720446471217,0.20800024425987979,23.08913573036638,12712,50.0,0.495000000596192,0.0
2022-12-17 00:55,225.40705652711466,0.20700000047707184,22.791690567346876,12714,50.0,0.49,0.0
2022-12-17 01:00,224.4610334360048,0.2070156250009318,22.699231837724888,12716,49.999999999999986,0.49007812500000225,0.0
2022-12-17 01:05,223.96719996276573,0.20642241827061802,22.66409418991028,12718,49.99999999995325,0.4906250000617183,0.0
2022-12-17 01:10,223.69344179704524,0.20749854815006802,22.795288542015648,12720,50.0,0.490001220703125,0.0
2022-12-17 01:15,224.01641208752937,0.2070029301639879,22.607379180181482,12722,50.0,0.49000976800918605,0.0
2022-12-17 01:20,224.00025383702632,0.20700464432407167,22.60942585198218,12724,50.0,0.49000001907814295,0.0
2022-12-17 01:25,223.91100767185534,0.2070625152625143,22.619775417727716,12726,50.0,0.49000000003725286,0.0
2022-12-17 01:30,224.33287101934627,0.2073748779594971,22.728383766193474,12728,50.0,0.49000000000007277,0.0
2022-12-17 01:35,224.38663413686442,0.20700047733442262,22.720757293808823,12730,49.99999997615814,0.4900000000005822,0.0
2022-12-17 01:40,224.19768740870563,0.20699219033168664,22.60664118211763,12731,50.0,0.4900390720367443,0.0
2022-12-17 01:45,224.0610452516803,0.2070937728917206,22.634088920936257,12733,50.0,0.4903125762939453,0.0
2022-12-17 01:50,224.02716517331766,0.2077501855064261,22.869018463548624,12735,50.0,0.4925006103515625,0.0
2022-12-17 01:55,224.7521704128702,0.20650097680470209,22.614356548929575,12737,50.0,0.49000488400459286,0.0
2022-12-17 02:00,224.412715765849,0.20700390815758146,22.614453912072374,12739,49.990625,0.49000000953674316,0.0
2022-12-17 02:05,224.42837176846277,0.20753125717944249,22.777910540756874,12741,49.999999701883645,0.49000000005587935,0.0
2022-12-17 02:10,224.484881028794,0.20725006105006466,22.804513981341806,12743,49.999999999999844,0.4900000000000364,0.0
2022-12-17 02:15,224.26261155004659,0.7888802747961485,121.3626712355294,12745,50.0,0.6899996846538844,0.0
2022-12-17 02:20,224.30151469174606,0.790817849775211,120.76305432249507,12753,50.0,0.6800000000000002,0.0
2022-12-17 02:25,224.32520411118708,0.7350574046656754,109.50308061470665,12763,50.0,0.6603125008940698,0.0
2022-12-17 02:30,224.30002230647062,0.699729946047607,101.28288937337743,12773,50.0,0.6492578125000683,0.0
2022-12-17 02:35,224.3839658265009,0.6888658037550651,98.60118370653096,12782,49.99999999999995,0.6400000000000001,0.0
2022-12-17 02:40,224.41256570146572,0.6969325208739363,97.94229084350664,12790,50.0,0.6299462890684686,0.0
2022-12-17 02:45,224.34304102634255,0.692881035672047,97.44115970742286,12798,50.0,0.6299980843348021,0.0
2022-12-17 02:50,224.47694910073784,0.6976331537321632,97.26162455435488,12807,50.0,0.6200000000000232,0.0
2022-12-17 02:55,224.33504748115956,0.6918700071769674,97.52542346389265,12815,50.0,0.6299999999996067,0.0
2022-12-17 03:00,224.3670976211634,0.6854843779844664,97.14172843787304,12823,50.0,0.63,0.0
2022-12-17 03:05,223.88925770394047,0.6891193722370894,96.94540048884824,12831,49.953121947475324,0.6300000000360888,0.0
2022-12-17 03:10,223.7557158004787,0.687517809397314,96.83562975809663,12839,50.0,0.63,0.0
2022-12-17 03:15,224.0000358650419,0.686536112832424,97.08188955908463,12847,50.0,0.63,0.0
2022-12-17 03:20,223.9019807905123,0.6879902653457208,96.92290365851056,12855,50.0,0.6300000000000181,0.0
2022-12-17 03:25,223.8751953289729,0.6809322896261031,96.76809784240695,12863,50.0,0.635,0.0
2022-12-17 03:30,223.9451902601216,0.6905620320238767,96.77537559169568,12871,50.0,0.6300000000000001,0.0
2022-12-17 03:35,223.81815014972383,0.6956125521359862,96.98572816575407,12880,50.0,0.6200097343511881,0.0
2022-12-17 03:40,224.31873364467674,0.683984236200225,96.84411201343497,12888,50.0,0.6299999999994594,0.0
2022-12-17 03:45,224.28937316554914,0.68405887611436,96.9153562689861,12896,50.0,0.63,0.0
2022-12-17 03:50,224.29171790672586,0.6860814660158097,96.62449940812265,12904,49.99999999999945,0.63,0.0
2022-12-17 03:55,224.1467683956846,0.6895463375906471,96.76592726836648,12912,50.0,0.629999999999254,0.0
2022-12-17 04:00,224.11959267858828,0.6868770301643634,96.52287301463917,12920,50.0,0.630000000000291,0.0
2022-12-17 04:05,224.07483498245298,0.685415203321836,96.57880411352137,12928,50.0,0.6299999999999999,0.0
2022-12-17 04:10,224.47891006226683,0.6798441929544887,96.72077453277382,12936,50.0,0.6312500757351518,0.0
2022-12-17 04:15,224.74919654819575,0.681052485587641,96.7863083330994,12944,50.0,0.6300000000047339,0.0
2022-12-17 04:20,224.72753877119513,0.6424199104436019,81.33350134038204,12952,50.0,0.5601660159090535,0.0
2022-12-17 04:25,224.55320152789682,0.20800165655117248,22.651496263168205,12960,50.0,0.4851159518825102,0.0
2022-12-17 04:30,224.37185790565752,0.20739160537900553,22.566445925040505,12963,49.999609375,0.4824171830859177,0.0
2022-12-17 04:35,224.3652864340867,0.20809378052503236,22.67774353329599,12965,49.999999999999986,0.4856253052549916,0.0
2022-12-17 04:40,224.76274729521865,0.20853544431560983,23.007852381127275,12966,50.0,0.49468616481986954,0.0
2022-12-17 04:45,224.8749004142419,0.2080016904319263,22.700950433232748,12968,50.0,0.4875390621938211,0.0
2022-12-17 04:50,223.90690934332216,0.20735223755223015,22.51862266974297,12970,49.94999694824219,0.4875781154617367,0.0
2022-12-17 04:55,224.70382061305486,0.2081245613097381,22.65436059019214,12972,49.99831237792948,0.481689568541405,0.0
2022-12-17 05:00,224.35796469270628,0.20850024423003194,22.71561331213928,12974,49.99999999990687,0.48656865304847374,0.0
2022-12-17 05:05,223.95955915083104,0.20800097708928206,22.613592301531277,12976,50.0,0.48508976246994306,0.0
2022-12-17 05:10,223.62096245442638,0.2077653632772269,22.505072837442707,12978,50.0,0.48249960889535853,0.0
2022-12-17 05:15,222.80970202113247,0.2061874694933677,22.356023673360724,12980,49.975,0.4853124998905787,0.0
2022-12-17 05:20,223.03005334549354,0.20775393682719007,22.675011125309723,12982,50.0,0.4924609374994178,0.0
2022-12-17 05:25,222.8746843323151,0.20700146496301752,22.424950064923753,12983,50.0,0.48992664337158204,0.0
2022-12-17 05:30,222.5923376581316,0.2060195331575816,22.404770139952564,12985,49.999999999999275,0.4900000095364521,0.0
2022-12-17 05:35,221.64714892586431,0.20727861988521273,22.326505305136596,12987,50.0,0.48921880721114575,0.0
2022-12-17 05:40,221.5911142962408,0.20800022103914168,22.45640622082539,12989,50.0,0.49000059386116557,0.0
2022-12-17 05:45,221.9589429363143,0.207248135924454,22.344208253385933,12991,50.0,0.4899802315236593,0.0
2022-12-17 05:50,221.41293893771416,0.7146435473415786,104.87515840448324,12993,50.0,0.6596826134394902,0.0
2022-12-17 05:55,221.44497020095594,0.8003526692405587,119.98781097711074,12998,49.98749389228178,0.6800000000011641,0.0
2022-12-17 06:00,220.86454591185577,0.7694214399196266,115.0501134737298,13008,50.0,0.6800000005215407,0.0
2022-12-17 06:05,221.24507836138878,0.7102016790486567,102.86789368403146,13018,50.0,0.6537500000366709,0.0
2022-12-17 06:10,221.05557767543257,0.6968306491184989,98.68263540597805,13027,50.0,0.6400001192279161,0.0
2022-12-17 06:15,222.13204452579586,0.6899009257163455,98.20055802074141,13035,50.0,0.6400000735174445,0.0
2022-12-17 06:20,221.65396306195532,0.7037606426927664,97.18135029683492,13045,50.0,0.6200000069384259,0.0
2022-12-17 06:25,222.29719605953994,0.6981793351030887,96.98437241571699,13053,50.0,0.6275048685144429,0.0
2022-12-17 06:30,221.85835848913837,0.6932268027572995,94.04408985847572,13061,50.0,0.6100498425960563,0.0
2022-12-17 06:35,221.796597294052,0.6709839778616034,86.84148715770593,13069,50.0,0.5800000000009164,0.0
2022-12-17 06:40,221.88598738641622,0.6972962863580588,99.4517665393366,13077,50.0,0.6396777343744915,0.0
2022-12-17 06:45,222.38028793407574,0.7122066734418284,102.36926763094293,13085,50.0,0.6500000000023283,0.0
2022-12-17 06:50,223.30483723566164,0.694419279330216,98.90430070791962,13093,49.99999999998545,0.6400000000756711,0.0
2022-12-17 06:55,222.93669271319592,0.6944206967469593,97.03578533343202,13102,49.99999999990687,0.6299987792974155,0.0
2022-12-17 07:00,224.85301747858068,0.6809188013923174,96.82789565716527,13110,50.0,0.6299999976529953,0.0
2022-12-17 07:05,222.78613732066228,0.6916965124239615,96.54091780965669,13118,50.0,0.6299999999994179,0.0
2022-12-17 07:10,222.04602321781516,0.6874269588099299,96.34540148386233,13126,49.98125,0.6298437499998544,0.0
2022-12-17 07:15,222.82525144966294,0.6930877589093992,96.52095715895337,13134,49.99999999813717,0.6219726562500001,0.0
2022-12-17 07:20,222.14486494089977,0.6936078667492904,96.30111211883641,13142,49.99951171871071,0.6263134765625913,0.0
2022-12-17 07:25,221.56627347586112,0.6654885981798414,84.80961822692475,13150,49.99995000525378,0.5728133648925101,0.0
2022-12-17 07:30,221.5513736502332,0.20617063535257046,22.32034637989318,13158,49.99999427793082,0.49000366210937496,0.0
2022-12-17 07:35,221.7029289622299,0.20612429240811636,22.312381993164607,13164,49.99999235270329,0.49,0.0
2022-12-17 07:40,223.3569101555889,0.2063372802743647,22.532852408219664,13165,49.936672673368406,0.49,0.0
2022-12-17 07:45,222.13416593084855,0.20599999951932113,22.37500381277458,13167,49.97478060187947,0.49,0.0
2022-12-17 07:50,221.26634826241508,0.20697656417380494,22.300733375732804,13169,49.98694761006109,0.49,0.0
2022-12-17 07:55,221.05418449299702,0.20618652147356836,22.304458187901794,13171,49.939062434406466,0.49,0.0
2022-12-17 08:00,220.81399245274258,0.20699999140949493,22.30127264246129,13173,49.99747976292852,0.49,0.0
2022-12-17 08:05,220.34827863477986,0.20699194336577614,22.292785520205427,13175,49.90312502398177,0.4900000001024455,0.0
2022-12-17 08:10,220.57102357708533,0.20625050729512961,22.237158646433116,13177,49.943815560179075,0.49,0.0
2022-12-17 08:15,219.89796434447732,0.20625024223327632,22.19844067310141,13179,49.99799441639798,0.49,0.0
2022-12-17 08:20,220.52168046142322,0.2069999264515936,22.25068544474523,13180,50.0,0.49,0.0
2022-12-17 08:25,220.51198961807538,0.20694909662002464,22.288439083845056,13182,50.0,0.49,0.0
2022-12-17 08:30,220.80532964567357,0.20670794677722576,22.31264715253166,13184,50.0,0.49,0.0
2022-12-17 08:35,220.641046615817,0.20625778674382128,22.284176636101634,13186,50.0,0.4899999999976717,0.0
2022-12-17 08:40,220.28259639958767,0.20600293734477837,22.18769369702803,13188,50.0,0.49,0.0
2022-12-17 08:45,220.8076625778162,0.33945318731005325,56.99355864636655,13190,50.0,0.7599703978234902,0.0
2022-12-17 08:50,220.04261730719946,0.22187158205459834,25.67649156512558,13193,50.0,0.5221875000005696,0.0
2022-12-17 08:55,220.21854998793907,0.7381294541208894,104.27766294265182,13198,50.0,0.6402508974132473,0.0
2022-12-17 09:00,219.26767426078266,0.7984053327777102,118.53305764635942,13203,50.0,0.6799999927170381,0.0
2022-12-17 09:05,218.96839006074435,0.7657510654066007,112.48349305629245,13212,49.9999992370576,0.6700003147502331,0.0
2022-12-17 09:10,218.59243473216097,0.7144587566520646,100.81727872043403,13222,50.0,0.6475000000046589,0.0
2022-12-17 09:15,219.200296578057,0.6937574590521678,96.77475304755643,13231,50.0,0.6400061035156432,0.0
2022-12-17 09:20,218.6583713737594,0.6929818264544061,95.21972017055381,13241,50.0,0.630000000007858,0.0
2022-12-17 09:25,219.8137248629647,0.695557186866619,95.45763155632113,13249,50.0,0.6224023437499999,0.0
2022-12-17 09:30,218.9282642888906,0.7030290217466986,97.93761808171931,13257,50.0,0.637512653355661,0.0
2022-12-17 09:35,219.87555523620256,0.692646859428636,95.7169839547563,13266,50.0,0.6299999998506995,0.0
2022-12-17 09:40,219.13225044547772,0.6991626932960056,96.5294062122266,13274,50.0,0.6299218750000091,0.0
2022-12-17 09:45,218.73992464224432,0.6923480238290003,94.07677054817101,13282,50.0,0.6200109863827798,0.0
2022-12-17 09:50,219.64274796521724,0.7083220053110848,94.82982223165136,13291,50.0,0.6100000187941697,0.0
2022-12-17 09:55,219.04109664209895,0.7273398168245979,102.13421427594292,13299,50.0,0.6399999994225798,0.0
2022-12-17 10:00,219.34497531574166,0.9830804956680879,160.56376470163582,13307,50.0,0.712568647222888,0.0
2022-12-17 10:05,219.76338354498824,0.7156861100785326,97.84897377058596,13317,49.972202527255284,0.6201562500000237,0.0
2022-12-17 10:10,218.87524090343092,0.6993100960245608,96.0963878908908,13325,49.99999999987176,0.62982421875,0.0
2022-12-17 10:15,219.92964312041903,0.7030988732049379,96.39783743178869,13333,50.0,0.6200000000737782,0.0
2022-12-17 10:20,218.5267112464193,0.688931364778467,95.58665692081337,13341,49.9998046875,0.6362499999998181,0.0
2022-12-17 10:25,219.463025288169,0.6979610335356022,95.87371706182154,13349,49.925,0.6292187309265114,0.0
2022-12-17 10:30,220.03984112182707,0.7076989830908782,97.43736835899921,13357,49.99843749981373,0.6248437499999953,0.0
2022-12-17 10:35,218.6500753417739,0.6906077169462682,95.01727191657659,13365,49.99999999701977,0.6296536262718855,0.0
2022-12-17 10:40,218.63270087495835,0.6934588909552362,95.37586510444967,13373,50.0,0.6299999904632569,0.0
2022-12-17 10:45,217.84142546135044,0.696681755041529,95.22895148262327,13381,49.99999999981374,0.6296874999999091,0.0
2022-12-17 10:50,219.07796926698578,0.7023877494226306,96.43744861624066,13389,49.99999923617543,0.624998033527554,0.0
2022-12-17 10:55,218.57880527690693,0.6918254806330465,95.08389848043484,13397,49.999975585937406,0.6299999999999999,0.0
2022-12-17 11:00,217.72717790653675,0.7008684659415398,95.96155044153146,13405,49.95057601875978,0.63,0.0
2022-12-17 11:05,218.81281639080788,0.6969117961867652,95.56094868600668,13413,49.90024683773527,0.6299987792968751,0.0
2022-12-17 11:10,217.19356977871954,0.691942729059956,93.95323864611213,13421,49.99999999784926,0.6224804687500001,0.0
2022-12-17 11:15,217.69272746841528,0.69205176534093,94.7262244376823,13429,49.975,0.6295610249044954,0.0
2022-12-17 11:20,218.04940836998352,0.6934693297103356,94.27255501454675,13437,49.99999995231629,0.6207421779345872,0.0
2022-12-17 11:25,217.00809054018544,0.6950586698359036,94.84575374948442,13445,50.0,0.629999999413686,0.0
2022-12-17 11:30,219.1105475828741,0.6475079800945032,79.88282072126746,13453,49.99375,0.5600125429050105,0.0
2022-12-17 11:35,218.1066486795682,0.21115685665966316,23.13909205885895,13460,49.98828125,0.5025700150395276,0.0
2022-12-17 11:40,217.51116918603202,0.2133222509128042,23.470468772238025,13465,50.0,0.5066410741033617,0.0
2022-12-17 11:45,218.21661755921016,0.21271741238286307,23.424355465639636,13467,50.0,0.5063550084816606,0.0
2022-12-17 11:50,217.63321863902735,0.2085892379740632,22.29510219636451,13469,49.999560475349355,0.4924253936265836,0.0
2022-12-17 11:55,218.75699985383062,0.21589415941989293,24.149147053141597,13471,49.99999999962729,0.5086677477341155,0.0
2022-12-17 12:00,218.07328504405478,0.21427941503902814,23.75741619649542,13473,50.0,0.5060003407567892,0.0
2022-12-17 12:05,218.43333219616102,0.2112933989775394,22.899083283495173,13475,49.954174810653896,0.49783056219942456,0.0
2022-12-17 12:10,218.93900648942628,0.21246391595188618,23.229472155625896,13477,49.99976861328042,0.49580361263855766,0.0
2022-12-17 12:15,216.6640663236859,0.35517038697976305,61.308327318210225,13479,49.98968415175143,0.7941970044049315,0.0
2022-12-17 12:20,218.62357932529812,0.21697173569829253,24.555825851008887,13482,49.91823488326988,0.5155763672426361,0.0
2022-12-17 12:25,218.26291556564124,0.20912916858867897,22.351347346917102,13484,49.96249806916748,0.48911909910792256,0.0
2022-12-17 12:30,217.63919400564527,0.2135952587426201,23.665371580875615,13486,50.0,0.5056846400393257,0.0
2022-12-17 12:35,218.53891747889563,0.21546818034958398,23.948868157929283,13488,50.0,0.508352957464711,0.0
2022-12-17 12:40,217.3034766884334,0.214133081916289,23.141014332508988,13490,50.0,0.4947545890848538,0.0
2022-12-17 12:45,217.91916803223666,0.21171992128200018,22.782387660685757,13492,50.0,0.4945388919542596,0.0
2022-12-17 12:50,219.2184899789856,0.21351671725495802,23.65537501883567,13494,50.0,0.5072389461920654,0.0
2022-12-17 12:55,217.9930908564575,0.2110929835323569,23.06668818861621,13496,50.0,0.5025039185906418,0.0
2022-12-17 13:00,219.2949077170892,0.21123123801902627,22.921666001075653,13498,50.0,0.49361945521315176,0.0
2022-12-17 13:05,219.36697250027743,0.21180875187588882,23.43610801585394,13500,50.0,0.5033043393841887,0.0
2022-12-17 13:10,218.7869417869871,0.8025092478292514,119.4952935599296,13502,49.99999999962747,0.6799999806092776,0.0
2022-12-17 13:15,219.48988323644642,0.8146271417494866,120.97257938721998,13511,49.99999999944121,0.6800000000011641,0.0
2022-12-17 13:20,217.77898400807683,0.7271755218674174,104.66507816265812,13521,49.999999998509885,0.6600195312500001,0.0
2022-12-17 13:25,219.21907012203872,0.712682417507124,99.78213732732952,13530,49.99999999925494,0.6400000852340599,0.0
2022-12-17 13:30,219.6904248528547,0.7150129185035754,98.20150740438065,13539,49.99999997522646,0.6285131838265807,0.0
2022-12-17 13:35,218.95906022576264,0.7131233747826662,97.16180814367432,13548,49.94542216645728,0.6200212837010632,0.0
2022-12-17 13:40,219.93005586152617,0.7018337343790914,96.87816003506234,13556,49.99843537479171,0.6293358421325774,0.0
2022-12-17 13:45,219.31360569886715,0.707363108378158,96.50690030286397,13564,49.9999999999978,0.620956930965183,0.0
2022-12-17 13:50,218.59835920531015,0.6984150053326283,95.76249234774949,13572,50.0,0.629910659864545,0.0
2022-12-17 13:55,219.17129051936763,0.699057208833518,96.02030103684002,13580,49.9999755859375,0.6296875000372497,0.0
2022-12-17 14:00,219.53761691657417,0.810782025959163,127.68361960175679,13588,50.0,0.7193346928692962,0.0
2022-12-17 14:05,220.61458312639883,0.703886357304794,96.41243215162515,13597,50.0,0.6200777435360942,0.0
2022-12-17 14:10,220.58609653867774,0.7136866662876538,98.18734738774182,13607,50.0,0.6212673907690622,0.0
2022-12-17 14:15,219.75346777248723,0.6937215708685123,95.69406235356054,13615,49.999999999976716,0.6299999526301889,0.0
2022-12-17 14:20,219.77879711345355,0.6993782417500383,96.607881517898,13623,49.943749999999994,0.6298437499994178,0.0
2022-12-17 14:25,219.3739274896664,0.6985480156940626,96.390666366381,13631,49.9625,0.6297473365068502,0.0
2022-12-17 14:30,220.12345835997036,0.6947140796207861,97.01733708175956,13639,49.99999986290349,0.6344738769531251,0.0
2022-12-17 14:35,220.63940241175874,0.6943952740742982,96.86231983878574,13647,49.999999999203645,0.6300784213701167,0.0
2022-12-17 14:40,219.801046986345,0.6846519433572111,96.36560778151953,13655,50.0,0.6399999998370165,0.0
2022-12-17 14:45,219.07926009430517,0.6896682851716631,96.37713064604395,13663,49.9716796875,0.6375781975133397,0.0
2022-12-17 14:50,219.49045087841003,0.6910160722949193,95.8709221645882,13671,50.0,0.6301977539092614,0.0
2022-12-17 14:55,219.55708542972377,0.3271251127791438,39.308848715394355,13679,49.99472655048148,0.53500740051253,0.0
2022-12-17 15:00,220.27175646265314,0.6724995439285961,93.78537835861184,13686,49.99999999990686,0.630893711264217,0.0
2022-12-17 15:05,219.13073472142185,0.8100979061417317,130.06406819523696,13689,50.0,0.7318402075720222,0.0
2022-12-17 15:10,218.97981712134805,0.6765821855750819,94.67202255129546,13698,50.0,0.6399804687524739,0.0
2022-12-17 15:15,219.00260253565398,0.6692730117178689,93.44954917789077,13707,49.99999923704456,0.6399999952364306,0.0
2022-12-17 15:20,219.51406880400765,0.21339532529545285,23.907053337016144,13715,49.987492942782765,0.5117324322902003,0.0
2022-12-17 15:25,220.04475614242523,0.21363576825393782,23.79804596048468,13719,49.99999999701976,0.5083969074969031,0.0
2022-12-17 15:30,219.36447948184434,0.21137475228328212,23.445302734293985,13721,50.0,0.5048437043981256,0.0
2022-12-17 15:35,219.99840670328143,0.21534019104116053,24.448251377021077,13724,50.0,0.5148913465048132,0.0
2022-12-17 15:40,220.20522777123557,0.2589054447487735,36.343771916228235,13726,50.0,0.635263968989648,0.0
2022-12-17 15:45,219.2936352383898,0.2567408964309309,35.81365817316248,13729,49.9921874998603,0.6382554800824012,0.0
2022-12-17 15:50,220.2028165886038,0.21100833771978533,23.39561589803467,13732,49.95039062498688,0.5040766100011732,0.0
2022-12-17 15:55,219.75436375492808,0.6644692736213931,92.97365799712816,13734,49.975170899852586,0.640000331666478,0.0
2022-12-17 16:00,219.41800289599803,0.7104550192983867,101.36166312164362,13739,49.999746785821486,0.6496871950477356,0.0
2022-12-17 16:05,221.49437350249718,0.21871454457782735,25.641244019471824,13747,50.0,0.5255590021327423,0.0
2022-12-17 16:10,218.7589842368164,0.26794431004587804,37.60441682307147,13751,50.0,0.6409600541684837,0.0
2022-12-17 16:15,220.47193358678598,0.6585370449833707,95.32767557227191,13753,49.99998168849852,0.6561966975023512,0.0
2022-12-17 16:20,220.7895269582205,1.1091175862988245,177.52913814637103,13757,50.0,0.7249066114217169,0.0
2022-12-17 16:25,215.73974901617072,9.698260139502203,2081.640508853233,13767,50.0,0.9962407237524167,0.0
2022-12-17 16:30,217.10624785134468,9.386001789591127,2028.470426497585,13823,50.0,0.992498931884765,0.0
2022-12-17 16:35,215.86274636137776,9.176758900444792,1975.1916975997383,13992,50.0,0.9995312499999995,0.0
2022-12-17 16:40,220.20884688336184,1.3902665002838441,209.51966505902618,14161,50.0,0.6851280975343247,0.0
2022-12-17 16:45,220.05518684266218,1.3144758980291167,196.43071342349555,14207,49.99999999962747,0.6800013315701048,0.0
2022-12-17 16:50,220.21952885400185,1.1060459520651593,171.3612200373009,14224,50.0,0.7000004577636718,0.0
2022-12-17 16:55,221.56712165553466,1.2871642767029425,191.51159893192795,14239,49.999951171875,0.6700000000372621,0.0
2022-12-17 17:00,220.42012456137556,1.2718046640429401,188.68668247628864,14254,49.925,0.6700707887111363,0.0
2022-12-17 17:05,219.98359285874653,1.1004103051850203,169.08384953517637,14269,49.99999999999873,0.6995800781249999,0.0
2022-12-17 17:10,220.38931616807267,1.2715999531318225,189.62842921530597,14284,49.996875,0.6793822957214068,0.0
2022-12-17 17:15,220.07310278460403,1.185108110406298,178.2680226594495,14299,50.0,0.6849847537371296,0.0
2022-12-17 17:20,220.471266214286,1.1271534575181463,172.9771144046874,14313,50.0,0.6949999999933061,0.0
2022-12-17 17:25,220.61305343609766,1.2650489542575287,189.76339964879207,14329,50.0,0.6800013759167995,0.0
2022-12-17 17:30,220.50341669239486,0.8234867055020111,126.44839309911575,14343,50.0,0.6989062479955285,0.0
2022-12-17 17:35,220.46149052805913,1.243919492738328,187.8075170798386,14357,49.999999999999986,0.6851563949883029,0.0
2022-12-17 17:40,219.66979904304083,1.250980275778553,188.23600152483897,14373,49.999999234062855,0.6867969178548082,0.0
2022-12-17 17:45,219.70655059338165,1.0707740146087632,167.66748778106125,14387,49.999996948149054,0.7100664520262638,0.0
2022-12-17 17:50,219.3455498366189,1.2592375270603737,189.17426451563637,14402,49.98976440217793,0.6881253812462977,0.0
2022-12-17 17:55,219.53563212912508,0.9452584942603807,144.50793577772197,14417,49.999999999999886,0.6999725330386866,0.0
2022-12-17 18:00,220.7910982567991,0.9566905564180834,149.67557289182258,14431,50.0,0.7073632037948119,0.0
2022-12-17 18:05,221.2647389353496,0.9561328352896259,150.64929191889692,14442,50.0,0.7099996948242233,0.0
2022-12-17 18:10,221.17871634576701,0.7033843535726932,100.07168684480297,14455,50.0,0.6451306152286997,0.0
2022-12-17 18:15,216.80758171395192,8.952241128530062,1936.77906930989,14466,50.0,0.9999999999775782,0.0
2022-12-17 18:20,221.33108374425507,0.693654366633255,94.98710140452867,14569,49.99999999998413,0.6142578125,0.0
2022-12-17 18:25,220.06663237159643,0.2439067135813054,29.210127440483173,14702,50.0,0.5430831279206406,0.0
2022-12-17 18:30,220.82960384843716,0.743957030837578,118.50057266635034,14707,50.0,0.7200750284875261,0.0
2022-12-17 18:35,221.5182212553213,0.6816091323550328,100.80095924616994,14711,49.99687385559081,0.6700924688575471,0.0
2022-12-17 18:40,222.1545352398188,0.2792179516873897,41.2736001350246,14719,50.0,0.6631912539340556,0.0
2022-12-17 18:45,222.39126146033408,0.24574081423056576,31.425068207827227,14725,50.0,0.5729151557200285,0.0
2022-12-17 18:50,222.1184208330473,0.2514676304793303,31.556604072482404,14728,50.0,0.5642848065314785,0.0
2022-12-17 18:55,222.21088034548174,0.2544811481823984,32.44344691738381,14730,50.0,0.5708042200023802,0.0
2022-12-17 19:00,221.1276809338682,0.25550880649705965,32.795359770930254,14733,50.0,0.580788350854124,0.0
2022-12-17 19:05,222.3265320291304,0.2565201832189214,33.322084293117655,14736,49.90810550014173,0.5841807315244099,0.0
2022-12-17 19:10,222.3120952982465,0.25151451782232204,31.54163065985648,14738,49.99998474114047,0.561772928965121,0.0
2022-12-17 19:15,223.0234216156097,0.2565878543459943,33.16525004976086,14741,50.0,0.5781360199119085,0.0
2022-12-17 19:20,223.69880988951854,0.25404478420769366,32.87062461733579,14744,49.99999999996491,0.5773210795446636,0.0
2022-12-17 19:25,223.56472358061941,0.2524175168941273,32.24696763281511,14747,50.0,0.5705662458815249,0.0
2022-12-17 19:30,223.4218019629143,0.2526238376116013,32.19828759053503,14750,50.0,0.5680102377229983,0.0
2022-12-17 19:35,222.95695926669677,0.2532984089456934,32.481590233673266,14752,50.0,0.5752200884853638,0.0
2022-12-17 19:40,222.87311807240832,0.2551564134443215,33.15947618660567,14755,50.0,0.5828959852853406,0.0
2022-12-17 19:45,222.43405491414583,0.8184894751450491,130.06614608570098,14758,50.0,0.7151164227694977,0.0
2022-12-17 19:50,222.66985213835758,0.8299475584493426,130.4329432241592,14767,50.0,0.71,0.0
2022-12-17 19:55,222.7444107696428,0.7642256436904725,116.65117364523434,14778,50.0,0.6850024414062816,0.0
2022-12-17 20:00,221.19469731946276,0.7059571710442892,102.84899903507213,14788,49.99999923706055,0.6600000000046975,0.0
2022-12-17 20:05,221.49011986495637,0.6799746370418026,98.32821648713984,14797,49.95653885304917,0.650010188074958,0.0
2022-12-17 20:10,221.45545431784302,0.6992139253885603,99.80957087399361,14805,49.999999999894925,0.64625,0.0
2022-12-17 20:15,220.85942002012916,0.6916107848173696,99.14252230451321,14814,50.0,0.65000015258789,0.0
2022-12-17 20:20,220.17812759956115,0.6751449992067327,97.20335578705888,14822,49.99999999999714,0.653038024900011,0.0
2022-12-17 20:25,221.2781038971179,0.6741516056878616,97.86977732308284,14830,50.0,0.6581176781840623,0.0
2022-12-17 20:30,221.81580966592765,0.6829821083008762,98.12492533347263,14838,50.0,0.6499218744027895,0.0
2022-12-17 20:35,222.40685887486563,0.6776630372965529,97.45521143198256,14846,50.0,0.649993896484375,0.0
2022-12-17 20:40,222.61457002000168,0.6883782313163662,98.39223364158582,14855,50.0,0.6400018735070674,0.0
2022-12-17 20:45,221.97819709054937,0.6831356207884081,97.64291061641397,14863,50.0,0.645,0.0
2022-12-17 20:50,222.7937305347294,0.6887257062077978,98.73009265925275,14871,50.0,0.64121337890625,0.0
2022-12-17 20:55,221.35003964407127,0.685945881300962,98.66446422973922,14879,50.0,0.6496852210769251,0.0
2022-12-17 21:00,223.8009030639265,0.6802788374841089,97.17782049485115,14888,50.0,0.640000610537826,0.0
2022-12-17 21:05,223.50951676478394,0.6905673553934104,99.53112833515524,14896,49.96570602489582,0.6412767579525849,0.0
2022-12-17 21:10,223.64606921516423,0.6889196727642208,98.59209643056174,14904,49.962793452316696,0.6401171875010914,0.0
2022-12-17 21:15,223.37151334677873,0.6370244564761525,82.39958730803534,14912,49.97241645013578,0.580000011920929,0.0
2022-12-17 21:20,222.67749924779616,0.21309411750085017,23.593745180544868,14920,49.949993133295536,0.49554033881046033,0.0
2022-12-17 21:25,223.13208896422384,0.21593197144766746,24.52289549365188,14924,49.99999999962747,0.5098373991676328,0.0
2022-12-17 21:30,224.16283080506227,0.2122045936701391,23.791840380458673,14926,49.99999971352518,0.5002928689777206,0.0
2022-12-17 21:35,223.55137847322663,0.2155152266075676,24.52388403279902,14928,49.9480213880538,0.5116352656114642,0.0
2022-12-17 21:40,224.15135399258105,0.21284341698122866,23.735026477641384,14930,49.99374980926514,0.49469782410079344,0.0
2022-12-17 21:45,224.33262478924004,0.21642846875526123,25.027361590088947,14932,49.99999999981374,0.5143733570581841,0.0
2022-12-17 21:50,224.65138149976264,0.21466579055036483,24.377708689411847,14934,49.99999923557043,0.5057164117834719,0.0
2022-12-17 21:55,224.36931757778058,0.21758756681964858,25.050461086814003,14936,49.99999980748398,0.5127396477672311,0.0
2022-12-17 22:00,223.82571517080618,0.21217556326918607,23.57756264277858,14938,50.0,0.4943830094446843,0.0
2022-12-17 22:05,223.67956477747055,0.21862787851484478,25.276948917695762,14940,49.99780273436336,0.5168985931235277,0.0
2022-12-17 22:10,224.16197149195273,0.21396820174751097,24.258533502285665,14942,49.9999999991618,0.5038085435444227,0.0
2022-12-17 22:15,224.76126444070024,0.21308817877173675,23.74311115239897,14944,50.0,0.4953588632627724,0.0
2022-12-17 22:20,224.53129850898057,0.21608657063048897,24.66747855435007,14946,49.99999999999127,0.5106694929985602,0.0
2022-12-17 22:25,224.82724984751707,0.21350779327739833,23.912757853915288,14948,50.0,0.49699005946542874,0.0
2022-12-17 22:30,224.83130429046892,0.21518794985190054,24.15471855091377,14950,50.0,0.4994954894567296,0.0
2022-12-17 22:35,224.9666369281387,0.21326054413134798,23.93288773246981,14952,50.0,0.49596740347065027,0.0
2022-12-17 22:40,223.53600113463136,0.21480407578382416,24.13962775515511,14954,50.0,0.5019129144725907,0.0
2022-12-17 22:45,224.61632858611637,0.7000953555552937,100.404853370652,14956,50.0,0.6387498453085265,0.0
2022-12-17 22:50,224.77387794045737,0.8123187219435399,124.1156845080574,14960,50.0,0.6799999999999906,0.0
2022-12-17 22:55,224.602535061458,0.773631452075344,117.81299648107564,14970,50.0,0.6800000000000002,0.0
2022-12-17 23:00,224.2087854420903,0.7267875853200731,105.9811215881455,14980,50.0,0.6501586914330255,0.0
2022-12-17 23:05,224.22542796693304,0.7094413084977298,101.3555114310314,14989,49.993801374264876,0.6399609327316749,0.0
2022-12-17 23:10,224.29813751698373,0.7004998869686212,99.28724793360819,14998,49.987439098791825,0.6300000031572546,0.0
2022-12-17 23:15,224.41152468479532,0.693663589378666,95.32035882137245,15006,49.99375,0.6101159669104013,0.0
2022-12-17 23:20,224.84675901895636,0.6967883807192649,97.12803740394293,15015,49.99999846331775,0.6199336910385569,0.0
2022-12-17 23:25,224.55938654236635,0.728619223905122,104.7394568618493,15023,50.0,0.6400048828124998,0.0
2022-12-17 23:30,224.89843031678612,0.7096749321364926,101.23889945162259,15031,50.0,0.6314239504933357,0.0
2022-12-17 23:35,224.77343011782403,0.7077194719464769,99.14308113910391,15040,49.999999999999815,0.6250099396705628,0.0
2022-12-17 23:40,224.9907887383024,0.6988724099092678,97.52891014455794,15048,50.0,0.62,0.0
2022-12-17 23:45,225.37934176683962,0.7084977667153938,99.65558599231485,15056,50.0,0.6218749987705996,0.0
2022-12-17 23:50,224.67446906079425,0.6950374906323803,97.54269381447102,15065,49.98745117187499,0.622714842481068,0.0
2022-12-17 23:55,224.4725736492547,0.706084241177561,98.61169963821511,15073,50.0,0.6200194531699526,0.0
2022-12-18 00:00,224.75701451557924,0.7096237884963854,99.14948911803523,15081,50.0,0.620079039335178,0.0
2022-12-18 00:05,224.0935630238481,0.7055812493768776,98.94142874882775,15089,49.95078125420443,0.6244531249995635,0.0
2022-12-18 00:10,224.2631695994844,0.7020296604962873,97.33388217005087,15098,49.95075960274844,0.6200000000000081,0.0
2022-12-18 00:15,225.09370824337228,0.7240559595594305,99.4105457222504,15106,49.91728102218876,0.6100001277029514,0.0
2022-12-18 00:20,225.2447978222193,0.7208615576557239,98.78384692921638,15114,49.993499608327554,0.61,0.0
2022-12-18 00:25,225.5923703221506,0.7084795521515491,98.1439927486444,15122,49.99999997604172,0.6110155880451191,0.0
2022-12-18 00:30,225.26798980671694,0.7001931420072924,97.98200420746754,15130,49.9718734741211,0.6199937122315169,0.0
2022-12-18 00:35,225.30613765289002,0.6780568417124828,83.8116560613523,15139,49.99843749999999,0.5500000098347642,0.0
2022-12-18 00:40,225.78396803512362,0.21190994190503337,23.503786175974312,15146,49.99999999962747,0.4917624169241752,0.0
2022-12-18 00:45,225.85337591586415,0.2148571967809258,24.26138396413706,15150,50.0,0.4968381078923122,0.0
2022-12-18 00:50,225.5202316832399,0.21210040700499777,23.808291986181686,15152,50.0,0.4983417409461993,0.0
2022-12-18 00:55,225.63090574719212,0.2167410373401607,24.95392863908873,15154,50.0,0.5091992353959307,0.0
2022-12-18 01:00,224.3764664791039,0.21743935478965265,25.00632554472395,15156,50.0,0.5092080138983399,0.0
2022-12-18 01:05,224.57996813558196,0.2137553005955955,23.732298343236174,15158,49.94990857042321,0.4944492593191022,0.0
2022-12-18 01:10,225.00148228529855,0.21440338411649923,23.979320134772696,15160,49.9999991281786,0.49731374117739857,0.0
2022-12-18 01:15,225.06946733266057,0.21811682702712082,25.07117233048821,15162,50.0,0.5113476999913151,0.0
2022-12-18 01:20,225.10476421025626,0.21476900418767347,24.075307413469584,15164,50.0,0.49784798965532207,0.0
2022-12-18 01:25,225.12019138176117,0.21352087202094994,23.85414465614513,15166,50.0,0.49518258352334055,0.0
2022-12-18 01:30,224.9909949112005,0.21965869289689816,25.367244257972274,15169,50.0,0.512156805095815,0.0
2022-12-18 01:35,225.0245338867686,0.21253036354208543,23.580947357826666,15171,49.97489623929434,0.49465867730728746,0.0
2022-12-18 01:40,224.78296742774475,0.21735927629651436,24.815372982069178,15173,50.0,0.5057899957264249,0.0
2022-12-18 01:45,224.92599980386697,0.21334412210833864,23.821713428723644,15175,50.0,0.4976632267225499,0.0
2022-12-18 01:50,224.65924526723,0.21670577905636484,24.540334715924963,15177,49.99999998807907,0.5015166491523892,0.0
2022-12-18 01:55,224.78169567361925,0.21723318597077418,24.65282273766571,15179,50.0,0.5016258311400835,0.0
2022-12-18 02:00,224.89366461987663,0.21814387849852002,25.067244779632322,15181,49.96229858398438,0.5127773182457502,0.0
2022-12-18 02:05,224.78556099635475,0.21373210811525617,23.723167438265797,15183,49.924861264228824,0.49384689121912617,0.0
2022-12-18 02:10,224.54402610760047,0.819894781732871,123.77446552933765,15185,49.999999986076276,0.6699999796965856,0.0
2022-12-18 02:15,224.56342904001787,0.815268659730023,122.82829590303747,15193,50.0,0.6700000000745059,0.0
2022-12-18 02:20,224.60568655068374,0.7498701248385076,110.38002901602925,15204,49.99999923706055,0.6537500166869723,0.0
2022-12-18 02:25,224.62942829302045,0.7146313642500561,102.3391910623327,15213,49.97479248046875,0.6400000000011641,0.0
2022-12-18 02:30,224.88756132141822,0.7065344451337089,99.4329445419209,15222,50.0,0.6291711425781252,0.0
2022-12-18 02:35,224.59891642804843,0.699464152340324,99.18807424904085,15231,49.999999618481816,0.63,0.0
2022-12-18 02:40,224.72177086765572,0.7005863224623877,98.63507349708804,15239,49.99955749511719,0.625,0.0
2022-12-18 02:45,224.31065673660913,0.7078361319085129,98.5712558835844,15247,49.99999999999977,0.6200000000000001,0.0
2022-12-18 02:50,224.42423675894975,0.7043129621954523,97.63702198518635,15256,50.0,0.62,0.0
2022-12-18 02:55,224.1998315324912,0.7182602779825774,99.73484446387624,15264,50.0,0.62,0.0
2022-12-18 03:00,224.27203362301515,0.6999724873374112,97.09546018600585,15272,50.0,0.6199999999208377,0.0
2022-12-18 03:05,223.93704546942175,0.7025739560990528,98.34433998135805,15280,49.99999256348103,0.627534214929911,0.0
2022-12-18 03:10,223.9004244075506,0.7039143079456297,98.81598461855387,15288,49.999987030029295,0.6298925782890672,0.0
2022-12-18 03:15,224.19690882433014,0.7055344997651063,98.75216138350942,15297,50.0,0.624384153472415,0.0
2022-12-18 03:20,224.21509264181884,0.6984327358454927,97.65022778068159,15305,49.99999999999996,0.6201562507309608,0.0
2022-12-18 03:25,224.17543877484331,0.7098368245773203,98.7390914293693,15313,49.99999999999999,0.6199999998509886,0.0
2022-12-18 03:30,224.2033488875382,0.7100283838891608,98.43404456109268,15321,49.99999999925494,0.62,0.0
2022-12-18 03:35,224.00126337999683,0.7033666116039259,97.79719730445339,15330,49.99999918271205,0.6212504577636719,0.0
2022-12-18 03:40,224.0027865507109,0.7038951901563459,97.79227536646303,15338,49.99921721512214,0.6199609374999999,0.0
2022-12-18 03:45,223.90000094306308,0.7013245823304124,97.72916909196846,15346,49.99999999694992,0.6203125,0.0
2022-12-18 03:50,224.04186838790258,0.6983729782685526,97.82200744378208,15354,49.9999999999949,0.6276665690539824,0.0
2022-12-18 03:55,223.81283568974004,0.6869727338362892,92.62066012186688,15362,50.0,0.6000000000023342,0.0
2022-12-18 04:00,224.10024761794642,0.21515568004219832,24.205483907894212,15371,50.0,0.5036364722205326,0.0
2022-12-18 04:05,223.86549107996683,0.21659653330688328,24.86439597890515,15376,50.0,0.5161735173324998,0.0
2022-12-18 04:10,223.89379092418238,0.21617334764034585,24.703603039114423,15378,49.99999995231629,0.5090925281149521,0.0
2022-12-18 04:15,223.7709025164292,0.21025559113567338,23.184026234816017,15380,50.0,0.4951033901645058,0.0
2022-12-18 04:20,223.97108879557933,0.2179737166566585,25.134537115992337,15383,49.99997329692123,0.5152171798831316,0.0
2022-12-18 04:25,223.9577428573166,0.21627096386532313,24.700828503109854,15384,49.95,0.5122308587610189,0.0
2022-12-18 04:30,223.86230483435827,0.21350087795609052,23.748464818782402,15387,50.0,0.495400285929094,0.0
2022-12-18 04:35,223.6998753062315,0.21186827783712842,23.605604356843006,15389,49.996875,0.4954199684194278,0.0
2022-12-18 04:40,223.8732882164523,0.21833239046971203,25.27714737949154,15391,49.99999866262072,0.5169424063786331,0.0
2022-12-18 04:45,223.3039112207709,0.21001982008069092,23.020060348157475,15393,49.94987698923791,0.49172668612560466,0.0
2022-12-18 04:50,223.63028586958086,0.21412072638749147,24.181331611633524,15395,49.99999965424577,0.5042188891043183,0.0
2022-12-18 04:55,223.42392854526366,0.213963301130647,23.968641632870064,15397,50.0,0.5029744900641687,0.0
2022-12-18 05:00,223.63062416246206,0.213816333431604,24.147109657090812,15399,50.0,0.5068448095799696,0.0
2022-12-18 05:05,223.46816859563685,0.21301865737015996,23.91978093498782,15401,50.0,0.5026730589278285,0.0
2022-12-18 05:10,223.41241474668087,0.21493140766342728,24.416245010802307,15403,49.99997520446777,0.5088487309234513,0.0
2022-12-18 05:15,223.26024102966676,0.20953275840357777,22.887216484929695,15405,49.998437499807594,0.48843297427071697,0.0
2022-12-18 05:20,222.8284741180636,0.2165259602527464,24.766965491043287,15407,49.93749999999991,0.5134253803073044,0.0
2022-12-18 05:25,222.93209136994733,0.21685606982656414,24.857153156943802,15409,50.0,0.5164245104138061,0.0
2022-12-18 05:30,222.36300279317885,0.7437363132143309,109.84743451328417,15411,49.99999999944121,0.6668700462234871,0.0
2022-12-18 05:35,222.4403014311162,0.8114924787828804,122.72091264537926,15416,49.99999959454871,0.6799999999999999,0.0
2022-12-18 05:40,222.45336274804419,0.7736978362505317,116.16842416855327,15426,49.999993896484376,0.675,0.0
2022-12-18 05:45,222.67645755482138,0.7279159297176533,104.35259589396351,15437,49.999999952316195,0.6401123058797384,0.0
2022-12-18 05:50,222.39982026645225,0.7115486531685258,99.77962278654468,15446,49.9997520327568,0.6300000000371075,0.0
2022-12-18 05:55,222.4988628482168,0.7077765901892633,98.78501062367775,15454,49.99999999981374,0.6293554663565009,0.0
2022-12-18 06:00,222.40836770290244,0.6975558180201067,98.05517264125812,15462,50.0,0.6303125,0.0
2022-12-18 06:05,222.6265860514895,0.6912203023263273,97.89917873060337,15471,50.0,0.6384350305062276,0.0
2022-12-18 06:10,222.34208615788845,0.6958747038857529,97.54248142016118,15479,50.0,0.6300067138671865,0.0
2022-12-18 06:15,222.18228877040855,0.7028708047807496,97.70169649071522,15487,50.0,0.6274998472737208,0.0
2022-12-18 06:20,222.50311033341478,0.8193700397259618,130.96629685198965,15496,49.96164245605469,0.7045739746093798,0.0
2022-12-18 06:25,223.37362582752093,0.6928371179779481,97.90285747861701,15505,49.90233583431687,0.6299999998512829,0.0
2022-12-18 06:30,223.18220877211834,0.6950650852838203,98.0091715795362,15513,49.999363594118755,0.63,0.0
2022-12-18 06:35,223.3056331889099,0.706577635204638,98.42173634555502,15521,49.92421874998817,0.6200048828800209,0.0
2022-12-18 06:40,223.35047659668945,0.9424784745627388,161.30529950526943,15530,49.99959716796875,0.7689049337335019,0.0
2022-12-18 06:45,223.0171636551163,0.9964794690496385,175.16619429597313,15540,49.99999771117582,0.7886694335387437,0.0
2022-12-18 06:50,223.20131806844546,1.0500464157765248,188.26743418025268,15554,49.999999809265134,0.8000500491039781,0.0
2022-12-18 06:55,222.71594664678955,0.9270275469404591,158.1802420590838,15569,49.9968017578125,0.7698181912425811,0.0
2022-12-18 07:00,223.00441607735348,0.852812392322439,140.57515131527265,15584,50.0,0.7400244140625,0.0
