date,voltage,current,power,energy,frequency,power_factor,alarm
2022-12-15 17:28,221.9057913616586,1.05036412556099,166.56228673189565,243,49.9375,0.7162346599610541,0.0
2022-12-15 18:40,221.86632508461688,1.8244260445535887,293.2149853579126,415,49.99999999999963,0.7270650621849355,0.0
2022-12-15 18:45,221.9951707680204,1.8263881274797142,294.8567367074587,439,50.0,0.7266709787743908,0.0
2022-12-15 18:50,219.2235947528365,6.455171112162953,1341.2401339735577,463,49.99999999999998,0.9541536456827607,0.0
2022-12-15 18:55,220.878470242465,1.842976694201036,303.7792395926562,549,50.0,0.7447216774597545,0.0
2022-12-15 19:00,222.28832541257754,1.634367505231685,260.80467383509927,640,49.925,0.7171847086702554,0.0
2022-12-15 19:05,222.2780740842574,1.6359168616697102,261.1956732102478,662,49.90000153053697,0.7159151979695403,0.0
2022-12-15 19:10,222.6697797422679,1.5790602218202854,250.0856442155221,683,49.96874867537408,0.7098207388592512,0.0
2022-12-15 19:15,222.28672367555131,1.632518122401808,257.9346968003853,705,49.99862418099347,0.7082567282902388,0.0
2022-12-15 19:20,222.52009042588077,1.6375154178084237,258.4946509421975,726,49.99999430715019,0.707144113657444,0.0
2022-12-15 19:25,222.7783123645631,1.6158187968206796,256.3850552017714,747,49.999975585564755,0.7121605082664733,0.0
2022-12-15 19:30,222.7508687003687,1.7086946941541623,271.89363962678675,768,50.0,0.7138691018400753,0.0
2022-12-15 19:35,221.64389733714717,1.6811358166076644,266.55488568684245,790,50.0,0.7145553128767435,0.0
2022-12-15 19:40,222.7387501492438,1.688999335344215,270.2385859088396,812,50.0,0.7171221494038666,0.0
2022-12-15 19:45,223.09319763616736,1.6444955401625774,262.50634144453306,834,50.0,0.7135667939271425,0.0
2022-12-15 19:50,223.20529159815894,1.6152797616837375,258.0435816596274,856,50.0,0.7140006787894614,0.0
2022-12-15 19:55,222.59475980552216,1.6180269797480216,258.1476094540284,877,50.0,0.7186906641295666,0.0
2022-12-15 20:00,222.4746017744245,1.6245325376954947,255.36729377029351,899,50.0,0.7071280359734087,0.0
2022-12-15 20:05,222.8494005792648,1.5757435921408613,249.5090691480459,920,49.9000373212575,0.7069893970634021,0.0
2022-12-15 20:10,223.37797080630827,1.4469873288819506,224.2287012819939,940,49.91365757936147,0.691989285604445,0.0
2022-12-15 20:15,222.51563687252462,1.4560804179969686,225.2132728908075,960,49.99999999990686,0.6942809157396131,0.0
2022-12-15 20:20,223.2245881964971,1.4650144764353201,232.48501440296428,980,49.99999999534339,0.7121426547975571,0.0
2022-12-15 20:25,223.29603690861114,1.459533997299565,231.38075222078885,999,49.99999980020783,0.7092619930799887,0.0
2022-12-15 20:30,222.29600291147307,1.5148557396443634,244.60170951300796,1018,49.99999999990686,0.7247544639218431,0.0
2022-12-15 20:35,221.96281233858022,1.4795812561655206,231.03025654543194,1038,50.0,0.7018289127520516,0.0
2022-12-15 20:40,222.53076344708086,1.4952561449866328,235.84980358754478,1057,50.0,0.7048297612654704,0.0
2022-12-15 20:45,223.28161917544338,1.5157259625381165,240.73879012512037,1076,50.0,0.7090645907667514,0.0
2022-12-15 20:50,223.10463813177262,1.4994804298516176,238.79037527827342,1096,50.0,0.7169744309354059,0.0
2022-12-15 20:55,222.37959658396744,1.482821803665841,233.50726361438905,1115,50.0,0.7089587885792421,0.0
2022-12-15 21:00,223.2029697814151,1.4479854732721271,227.0477470818506,1135,50.0,0.6994451031724417,0.0
2022-12-15 21:05,222.46434233470148,1.486615093818996,235.87410287178312,1154,49.90010070875584,0.7169111127438783,0.0
2022-12-15 21:10,222.59180657394285,1.490160549568349,236.0708563842747,1173,49.98180985825961,0.7145780446252902,0.0
2022-12-15 21:15,222.86316296618605,1.4424257252181598,226.6685817092713,1192,50.0,0.7034298971698376,0.0
2022-12-15 21:20,223.1267772151137,1.4479665967192195,231.5536319988322,1211,49.999999974603995,0.7167957530008904,0.0
2022-12-15 21:25,222.46487294551758,1.4559458346282992,229.18182448637612,1231,50.0,0.7092803082563528,0.0
2022-12-15 21:30,222.8918826702399,1.5006085605682031,239.1445239756066,1250,50.0,0.713393925898048,0.0
2022-12-15 21:35,223.20925374742836,1.5382211917085256,247.0513497399535,1270,49.99960937022693,0.7170863233398477,0.0
2022-12-15 21:40,223.3114683070332,1.5213652599290386,244.4489168569175,1290,50.0,0.7188844740923169,0.0
2022-12-15 21:45,224.063785861694,1.0006782374750958,157.5814985631755,1310,50.0,0.698415192259133,0.0
2022-12-15 21:50,223.46127878772856,1.0691233282220094,164.35725838593055,1325,50.0,0.6864867946119544,0.0
2022-12-15 21:55,224.00943137274007,1.0897426384847786,169.62515630336918,1339,50.0,0.6941056875936676,0.0
2022-12-15 22:00,224.53369061274998,1.0650324221592462,166.00096296788126,1352,50.0,0.6932109503500425,0.0
2022-12-15 22:05,222.21975604762198,1.0605759884550068,163.44913456224003,1366,49.912503051855126,0.6913703273926979,0.0
2022-12-15 22:10,221.76193265066877,1.0565544073016158,164.3469001596659,1379,49.99367061101226,0.6976704559581663,0.0
2022-12-15 22:15,221.35586557826147,0.994837071782446,149.8837361224693,1392,49.99999976152874,0.6806155671604919,0.0
2022-12-15 22:20,222.10578210697258,0.9828294346051203,147.7460834757659,1405,50.0,0.6793159701980065,0.0
2022-12-15 22:25,222.5244381375253,0.9883271407133732,149.74149864644124,1418,50.0,0.6809609128913674,0.0
2022-12-15 22:30,222.5476193135578,0.9724938926185019,147.1875850711354,1431,50.0,0.6808033779667337,0.0
2022-12-15 22:35,222.92449430020875,0.9508419989115986,143.1216325246853,1444,50.0,0.6745530309680348,0.0
2022-12-15 22:40,223.12441652087,0.986916549192979,150.75511799916362,1456,50.0,0.6825783505624056,0.0
2022-12-15 22:45,223.28422619822229,0.9555206790429438,145.41769664074775,1469,50.0,0.6815939835078044,0.0
2022-12-15 22:50,223.27877889270306,0.9881534037038973,153.07453867247835,1482,49.9875,0.6932248046555146,0.0
2022-12-15 22:55,223.69767770727162,0.9953387156446808,154.83771807292797,1494,50.0,0.6956304008351122,0.0
2022-12-15 23:00,223.3738463494825,0.9470717197052476,143.4031821188853,1506,50.0,0.6802748866616323,0.0
2022-12-15 23:05,223.57992437111105,0.9809182744267378,151.84356950853945,1519,49.95613316497819,0.6910694346193089,0.0
2022-12-15 23:10,224.36453332597267,0.9619109620873394,145.6828703539294,1531,49.95,0.672037673418187,0.0
2022-12-15 23:15,224.2208618204482,0.9408550373751193,140.93223139694794,1543,49.900050562667744,0.666424119854029,0.0
2022-12-15 23:20,223.75675602447384,0.9580769874971082,144.92838713356952,1555,49.999022865082395,0.6728430462302124,0.0
2022-12-15 23:25,223.2813061572839,0.9360478857901506,140.32848470203265,1568,49.99999991001572,0.6727457131794325,0.0
2022-12-15 23:30,223.8505059803214,0.9592321703143866,145.19508706247967,1580,50.0,0.672873869276704,0.0
2022-12-15 23:35,223.72227894962313,0.9947781124314252,152.6822279348209,1593,49.99999999962747,0.6836371191394975,0.0
2022-12-15 23:40,224.12870205482477,0.9821509105925664,150.7262707996187,1605,50.0,0.6822711140663263,0.0
2022-12-15 23:45,223.9308551405777,0.9733648729474744,148.75640555236737,1617,50.0,0.681521902587601,0.0
2022-12-15 23:50,223.9215038316654,0.9684615814468494,146.49405006925153,1630,50.0,0.6751759554630686,0.0
2022-12-15 23:55,223.90470093583457,1.032298353692014,159.1376785583334,1642,50.0,0.6891458548817311,0.0
2022-12-16 00:00,224.09970638954894,1.0007972557076994,153.32144531993498,1655,49.999999999161794,0.6816123599920195,0.0
2022-12-16 00:05,224.23410162320016,0.9838152475106704,149.80521816740185,1668,49.90477373141552,0.6770875549643826,0.0
2022-12-16 00:10,224.34498736634205,0.9628520366841798,145.42375403219384,1681,49.999605720573335,0.6703557164541409,0.0
2022-12-16 00:15,223.96556978205285,0.987566842386988,151.00450324757134,1693,49.99921569824219,0.6777465643194072,0.0
2022-12-16 00:20,223.85505226046163,1.1050425723572816,174.2245022174376,1706,49.99999997608823,0.7015148857815496,0.0
2022-12-16 00:25,224.21121048075025,0.9861190742783935,151.22467675382808,1719,49.996630859375,0.6816083739443879,0.0
2022-12-16 00:30,224.38406313632885,0.9807081666822649,149.29058230421217,1732,49.9999999999999,0.6778967721526825,0.0
2022-12-16 00:35,224.23706078643553,0.9967291221882668,153.81880056202428,1744,49.999999999810626,0.6863352308522096,0.0
2022-12-16 00:40,224.25155811228623,0.9733825308743175,147.07029339922923,1757,50.0,0.6727576691725052,0.0
2022-12-16 00:45,224.3677461863017,0.976469614680562,149.62950672619462,1769,50.0,0.6814008931632668,0.0
2022-12-16 00:50,223.75277385387483,1.0001669851781927,152.7368151489624,1781,50.0,0.6813754343820826,0.0
2022-12-16 00:55,223.9151358957833,0.963374108955696,145.5205215406683,1794,50.0,0.6728555718290876,0.0
2022-12-16 01:00,223.5535433665202,0.9561416191407114,143.672177419863,1806,50.0,0.6677687506428996,0.0
2022-12-16 01:05,223.500973659824,1.0033246531731586,152.24981265405404,1819,49.937497469135565,0.6803277966380119,0.0
2022-12-16 01:10,223.5960809875789,0.9680344008871677,145.43229554854636,1831,49.99995342035625,0.670749575866582,0.0
2022-12-16 01:15,223.71552490870343,0.9740161096105802,145.88910161742655,1843,49.999999987793856,0.6687897570784218,0.0
2022-12-16 01:20,223.55654217415062,1.024153898043593,155.9777259648139,1856,49.99999999999999,0.6803990500249668,0.0
2022-12-16 01:25,223.7303565289128,0.9957877708438404,151.6647088028737,1868,49.99999999999996,0.678540393540726,0.0
2022-12-16 01:30,223.73900104925636,1.0033338108698637,153.0412513495586,1881,50.0,0.6807077485754799,0.0
2022-12-16 01:35,223.82342850698498,0.999115311210556,152.43896494861144,1893,49.999999999987686,0.6792853561879847,0.0
2022-12-16 01:40,223.53980422112815,1.0038991954919065,152.73826922272886,1905,50.0,0.6806867060292127,0.0
2022-12-16 01:45,224.20931911137856,0.9938483452481365,151.31090744739237,1918,50.0,0.6804896320177124,0.0
2022-12-16 01:50,224.08589185765402,1.0013201321365093,152.36761103320057,1930,50.0,0.6797647848997674,0.0
2022-12-16 01:55,223.91782955392256,0.9786086835645088,147.93450754620397,1943,50.0,0.6762162545972785,0.0
2022-12-16 02:00,223.68593247517106,0.9953115644230269,151.47843909361274,1955,50.0,0.6809090823875804,0.0
2022-12-16 02:05,223.66594055110158,0.9685389559430038,145.31793488310433,1967,49.99765624626298,0.6727212491726939,0.0
2022-12-16 02:10,223.77529443906693,1.010482984552129,154.03522023092202,1980,49.99999999999997,0.6838408896845559,0.0
2022-12-16 02:15,224.11158457647792,1.0119861014774059,155.13202062163748,1992,50.0,0.6853827002195167,0.0
2022-12-16 02:20,223.60235946612846,1.0014376297836505,150.67181832108582,2004,50.0,0.6710315857251876,0.0
2022-12-16 02:25,223.87073272849779,0.9700094974854575,144.87041123415725,2017,50.0,0.663715268565152,0.0
2022-12-16 02:30,223.4595029715819,0.9825542364717941,146.59898103440008,2029,50.0,0.669107557862658,0.0
2022-12-16 02:35,223.73091698357385,0.9752077134963653,147.4920589798288,2041,49.99998779296857,0.6757088314142305,0.0
2022-12-16 02:40,224.10189681425885,0.983932473680023,149.7725133227216,2054,50.0,0.6788774286593101,0.0
2022-12-16 02:45,223.93180218775797,0.9842847635324894,147.9040129551373,2066,50.0,0.6674272074641081,0.0
2022-12-16 02:50,223.74329663631573,0.9935210595002799,150.23043779926567,2078,50.0,0.676658362863449,0.0
2022-12-16 02:55,224.23161432459216,0.9521621447124528,141.33978281082068,2091,50.0,0.66333452638012,0.0
2022-12-16 03:00,223.98579841713587,0.9718610696876082,147.17566654252903,2103,50.0,0.6725467803542985,0.0
2022-12-16 03:05,223.8880852688955,0.99985348316715,152.72942568928076,2116,49.99140624999562,0.6827342375660153,0.0
2022-12-16 03:10,223.2573152511269,1.0096717862575348,153.9612250572363,2128,49.999999999999886,0.6817104034736288,0.0
2022-12-16 03:15,223.0039334325507,0.980789784099303,148.02212975174936,2140,50.0,0.6795758073294187,0.0
2022-12-16 03:20,223.1107845064729,0.9427835129647664,139.7235867645279,2153,49.96200560629368,0.6660639261434247,0.0
2022-12-16 03:25,222.8951330256687,0.9866089719938939,149.54161376388046,2165,49.978124999999274,0.6791620844060643,0.0
2022-12-16 03:30,223.17300863352074,0.9808341927159718,146.54279855237147,2177,49.99982909560204,0.6705693367613565,0.0
2022-12-16 03:35,223.26961331623977,0.9673733907961743,143.89708015694987,2190,49.998408841707715,0.6659561852502929,0.0
2022-12-16 03:40,223.13120182793506,0.9634337411818532,142.1162545389667,2202,49.99999999919187,0.6573599923490423,0.0
2022-12-16 03:45,223.0187428033151,0.9653230696229842,144.26572385311897,2214,49.999998235260136,0.6716907765135852,0.0
2022-12-16 03:50,223.0873719029683,0.9731181034873208,145.7116814588361,2227,49.999609327315525,0.6722432486401899,0.0
2022-12-16 03:55,223.1809697244298,0.9779356404656734,147.13353556826019,2239,49.999877928936485,0.6737598790651242,0.0
2022-12-16 04:00,222.7245120056075,0.9897401263075903,148.00994534992316,2252,50.0,0.6736857427148839,0.0
2022-12-16 04:05,222.58005819374776,0.9758458422365845,144.52612392067329,2264,50.0,0.6647088102507535,0.0
2022-12-16 04:10,222.4474341085675,1.0228261393682314,155.2020127218141,2277,50.0,0.6839201860424604,0.0
2022-12-16 04:15,222.3135755383376,0.9744713976024992,144.67172931234256,2289,50.0,0.665204210797121,0.0
2022-12-16 04:20,222.4440351662486,0.9707084609308393,144.1029461543436,2301,50.0,0.6656204337382354,0.0
2022-12-16 04:25,222.28571123603555,1.0012542520727759,151.2912107865622,2314,49.99375,0.6790259673759856,0.0
2022-12-16 04:30,222.23861696500478,0.9659920554557024,144.81801968449383,2326,49.999999982118425,0.6728555992575327,0.0
2022-12-16 04:35,221.79472709907307,0.9375360803352322,138.95498380023417,2339,49.97494812011719,0.6661376250387225,0.0
2022-12-16 04:40,221.29434103059467,0.9610993529880725,144.71643376594966,2351,49.97375486766614,0.677827484107335,0.0
2022-12-16 04:45,221.34019582088132,1.0017669140540055,152.7442344469446,2363,49.93420366569171,0.685685528949221,0.0
2022-12-16 04:50,220.8097598214124,0.9674497847114492,145.1137819848552,2375,49.999999999999815,0.677388334826853,0.0
2022-12-16 04:55,221.12987996246892,0.9546926430595676,143.22079763309483,2388,49.99999990463257,0.6791069452479498,0.0
2022-12-16 05:00,219.9046447532072,0.9723643212283111,146.77551121819704,2400,50.0,0.6876111250199385,0.0
2022-12-16 05:05,221.89200118413248,0.9990633436659113,153.4952153845173,2412,50.0,0.6920743640396598,0.0
2022-12-16 05:10,221.58251943924847,1.0047274845814396,155.2143411018609,2425,49.999119180231354,0.6957010496476604,0.0
2022-12-16 05:15,223.23092239777714,0.9910970766323368,153.20222106808876,2437,49.99530729883272,0.6917834799366398,0.0
2022-12-16 05:20,223.11746236941582,0.99418797272057,153.1572635036547,2449,49.99687499999707,0.6918519713674631,0.0
2022-12-16 05:25,222.69132486231842,1.3745296992282037,214.4411365899354,2462,49.999992147406736,0.7033250660572283,0.0
2022-12-16 05:30,222.44106414712206,1.3439231367911701,204.50913793655997,2476,49.9999374276551,0.6830234740200158,0.0
2022-12-16 05:35,221.60483608159373,1.3713349070822956,212.8900212452666,2494,49.941357421875,0.7035238337890415,0.0
2022-12-16 05:40,221.22720290907262,1.3588681224148904,209.31380500511904,2511,49.99057440579057,0.694126896006587,0.0
2022-12-16 05:45,220.7352871350799,1.3009178344847019,194.56215112409052,2528,49.92481015812159,0.6800000000002488,0.0
2022-12-16 05:50,221.0483944524504,1.3033586009109142,194.8504126183032,2545,49.96474864175249,0.6798617564142659,0.0
2022-12-16 05:55,220.51020021672153,1.3016367898749082,194.44213735433686,2561,49.96249532696027,0.6799841499234833,0.0
2022-12-16 06:00,220.03830745953348,1.3149947256857915,194.31999443280625,2578,49.99999999999999,0.6700094795229223,0.0
2022-12-16 06:05,220.02529777632856,1.4111208750784467,216.97848249345554,2594,50.0,0.699531269147992,0.0
2022-12-16 06:10,220.10819695401045,1.3732341882643455,205.67496068842524,2610,49.9512470171263,0.6800011634827205,0.0
2022-12-16 06:15,221.45610666664012,1.403935642542963,214.7599317645098,2628,49.99995117167998,0.6899999999999636,0.0
2022-12-16 06:20,222.08390993671614,1.3958460053506998,214.1547444306904,2645,49.999902153015135,0.6903124998509883,0.0
2022-12-16 06:25,222.34708744295318,1.3953078224473376,213.13757554716042,2664,49.96505266953413,0.69,0.0
2022-12-16 06:30,222.12780437692743,1.4058624208004211,219.2211232814658,2681,49.99628268113014,0.6986704182624817,0.0
2022-12-16 06:35,222.1439887232477,1.442867610151772,228.43156139790673,2700,49.982345072899626,0.7143944740294682,0.0
2022-12-16 06:40,221.91923191105832,1.5977515652029943,257.8466599654415,2719,49.927589901828064,0.729986114501562,0.0
2022-12-16 06:45,222.76097056628603,1.5236680700487626,254.6280467828705,2740,49.9211509026878,0.7480712973314803,0.0
2022-12-16 06:50,222.2596124030514,1.6391531830400847,272.3046600699355,2760,49.92421682469721,0.7447039293426903,0.0
2022-12-16 06:55,222.0560869737314,1.5771750624244896,256.3073473754812,2782,49.99921860448064,0.7328821991790213,0.0
2022-12-16 07:00,222.07702297925107,1.7449996300258361,293.86757735895264,2804,50.0,0.7529651267347693,0.0
2022-12-16 07:05,217.2278881832691,9.433455081602567,2034.528727966319,2826,50.0,0.9899998748471007,0.0
2022-12-16 07:10,221.76963383969377,1.8053861174183585,296.1952220574229,2905,49.90661869049072,0.7388354578521102,0.0
2022-12-16 07:15,217.66408580314624,9.815554607483877,2110.470083941067,2996,49.97499384646214,0.9899994713301974,0.0
2022-12-16 07:20,221.5722011186479,2.001340396780501,338.3816214751202,3074,49.900000000023184,0.7642585850568526,0.0
2022-12-16 07:25,221.40797168239118,2.8498552870310885,505.13109225097446,3106,49.9,0.7978734862764809,0.0
2022-12-16 07:30,221.47464053279265,1.7581179507987,276.42955637544367,3134,49.93103451553115,0.7075107085209759,0.0
2022-12-16 07:35,220.97962165070135,1.4640641677299726,242.19417011284511,3164,49.9975582936553,0.7460894167651503,0.0
2022-12-16 07:40,220.5720492931411,1.4389024233933174,231.16955327372625,3186,49.9624202726291,0.7299611176836314,0.0
2022-12-16 07:45,220.25902903602525,1.3879718738340543,225.6332796399749,3205,49.97499999812982,0.7396687149123755,0.0
2022-12-16 07:50,216.49908266719478,9.41252120403572,2021.3056163306155,3225,49.9961890727281,0.9900000028865854,0.0
2022-12-16 07:55,217.57892896687972,9.436125040131556,2037.2304521162637,3344,49.97460937164561,0.99,0.0
2022-12-16 08:00,218.23054169099072,9.350638758272499,2026.1740213046094,3514,49.99589423483495,0.99,0.0
2022-12-16 08:05,217.56817905652343,9.393672266839966,2027.0855089104484,3684,49.999951171875,0.9900048828125,0.0
2022-12-16 08:10,217.69918484332595,9.34527566277293,2020.26497054887,3855,49.999938963970436,0.99,0.0
2022-12-16 08:15,218.13821419575908,9.396006975138974,2035.6336276717284,4025,50.0,0.99,0.0
2022-12-16 08:20,217.35412316707954,9.714742778614951,2096.5354017484897,4195,49.99837240183458,0.99,0.0
2022-12-16 08:25,217.29798731408954,10.027302915259373,2155.8866537744043,4367,49.99374999999553,0.99,0.0
2022-12-16 08:30,216.85077430642883,10.02095270984424,2151.303575145502,4545,49.921874994039534,0.99,0.0
2022-12-16 08:35,217.6430354281958,9.946980721640148,2143.7404300535945,4724,49.928959941060015,0.99,0.0
2022-12-16 08:40,218.19570765019486,10.087592466777764,2178.5122437301097,4903,49.99999999925476,0.9899615495292484,0.0
2022-12-16 08:45,221.51539498578026,2.3886194914459216,423.483004380297,4986,49.975,0.7997315169314971,0.0
2022-12-16 08:50,221.15701590254804,2.3886942074630895,419.4447376123219,5074,49.999973291158675,0.7945358261324692,0.0
2022-12-16 08:55,221.0189878998773,2.1608460696715266,377.5242804776804,5109,49.99362640306354,0.7862598370050136,0.0
2022-12-16 09:00,221.42084218551045,2.1439343096138006,375.76280277677085,5143,49.99999980907887,0.7887203282744498,0.0
2022-12-16 09:05,221.19156825660656,2.1879882869519562,378.44077172966183,5176,49.95335086079898,0.780317627151004,0.0
2022-12-16 09:10,221.9733285411712,2.0825849932130014,356.1705485928378,5209,49.99999999999997,0.7724860435442292,0.0
2022-12-16 09:15,220.58427148074833,2.072201213631569,352.2990458256697,5241,50.0,0.7712216395135083,0.0
2022-12-16 09:20,220.25888516941413,2.127866128611519,363.6110092791655,5272,49.999996185302734,0.7729154172157391,0.0
2022-12-16 09:25,220.10125232783815,1.9974113135133984,333.6943816894399,5302,49.99999828338623,0.7584522502126281,0.0
2022-12-16 09:30,220.15239387556176,2.1149494371946647,361.2378036505023,5333,50.0,0.7746504280009363,0.0
2022-12-16 09:35,219.93283113723396,2.036540684548003,345.66684897307886,5363,49.999902343748126,0.7732629461091202,0.0
2022-12-16 09:40,220.16917529631047,2.0302426392744506,344.6128387651635,5393,50.0,0.7724629492384298,0.0
2022-12-16 09:45,220.8697749826976,2.4027193902091324,436.6418142541469,5422,50.0,0.8194395098284277,0.0
2022-12-16 09:50,221.54353545047834,1.8302498103662415,311.9944178979297,5452,50.0,0.766621438193831,0.0
2022-12-16 09:55,220.9614115006139,1.9379191642459288,326.93256050808094,5485,50.0,0.7648613190528459,0.0
2022-12-16 10:00,221.92141834445783,2.1755242272309796,381.2667152020982,5513,50.0,0.7877633837224448,0.0
2022-12-16 10:05,222.4894137720249,1.853332370793182,316.1183149693717,5541,49.993744794607984,0.7631646833567719,0.0
2022-12-16 10:10,222.71373902430983,1.7952832626943853,304.1144900801671,5569,49.99999999979045,0.7590975057346555,0.0
2022-12-16 10:15,221.99742913486583,2.766573307603455,501.65745631674054,5597,50.0,0.8152185428007337,0.0
2022-12-16 10:20,222.138461099112,2.231917109577114,372.82346231996934,5630,49.99994390010833,0.7508151068871273,0.0
2022-12-16 10:25,222.1336430585504,2.258258873968092,395.33179691761643,5662,50.0,0.785744410556248,0.0
2022-12-16 10:30,221.37572439207284,2.0676234540084777,349.7339382886623,5695,49.999609375,0.7650105646222961,0.0
2022-12-16 10:35,221.43071571455215,2.970045525813269,538.5038750921674,5734,49.999002073670084,0.8198333390010475,0.0
2022-12-16 10:40,222.1035246677813,1.8645942112473841,299.9026146350102,5778,49.99921875,0.7257648706070938,0.0
2022-12-16 10:45,222.560178298863,1.7204906899213754,272.7425683787573,5814,49.94687336680944,0.7129101909468817,0.0
2022-12-16 10:50,221.8935549823128,3.228511463488937,602.8181357105116,5838,49.99999580093716,0.8398202848560736,0.0
2022-12-16 10:55,221.78156154487476,3.439692107743286,662.7119758062215,5865,50.0,0.8693753087171352,0.0
2022-12-16 11:00,220.99186678109822,3.5263803082557246,680.2529320240615,5920,50.0,0.8706205305735784,0.0
2022-12-16 11:05,220.76226348526185,3.6218034925482243,704.1970111838496,5975,49.90000000000073,0.8789377587084979,0.0
2022-12-16 11:10,220.8092194768135,3.532940699847097,684.6475311093177,6032,49.99965630418059,0.879525909425315,0.0
2022-12-16 11:15,220.50278874773485,3.646044742181151,713.1241658152758,6089,49.99999999999999,0.8895333101099936,0.0
2022-12-16 11:20,221.2300008092966,3.579228072637641,709.8455173789984,6147,49.99999990463256,0.8975152179604631,0.0
2022-12-16 11:25,221.40386835043444,3.6137976966234793,713.2858354970592,6205,49.99999999850988,0.8900005286553825,0.0
2022-12-16 11:30,220.81057630872084,3.585828597815494,711.5559267412048,6263,50.0,0.8999999791383746,0.0
2022-12-16 11:35,220.7270761624592,3.7409909404416837,747.9320781456499,6322,49.99999999999991,0.907597093580967,0.0
2022-12-16 11:40,221.27186690818922,2.5107480183415642,414.6100626230873,6382,50.0,0.7466680198907852,0.0
2022-12-16 11:45,220.8567469911505,3.4832956592040736,685.3820851214921,6435,50.0,0.8899999368173206,0.0
2022-12-16 11:50,220.49757074913293,3.81271411201842,759.833976949709,6478,50.0,0.9061719727353215,0.0
2022-12-16 11:55,221.14629948118528,3.613162018280068,719.5997578707428,6538,50.0,0.9001674559712389,0.0
2022-12-16 12:00,221.3328769511761,3.6184646027216427,720.580021634686,6599,50.0,0.8999999669055212,0.0
2022-12-16 12:05,221.56072691521248,2.3780692415946563,390.92242440596283,6659,49.9982320784125,0.7402332074670813,0.0
2022-12-16 12:10,221.50778811169354,3.5152533526504195,705.0991226289293,6708,49.99931030273287,0.9097265254498461,0.0
2022-12-16 12:15,219.9021764045685,3.29561688451205,674.008128254769,6755,49.99999999999998,0.9299999732675504,0.0
2022-12-16 12:20,220.01689164549896,2.7520246197103746,543.9931833212976,6813,49.96559367179871,0.8980982851418249,0.0
2022-12-16 12:25,220.29706983180986,3.0076568105983768,611.5331261089514,6843,49.95,0.9213112258556064,0.0
2022-12-16 12:30,220.57314901040806,1.8267070708500852,304.2263650448501,6893,50.0,0.7554346282128246,0.0
2022-12-16 12:35,219.81316999544575,2.9038952344440947,589.6612629447966,6933,49.999999046231096,0.9249999612245488,0.0
2022-12-16 12:40,219.8904623410732,2.6333928224006806,550.6392243960878,6970,49.99999999999999,0.9512499618524453,0.0
2022-12-16 12:45,220.48437039883078,1.6700765290500286,263.8088120737127,7019,50.0,0.7164883054792883,0.0
2022-12-16 12:50,219.53663679156654,2.8872375221926827,585.0911461648283,7061,50.0,0.9199999597668473,0.0
2022-12-16 12:55,219.51194948623328,2.986591093286684,607.8190344587304,7095,50.0,0.9299999619112351,0.0
2022-12-16 13:00,218.925164714839,3.051843144230708,619.2668697288541,7144,50.0,0.9300000381661813,0.0
2022-12-16 13:05,220.3093070206146,1.622127199040254,262.75462686616186,7196,49.99959716796875,0.733833007733627,0.0
2022-12-16 13:10,219.73187341188412,2.8931412356226325,586.348030509618,7238,49.99999988839845,0.9199999592456676,0.0
2022-12-16 13:15,219.22773252312396,2.98149875177269,606.9910279051694,7272,49.999999998509885,0.9299999811872841,0.0
2022-12-16 13:20,219.28418630542976,2.956296223923447,602.7200938282045,7322,50.0,0.9299999629046944,0.0
2022-12-16 13:25,219.22724267155053,2.990534341962869,607.7995941489489,7372,50.0,0.9293749780679379,0.0
2022-12-16 13:30,219.35058652428478,2.9582604442040266,602.0541902241366,7422,49.96074099521647,0.9302929450290733,0.0
2022-12-16 13:35,219.19008105633193,3.05008989412216,622.544278661218,7471,49.996286010735275,0.9300008387863274,0.0
2022-12-16 13:40,219.4895724670059,3.0605498364997703,624.4928300965233,7523,49.999993023648855,0.9299999868118307,0.0
2022-12-16 13:45,219.9235128977905,3.132803487535763,644.5671768976567,7575,49.9990234375,0.9350003051765924,0.0
2022-12-16 13:50,220.633016028011,1.0857516387748707,166.8643783888577,7626,49.99999999999699,0.700726928709191,0.0
2022-12-16 13:55,220.62441638442382,1.0920041657004957,168.08385182416748,7669,50.0,0.6969680255350337,0.0
2022-12-16 14:00,221.5932692839528,1.2329317901394758,203.81483423498645,7684,50.0,0.7416886300326289,0.0
2022-12-16 14:05,220.8329661288252,1.193319468273907,193.38581900494842,7700,50.0,0.7339950852164812,0.0
2022-12-16 14:10,221.59053161423566,1.1525624769158185,184.86990849254846,7716,50.0,0.7229887223704308,0.0
2022-12-16 14:15,221.32047098285156,1.128514625554902,179.19442261009112,7733,50.0,0.7200231660053715,0.0
2022-12-16 14:20,221.14563898394073,1.717967800194781,287.31110216927857,7749,49.973339843745315,0.7549116516113494,0.0
2022-12-16 14:25,216.49174799106856,11.434337032443018,2462.0010599825328,7771,49.99970376491472,0.9959140014648433,0.0
2022-12-16 14:30,219.30729078473271,3.4067801833965685,705.4781384232158,7936,49.99374999306442,0.9460727954404584,0.0
2022-12-16 14:35,219.7349334655711,3.450083799320069,716.3731290357441,8061,49.99999951258851,0.9432700233806801,0.0
2022-12-16 14:40,220.31130634897494,1.6885154261110022,281.74492228913266,8121,49.99371948242178,0.7571320079966916,0.0
2022-12-16 14:45,218.53769817337593,2.170370393910189,381.9224140858622,8157,49.99909057589248,0.8055394786689216,0.0
2022-12-16 14:50,218.152014887287,2.7449533096253687,439.10244609997153,8183,49.99999847412109,0.7303027343825724,0.0
2022-12-16 14:55,217.47837285740246,3.7104762289088087,712.6103691205005,8211,50.0,0.8828199242700048,0.0
2022-12-16 15:00,214.6690329507241,4.075531602376778,774.5644727277793,8268,50.0,0.8867747656017098,0.0
2022-12-16 15:05,213.2107117487958,11.434299684456043,2407.9899788345865,8330,50.0,0.9899999999999992,0.0
2022-12-16 15:10,216.14286160205404,3.784096302714368,727.0756435713868,8512,49.916204833984374,0.8912357330322265,0.0
2022-12-16 15:15,216.21973884272234,3.6842940939798505,705.5912983543863,8667,49.99687499402789,0.8822715050402647,0.0
2022-12-16 15:20,219.1407954086052,3.85039482366136,743.7676066971359,8728,50.0,0.8806292870514152,0.0
2022-12-16 15:25,218.57632637602592,3.8546586210503397,746.4865971115216,8836,50.0,0.8856693142118643,0.0
2022-12-16 15:30,220.03613566303977,3.4724235140651634,676.5488386489736,8896,49.98239745747337,0.8822810077714982,0.0
2022-12-16 15:35,219.74755407764934,3.9869665857667975,782.9582423430829,8955,50.0,0.8900049262951453,0.0
2022-12-16 15:40,219.03354056316545,3.628357017423806,706.0241574130778,9017,49.974365233071104,0.8903234481824747,0.0
2022-12-16 15:45,219.86881026872416,3.819653869265006,752.7566847897704,9078,49.99824218725748,0.8984396548334552,0.0
2022-12-16 15:50,219.18728688442218,3.5589333730916106,698.451734887592,9137,49.9935546875,0.8962639695173136,0.0
2022-12-16 15:55,221.1718845492838,3.5712541164649823,704.7829787578844,9199,49.99803361502596,0.8923994445894305,0.0
2022-12-16 16:00,220.10786733800336,3.9908002684787314,783.8237628190493,9260,49.999992275238036,0.8900003056158283,0.0
2022-12-16 16:05,219.23337741867635,5.110512372449083,998.7124164675488,9323,50.0,0.891309776306189,0.0
2022-12-16 16:10,220.12052950116944,3.6288479108775618,714.4106150157545,9395,50.0,0.8937451237492497,0.0
2022-12-16 16:15,219.23997144049116,4.589584955126131,893.7718630224738,9452,50.0,0.8900000953697607,0.0
2022-12-16 16:20,219.53118011638543,4.463609246190543,874.3877383113381,9518,49.97499990460974,0.8925000000000007,0.0
2022-12-16 16:25,220.25433802414426,3.4982995413981666,689.6062886064246,9592,49.99999999990687,0.8974609350596416,0.0
2022-12-16 16:30,219.61888246901924,3.5592697925104524,703.9082524627934,9649,50.0,0.8999992447814431,0.0
2022-12-16 16:35,220.29920004689404,1.6783616066326708,261.119124149091,9706,50.0,0.7073546408861882,0.0
2022-12-16 16:40,220.37953532696318,1.8400573901114048,301.7611467943851,9747,50.0,0.7445322734307154,0.0
2022-12-16 16:45,219.63346953421933,1.8520955920231477,305.1631003519128,9771,49.99998779296875,0.747739371951302,0.0
2022-12-16 16:50,220.94115674204113,1.838166201176613,306.760068037122,9796,49.97499960660205,0.7553918469064406,0.0
2022-12-16 16:55,220.52634668514435,1.5919282250955824,249.67243520679358,9819,50.0,0.71250004708767,0.0
2022-12-16 17:00,221.00700977534115,1.5914161488471237,249.93409634241772,9841,49.99999995231629,0.7096874710916131,0.0
2022-12-16 17:05,221.2757865650062,1.565549858155959,248.66853738850756,9862,49.99999999999998,0.7200000000000004,0.0
2022-12-16 17:10,220.9460255406851,1.6626653910984543,268.81568359691676,9883,50.0,0.7301520384867314,0.0
2022-12-16 17:15,220.56476523459816,1.6680106835984447,269.95303085831415,9905,49.9998046875,0.7350047546613525,0.0
2022-12-16 17:20,220.75176179429724,1.5181631630254202,239.07401766578158,9927,49.94835433885328,0.7122174072371855,0.0
2022-12-16 17:25,220.61112581765306,1.5081177089858349,237.3704272303926,9947,49.99999999925476,0.7103186202794611,0.0
2022-12-16 17:30,220.61220358798028,1.5110464054007546,236.44947272393884,9968,50.0,0.7100002264795011,0.0
2022-12-16 17:35,221.25160915936397,1.223287226000768,203.08295968129596,9987,50.0,0.7493750103656954,0.0
2022-12-16 17:40,220.41998142444794,1.1125853371974406,180.4428199796157,10003,49.99375,0.7387497477376863,0.0
2022-12-16 17:45,219.69991499310012,1.1286155328942118,181.37791331178178,10018,49.99921875,0.7299848014150945,0.0
2022-12-16 17:50,218.3150178590747,1.2227843453877605,197.64090049418127,10033,49.99999980628468,0.7399999237095514,0.0
2022-12-16 17:55,219.0528165059369,1.1312267047188,179.61232276862592,10049,50.0,0.7260826590750376,0.0
2022-12-16 18:00,219.02145834906014,1.197594623481717,193.57169280552404,10065,50.0,0.7371229879775835,0.0
2022-12-16 18:05,220.27100363364235,2.0943084517409876,332.72372869728247,10081,49.999888905824626,0.7239003541481643,0.0
2022-12-16 18:10,219.87906581444912,2.0977499254310565,330.65676291993276,10108,50.0,0.716921203859566,0.0
2022-12-16 18:15,220.39198048933252,2.2265742028766455,358.8410033961095,10136,50.0,0.7285656585306888,0.0
2022-12-16 18:20,219.84275629832763,2.055983543470516,319.717442612956,10165,49.99999389645577,0.7065408215558964,0.0
2022-12-16 18:25,219.99170099033665,2.030744305386326,320.442592781678,10194,49.99998779296875,0.7169710854331988,0.0
2022-12-16 18:30,219.8945538057602,1.960390770496097,304.8014279994909,10221,49.99999999999997,0.7043298093087729,0.0
2022-12-16 18:35,220.9300991902296,1.949634076531215,312.82084962849825,10247,49.999999237060536,0.7259912637840689,0.0
2022-12-16 18:40,220.93281657686782,1.425555573740203,231.67380910337704,10273,50.0,0.737141811686558,0.0
2022-12-16 18:45,220.55499887226006,1.351744502831608,216.6441626156152,10297,50.0,0.7284943886249284,0.0
2022-12-16 18:50,220.0460583159022,1.3222124815899066,211.8010276030882,10316,50.0,0.7242814527380288,0.0
2022-12-16 18:55,220.0777720733418,1.4713923796978687,245.91785127004056,10334,50.0,0.7598711933613337,0.0
2022-12-16 19:00,220.12548720715563,1.3933399592529099,227.8931740913568,10355,50.0,0.7457581731091133,0.0
2022-12-16 19:05,220.21477170898956,1.3748083324812295,225.63056462593647,10373,49.99295077399621,0.7471431940368243,0.0
2022-12-16 19:10,219.8376586636732,1.316435855864376,211.59526354694486,10392,49.99999999999999,0.7303455813165777,0.0
2022-12-16 19:15,220.9544467077916,1.3486161870784752,222.94019835347052,10411,49.965576171875,0.7467077459051288,0.0
2022-12-16 19:20,221.00993754351384,1.3285095377305105,216.6353168881274,10429,49.94998779287285,0.7385776601188829,0.0
2022-12-16 19:25,220.986721106529,1.868562527686285,300.0963040687302,10448,50.0,0.7267436073494522,0.0
2022-12-16 19:30,221.0835521482228,1.841479049507226,293.5645279958949,10471,50.0,0.7186491547091949,0.0
2022-12-16 19:35,221.28612018678598,1.8642294225653893,298.1650043390399,10495,50.0,0.721417871546988,0.0
2022-12-16 19:40,221.89170162258185,1.8237230811574534,292.45259186191515,10520,49.99999999999999,0.7219846880961824,0.0
2022-12-16 19:45,221.21339630660486,1.7666870344694252,277.78421083507874,10544,50.0,0.7086510606185202,0.0
2022-12-16 19:50,221.81964235074838,1.6819004426976836,257.767730915126,10568,50.0,0.6885600881914864,0.0
2022-12-16 19:55,221.58239515673978,1.7052728011518177,264.6860831620036,10590,50.0,0.6970651097608517,0.0
2022-12-16 20:00,222.33055139943048,1.6166775820804613,246.4750276133687,10611,50.0,0.6845503661513814,0.0
2022-12-16 20:05,221.7917700728596,1.624160323821755,247.8947661762419,10633,49.943937815117536,0.6889140975126054,0.0
2022-12-16 20:10,222.04960783424224,1.6137267892240634,247.70104376925104,10654,49.99799050987909,0.6883389432528644,0.0
2022-12-16 20:15,222.18424704477601,1.6287643715174644,252.6483180632834,10675,49.99921249262707,0.6992927333312773,0.0
2022-12-16 20:20,223.93735288066526,1.650991352861746,267.7940945038967,10696,49.99999999997852,0.7238024541150067,0.0
2022-12-16 20:25,221.14632589612916,1.6634685348344598,261.3537821034383,10718,50.0,0.7085723813939214,0.0
2022-12-16 20:30,222.84543213456897,1.629892786657682,257.58102172509797,10739,50.0,0.7047211649565127,0.0
2022-12-16 20:35,221.81157805304687,1.6822240811036577,265.30041950674706,10761,50.0,0.7083712171374618,0.0
2022-12-16 20:40,221.46564329455697,1.6914495099193512,264.4043469706136,10782,50.0,0.7039801352230407,0.0
2022-12-16 20:45,221.53783085815132,1.6916022721244106,264.2982719469868,10804,50.0,0.7071749448166763,0.0
2022-12-16 20:50,222.45030790160206,1.6503311648916217,254.20954155265238,10826,50.0,0.6916559714287294,0.0
2022-12-16 20:55,220.04575317177586,1.6685646973399706,252.225954914794,10847,50.0,0.6828985763570372,0.0
2022-12-16 21:00,221.21303497471516,1.6460348533800058,249.9313041376071,10868,50.0,0.6842522337138452,0.0
2022-12-16 21:05,218.79429107103394,1.6109104506509302,241.15768711272068,10889,49.924749493223416,0.685378789071463,0.0
2022-12-16 21:10,220.81477583062764,1.6883416507645843,258.0126073463214,10910,49.95563434540673,0.6943302163009395,0.0
2022-12-16 21:15,221.5433854441311,1.661248398646471,255.67943901327308,10931,49.99999774669483,0.6942424624092324,0.0
2022-12-16 21:20,221.63591783621172,1.6726983162124291,253.87193625915828,10952,49.973435924935615,0.6819972900566941,0.0
2022-12-16 21:25,222.17866919012238,1.6674734230241952,257.92431709158086,10973,49.999999999603205,0.697039589212187,0.0
2022-12-16 21:30,221.90862541942076,1.6601217429536859,255.21117393629888,10994,50.0,0.6935656518089288,0.0
2022-12-16 21:35,222.06509362640855,1.6490847051403335,256.39577108246533,11015,49.99580068581272,0.6971438380653281,0.0
2022-12-16 21:40,222.81991409147213,1.581003552106134,240.58237156962645,11036,49.998437428474425,0.6836576407611465,0.0
2022-12-16 21:45,222.91063536969654,1.6257914454383067,250.64266297724194,11057,50.0,0.6880901180829717,0.0
2022-12-16 21:50,222.93065561882568,1.6543611622316492,256.4694125936696,11078,50.0,0.6960518799503708,0.0
2022-12-16 21:55,223.4690090035549,1.4314757868373804,220.51052988953484,11100,50.0,0.6864733013963837,0.0
2022-12-16 22:00,223.40966808063513,1.182032164465145,179.30839806780676,11121,50.0,0.6795155863381772,0.0
2022-12-16 22:05,223.5646360682623,1.2350739681899312,190.09706220732963,11137,49.94159866599161,0.6858625326980741,0.0
2022-12-16 22:10,221.14814394870103,1.1986754429419892,182.6366167934802,11152,49.99999999850928,0.6881734908561973,0.0
2022-12-16 22:15,221.40350160394593,1.2139202901039834,185.84404163566336,11168,50.0,0.6927665032812217,0.0
2022-12-16 22:20,221.60519767029876,1.1365889350036915,173.66227615557625,11183,50.0,0.689184003531189,0.0
2022-12-16 22:25,221.44842235939643,1.1300681120889058,174.00664220471066,11197,50.0,0.694727308436014,0.0
2022-12-16 22:30,221.63722394117462,1.113171291434966,169.75526901223583,11212,50.0,0.6892615631492043,0.0
2022-12-16 22:35,221.89982114346213,1.1363695434846592,173.9046651145389,11226,50.0,0.6928324917299642,0.0
2022-12-16 22:40,222.10832606808466,1.110526830824416,170.41527090651522,11241,49.999999999976716,0.6927468231694698,0.0
2022-12-16 22:45,222.09509338444815,1.1349449564554472,175.68270432879353,11255,50.0,0.7000496777962012,0.0
2022-12-16 22:50,222.22377452564018,1.095167424071891,167.67097377999767,11270,50.0,0.6899530147812132,0.0
2022-12-16 22:55,222.80250703336662,1.0846591246897157,165.4611148382245,11284,50.0,0.6856668932899814,0.0
2022-12-16 23:00,223.4979098949865,1.0852699602168288,166.3164406168636,11299,50.0,0.6868534210349835,0.0
2022-12-16 23:05,223.1179120919654,1.0813442597421923,165.23570503445586,11313,49.974072265625,0.681612260659979,0.0
2022-12-16 23:10,223.31243838414218,1.1160879074457641,172.1864507979542,11327,49.90000000000019,0.6913874604020274,0.0
2022-12-16 23:15,223.38495883753205,1.0894244390535646,166.39171105257685,11341,49.91689042327168,0.6863688654739439,0.0
2022-12-16 23:20,223.3136496400356,1.0674995715748148,161.68258141707378,11355,49.95308579641205,0.6760603548843411,0.0
2022-12-16 23:25,223.4922113198597,1.1015055972252297,168.39359013102822,11369,49.988964938984864,0.6815632585543976,0.0
2022-12-16 23:30,223.70855946756942,1.1120397024512254,169.86676218743344,11383,50.0,0.678320353516645,0.0
2022-12-16 23:35,223.5875890659346,1.128577138979562,173.38048243614418,11397,50.0,0.6909304532368976,0.0
2022-12-16 23:40,222.64358901449225,1.1145527221610427,169.73846128803902,11412,50.0,0.6823785562270188,0.0
2022-12-16 23:45,224.04599850709386,1.0972138856342837,166.86585185138946,11426,50.0,0.6793179426073348,0.0
2022-12-16 23:50,223.9483390833123,1.0901613401527182,166.41234509579337,11440,50.0,0.6816190117161243,0.0
2022-12-16 23:55,224.06118139637292,1.0950442790270656,167.1434259881437,11454,50.0,0.6840282470443577,0.0
2022-12-17 00:00,224.43477772159503,1.1155435648529821,171.37589898047256,11469,49.95,0.6858712110322414,0.0
2022-12-17 00:05,224.63124592437015,1.1046114901251292,167.8608662122283,11483,49.99851072421293,0.6753623420599126,0.0
2022-12-17 00:10,224.41681123916413,1.1202514138410817,171.24962599658522,11497,49.99998700310224,0.6817101591306177,0.0
2022-12-17 00:15,224.5073547870586,1.0738970744993883,163.3204753702555,11511,49.99999999999964,0.6763459105149292,0.0
2022-12-17 00:20,224.05258965640982,1.1047624423337603,169.1655490050881,11526,50.0,0.6830623001332577,0.0
2022-12-17 00:25,224.21604154200296,1.1583428179785638,174.29901358158827,11540,50.0,0.6727558344506697,0.0
2022-12-17 00:30,224.51023024050176,1.0705291043257827,160.81072222507004,11554,50.0,0.6675306915330508,0.0
2022-12-17 00:35,224.0007103190515,1.132048610575787,173.45810553546514,11568,50.0,0.6831865757545758,0.0
2022-12-17 00:40,224.6641653901344,1.0768318220408861,163.50502120622377,11582,50.0,0.6767458224794278,0.0
2022-12-17 00:45,224.73893955895215,1.111703823969082,170.72409734289613,11597,50.0,0.6813004630119287,0.0
2022-12-17 00:50,224.47563751881478,1.0909618167789894,166.24479630873418,11611,50.0,0.6784972529816364,0.0
2022-12-17 00:55,224.20837013558514,1.0843057690889402,164.8482610693377,11625,50.0,0.6810851210878953,0.0
2022-12-17 01:00,223.36172045479606,1.124403360827042,172.69649466815844,11639,49.99999999999999,0.6885934765532595,0.0
2022-12-17 01:05,223.14343969651696,1.0904438473793516,165.63429922022732,11653,49.9999755859375,0.6820204197349438,0.0
2022-12-17 01:10,222.94493261888636,1.0948764216043614,165.71548003782206,11667,50.0,0.6789968407816774,0.0
2022-12-17 01:15,222.97858996837112,1.1064060563741478,169.66373299429688,11681,50.0,0.6862924446528317,0.0
2022-12-17 01:20,223.19637597103448,1.1399475362526648,176.3889712330481,11695,50.0,0.6954853514532511,0.0
2022-12-17 01:25,222.9853569948421,1.1054767414336641,167.08803856572416,11710,50.0,0.6782289655716685,0.0
2022-12-17 01:30,223.28750729535332,1.129508371048201,172.66001936760313,11724,50.0,0.6814200680815194,0.0
2022-12-17 01:35,223.30786155223984,1.122805171683225,172.3031814867911,11738,50.0,0.6902497486993399,0.0
2022-12-17 01:40,223.05919913648324,1.4829470441395958,224.69063693700147,11752,50.0,0.681680217944799,0.0
2022-12-17 01:45,222.84762743773797,1.5085217605375512,229.2436525503456,11769,50.0,0.6797505056406028,0.0
2022-12-17 01:50,222.95012169286008,1.535101990616305,236.6350152173442,11788,50.0,0.6881026694854937,0.0
2022-12-17 01:55,223.53633370436648,1.5320138230129667,234.20555945053297,11807,50.0,0.6831108815578842,0.0
2022-12-17 02:00,223.0000597700375,1.4759936395808348,224.7570492532034,11827,50.0,0.6811886140152921,0.0
2022-12-17 02:05,223.16204905277857,1.509967259067227,229.35819640843192,11846,49.99999945094023,0.6785043892836815,0.0
2022-12-17 02:10,223.27765453380908,1.4777086958940824,225.44302668302228,11865,49.99999999999998,0.683109871984636,0.0
2022-12-17 02:15,223.36670480901913,1.4986561933297122,228.42338031370784,11884,50.0,0.6811100564705856,0.0
2022-12-17 02:20,223.41806660548093,1.4670201104513194,221.68963616460934,11903,50.0,0.67428520552049,0.0
2022-12-17 02:25,223.3990076052271,1.4859615580292367,225.5489747280801,11922,50.0,0.6792522274928148,0.0
2022-12-17 02:30,223.4541403559041,1.5176630473814774,232.3026723454669,11942,50.0,0.6864980622698601,0.0
2022-12-17 02:35,223.46676285245832,1.5311970780407655,234.66628960648688,11961,50.0,0.6842806189360721,0.0
2022-12-17 02:40,223.36605295203867,1.5403820533197623,236.11130390607974,11980,50.0,0.6840154593338075,0.0
2022-12-17 02:45,223.26407006703926,1.5484251885402447,236.4578370716565,11999,50.0,0.6831753863705711,0.0
2022-12-17 02:50,223.38215187166384,1.5212258414502813,232.91610835845898,12019,50.0,0.6871260001362169,0.0
2022-12-17 02:55,223.20959515069777,1.5390341543419646,236.38632770568,12038,50.0,0.6869795502323114,0.0
2022-12-17 03:00,223.34997066308017,1.496054982579751,227.8915768582678,12057,50.0,0.6813837609885167,0.0
2022-12-17 03:05,222.11023668166663,1.5369422704869895,233.1743562493686,12076,49.999997662364365,0.684011918001008,0.0
2022-12-17 03:10,222.70016296653796,1.5268735406296474,234.4550611130262,12096,49.999999612569795,0.68704157957552,0.0
2022-12-17 03:15,222.96992382914158,1.5211087662311749,232.87342959118928,12115,50.0,0.6860264148972939,0.0
2022-12-17 03:20,222.8429862011115,1.5185172017314414,231.9451752383896,12134,50.0,0.683922865034071,0.0
2022-12-17 03:25,222.66407548814385,1.517162251495777,232.45117105567897,12153,50.0,0.6896831342896936,0.0
2022-12-17 03:30,223.0061817904544,1.5191911032772736,231.45423727696277,12172,50.0,0.6842809193656131,0.0
2022-12-17 03:35,223.0523370659225,1.5181911845508695,232.44700423988286,12191,50.0,0.6840569192676644,0.0
2022-12-17 03:40,223.41932217267004,1.483935298498608,224.93538986840457,12210,50.0,0.6784637709988656,0.0
2022-12-17 03:45,223.35255800429175,1.5089967993653048,228.77486058923586,12229,50.0,0.6785662613588395,0.0
2022-12-17 03:50,222.72264401838214,1.4820225620968444,222.94012107394826,12249,49.99999999999964,0.6735617546436956,0.0
2022-12-17 03:55,223.13087352519597,1.477128075059075,222.19516448821736,12268,50.0,0.674282748052605,0.0
2022-12-17 04:00,223.1272864817875,1.4904224048536021,223.19170680597705,12287,50.0,0.6703569159956694,0.0
2022-12-17 04:05,223.33249938090222,1.500232188536362,226.12275500349404,12306,50.0,0.676507188123755,0.0
2022-12-17 04:10,223.68872122147388,1.4912168758888882,225.29047085089744,12325,50.0,0.6781332711399837,0.0
2022-12-17 04:15,223.892722451211,1.4943341644659531,224.11312667925273,12344,50.0,0.6707974339476577,0.0
2022-12-17 04:20,223.77127504346512,1.5207997882208044,232.33168798223065,12363,50.0,0.6827287836626174,0.0
2022-12-17 04:25,223.5065710133371,1.5672410209109011,245.5452975007264,12383,50.0,0.6968958367190261,0.0
2022-12-17 04:30,223.43623548667205,1.5974381869610474,250.50536359387115,12402,49.9927734375,0.7032528468358866,0.0
2022-12-17 04:35,223.2525876571748,1.524971863544415,233.39524927027864,12422,49.999999999999986,0.684285784539005,0.0
2022-12-17 04:40,223.46425564924073,1.515085036316104,234.51133456440527,12442,50.0,0.6923582922534794,0.0
2022-12-17 04:45,223.6168257593353,1.5296631908362701,236.2392220129011,12462,50.0,0.6918742600622665,0.0
2022-12-17 04:50,223.1244284413545,1.516727339482214,235.53853588840914,12483,49.94994773864746,0.6960706492668906,0.0
2022-12-17 04:55,222.69522292450978,1.5654859413721511,245.50074047512075,12503,49.9999015808105,0.706070228942659,0.0
2022-12-17 05:00,223.08754984224686,1.5292077473510068,238.0329529174386,12523,50.0,0.6985609218077807,0.0
2022-12-17 05:05,222.76448740535602,1.557291409373589,242.9543006362855,12543,50.0,0.7015165274004694,0.0
2022-12-17 05:10,222.21567186018513,1.580895216094791,244.29121352317796,12563,50.0,0.6947576086635509,0.0
2022-12-17 05:15,222.03649716936494,1.5854287774313467,247.94652368786637,12583,49.975,0.7050747196815392,0.0
2022-12-17 05:20,221.63606039371274,1.5763252316961225,243.45589846439876,12603,50.0,0.6966942173588073,0.0
2022-12-17 05:25,221.3574315619119,1.5998263980844316,248.49016360215313,12623,50.0,0.6983925634195377,0.0
2022-12-17 05:30,221.36641630524565,1.5839923901635664,245.21417272273715,12644,49.99999999403881,0.695538589874768,0.0
2022-12-17 05:35,221.1802051437816,1.5327011738005016,234.10169890028737,12664,50.0,0.6924343881840973,0.0
2022-12-17 05:40,221.0361293883594,1.5136429557568016,230.3340851462604,12684,50.0,0.6903789339014893,0.0
2022-12-17 05:45,221.1750016798862,1.5281667501707132,233.77933024531114,12704,49.99998779296875,0.6942888479526463,0.0
2022-12-17 05:50,221.01876446684025,1.5703559624826156,242.3017431751636,12724,49.99375,0.7003457209042525,0.0
2022-12-17 05:55,221.2452481753946,1.5902270083490595,247.050242095055,12745,49.99984588583466,0.7042347499565134,0.0
2022-12-17 06:00,221.28121998869125,1.5325033223485809,233.90398520244594,12765,49.99990234358702,0.6939145361256053,0.0
2022-12-17 06:05,221.21246847690023,1.5907830216702297,244.63191457183848,12785,50.0,0.6942851144708982,0.0
2022-12-17 06:10,221.66806037669258,1.5885509733259886,244.0985260187069,12805,50.0,0.6896169633311897,0.0
2022-12-17 06:15,222.4952203526931,1.6115848666240322,252.08046681668782,12825,50.0,0.7040955260289516,0.0
2022-12-17 06:20,221.78588934105787,1.59020939010869,245.74309420480222,12846,50.0,0.6984848901388508,0.0
2022-12-17 06:25,222.25564580411813,1.5632104708554355,246.48023147661945,12866,50.0,0.7070675798641805,0.0
2022-12-17 06:30,222.3379454751078,1.5741710434888292,246.13082305341493,12887,50.0,0.7022990735944196,0.0
2022-12-17 06:35,221.97844835252027,1.2331666914770718,195.14551243935693,12907,50.0,0.7115175192552434,0.0
2022-12-17 06:40,222.02654580606605,1.1646087715523215,183.40929646616217,12927,50.0,0.7071871994859469,0.0
2022-12-17 06:45,222.3098156061946,1.5118354392761428,234.30973539152882,12943,49.99999999925494,0.698772738362937,0.0
2022-12-17 06:50,222.88741944805906,1.6591027704261134,258.69963850732466,12959,49.931249999752616,0.6970257352438862,0.0
2022-12-17 06:55,223.4303017283795,1.6445109578112835,257.16463930669505,12980,50.0,0.700067476951576,0.0
2022-12-17 07:00,224.5426413163181,1.6275743017042181,250.95338784553985,13001,50.0,0.6873314656392774,0.0
2022-12-17 07:05,222.86075837202054,1.6068742591482248,249.88764312888785,13022,50.0,0.6984897729647486,0.0
2022-12-17 07:10,222.18272842262624,1.638787554721966,256.07937262841534,13043,50.0,0.7030303083148925,0.0
2022-12-17 07:15,222.50207445451682,1.5927658681886987,246.36091227573763,13064,49.97421828508362,0.6942815291026714,0.0
2022-12-17 07:20,222.26592759263096,1.6071117746569636,249.59011716954296,13086,49.99833965276478,0.6980040633543726,0.0
2022-12-17 07:25,221.81937313710156,1.7298672202199705,269.5274888534117,13107,49.999999990966174,0.7028793988805669,0.0
2022-12-17 07:30,222.01852330090708,1.671480625917218,256.79166639471805,13129,49.999984353687594,0.6936183056647709,0.0
2022-12-17 07:35,221.34911506828965,1.660700081367985,257.5992164278159,13151,49.99999999064612,0.6992857178187731,0.0
2022-12-17 07:40,222.2792169906018,1.6826884428237805,262.0462812615436,13173,49.997822710683884,0.7013382809495253,0.0
2022-12-17 07:45,220.64400480836798,1.6744169428115072,258.65194532287603,13195,49.99965190729887,0.7007361354995685,0.0
2022-12-17 07:50,220.9541457875157,1.7338603040927136,266.7289769527863,13216,49.93475263456148,0.6970342751305397,0.0
2022-12-17 07:55,220.05395783897865,1.6624127003137392,254.22851286478272,13237,49.980383110039,0.6946285566206588,0.0
2022-12-17 08:00,219.6642869352401,1.5762596648918286,233.53574705029342,13259,49.98956816686177,0.674441879302506,0.0
2022-12-17 08:05,219.17312547865743,1.6482875433768784,249.25854117883992,13279,49.90017128027975,0.6870089312754565,0.0
2022-12-17 08:10,219.90097135765907,1.6485593764939819,250.16450795707428,13300,49.90002912955826,0.6873995045678879,0.0
2022-12-17 08:15,219.95862674119115,1.6409746460838979,246.42710613493085,13320,49.96989554988359,0.6821416799996807,0.0
2022-12-17 08:20,220.18251872623858,1.5764428415044323,235.2680752094034,13341,50.0,0.6773252283484026,0.0
2022-12-17 08:25,220.13528588858003,1.6141125785071977,241.1029057916739,13361,50.0,0.6782639394396184,0.0
2022-12-17 08:30,220.55363974314972,1.6463543203617035,250.58127317330388,13381,50.0,0.6903993473199409,0.0
2022-12-17 08:35,220.29135098201357,1.6103576871721395,245.1954707185833,13402,50.0,0.6927035102049142,0.0
2022-12-17 08:40,220.10222516342236,1.2091690238150017,191.57936241291142,13430,50.0,0.7181893505907865,0.0
2022-12-17 08:45,219.49343094501648,1.7292452646341259,262.6091248671886,13447,50.0,0.6918412849744082,0.0
2022-12-17 08:50,220.12616261297958,1.7289776422954675,259.5000561499491,13464,50.0,0.6797856753185665,0.0
2022-12-17 08:55,219.70697852295376,1.6483583023092199,255.71866005745647,13486,50.0,0.7085066043479104,0.0
2022-12-17 09:00,219.34417508525314,1.7137713699084516,259.3309133459313,13508,50.0,0.6871428915454016,0.0
2022-12-17 09:05,219.2105996431891,1.677696698034867,250.18896895751715,13529,49.99999999999599,0.6785256180987089,0.0
2022-12-17 09:10,218.90525378345524,1.8823116784949803,299.71620244394626,13551,50.0,0.7248325888598999,0.0
2022-12-17 09:15,218.82403581872157,1.658096622079584,245.48254990788885,13572,49.99970703125,0.6779570770307323,0.0
2022-12-17 09:20,219.39990271740896,1.661601425921119,252.9484838155047,13594,50.0,0.6900390624986799,0.0
2022-12-17 09:25,219.00305976554858,1.6822853228382146,255.70152992939637,13615,50.0,0.6910546875093138,0.0
2022-12-17 09:30,219.4553848953118,1.7480917428325946,271.396938356901,13636,50.0,0.7093758392398133,0.0
2022-12-17 09:35,218.86415742601656,1.6384621855108694,245.87041683219365,13658,50.0,0.6831973021371692,0.0
2022-12-17 09:40,218.63700030182784,1.630620414810875,243.0905658752589,13678,50.0,0.6785059259091926,0.0
2022-12-17 09:45,219.10142241183996,1.638151299101847,245.33466463667128,13699,50.0,0.6842473440487524,0.0
2022-12-17 09:50,218.6832879276806,1.6649431994736443,247.78360859644704,13720,50.0,0.6787168656229448,0.0
2022-12-17 09:55,219.04329628003163,1.6990599374308588,258.9433320362681,13741,50.0,0.694291007916622,0.0
2022-12-17 10:00,219.08002706771197,1.680643688340233,260.9781357668654,13764,50.0,0.7055287563250402,0.0
2022-12-17 10:05,219.14234706966732,1.636776718164349,252.78231064654116,13786,49.93416321836088,0.7073583787760495,0.0
2022-12-17 10:10,219.15330301444334,1.6047750558163407,245.87107343307292,13807,49.99999971382178,0.6995774193235917,0.0
2022-12-17 10:15,219.27897674828466,2.1082260603151637,326.1687177541802,13829,50.0,0.7078121806627842,0.0
2022-12-17 10:20,219.2740081971302,2.091611274718463,324.4984969341658,13852,49.9994140625,0.7072177118117058,0.0
2022-12-17 10:25,218.7606668420188,2.2618092500802685,356.57271926740765,13880,49.99841918945267,0.719920243157949,0.0
2022-12-17 10:30,218.9761251366213,2.0499884470233942,313.91378111592945,13909,49.99999847402796,0.6985851875588982,0.0
2022-12-17 10:35,219.43244687968968,2.0012349814690498,306.24938339032684,13937,49.99921875,0.6986167678798467,0.0
2022-12-17 10:40,219.2824725915272,2.1173726833340014,341.3299005109237,13963,50.0,0.7367034407405999,0.0
2022-12-17 10:45,219.48323516536755,1.8782410202279014,286.6139418679486,13989,50.0,0.6936557839611024,0.0
2022-12-17 10:50,219.23292488306157,1.9757737177539494,313.01138376668496,14015,49.999996945773816,0.7194097233224336,0.0
2022-12-17 10:55,219.5866406931354,1.867981649465488,286.14969558471586,14040,49.98747558593713,0.6985795890516187,0.0
2022-12-17 11:00,219.20603048690816,1.9338300262887649,304.0338108223955,14064,49.96785240149984,0.7145657633326683,0.0
2022-12-17 11:05,218.88554400310431,1.9843687150951799,314.14446899343585,14089,49.900782784819654,0.7218528557545072,0.0
2022-12-17 11:10,218.9640451437379,1.8145741882655622,276.381160995565,14115,49.98749997225532,0.6939573775483737,0.0
2022-12-17 11:15,219.21902611844436,1.8401425199670163,282.553515174024,14139,49.99218673706055,0.6980229975723283,0.0
2022-12-17 11:20,218.73976055207766,1.8002059500217749,273.9353810822335,14163,50.0,0.6985037871983248,0.0
2022-12-17 11:25,219.1996269822114,1.906029167523011,299.36639294501515,14187,50.0,0.7135644110461349,0.0
2022-12-17 11:30,218.9435523043379,1.8329112455390766,282.5182496056125,14210,50.0,0.70607262660827,0.0
2022-12-17 11:35,218.8374847522814,1.926140537860618,310.12897219077263,14235,49.99999923706055,0.7345460074966919,0.0
2022-12-17 11:40,218.5170870918001,1.8904243822061342,298.35198611879093,14261,50.0,0.720029135511364,0.0
2022-12-17 11:45,219.0690506430484,1.7464921559302162,269.76973946846067,14286,50.0,0.7025551930403071,0.0
2022-12-17 11:50,219.29251544867174,1.7064733651982416,255.46620191045784,14309,49.99999835490593,0.6818168753078719,0.0
2022-12-17 11:55,219.39308533910946,1.7251846313384192,260.8758284029393,14331,49.999999999813554,0.6871407624912736,0.0
2022-12-17 12:00,219.23002894727938,1.7047174845321282,254.60567092004118,14352,50.0,0.6819447108747656,0.0
2022-12-17 12:05,219.0136079049808,1.6837827092126887,253.93356861101677,14373,49.912524461944116,0.6871358800086973,0.0
2022-12-17 12:10,218.62708247269376,1.7218624448510695,258.28055494084015,14394,49.97495792450503,0.6842967839857996,0.0
2022-12-17 12:15,218.3766522994844,1.6733753972294523,248.95743842480545,14416,49.99042663570642,0.6828244946671007,0.0
2022-12-17 12:20,218.9113419114845,1.220269325104455,184.6594670316541,14437,49.996783797734274,0.6938096319056262,0.0
2022-12-17 12:25,217.01137473124575,1.3119697199169233,202.3769256157758,14457,49.99609067286001,0.7077559508860489,0.0
2022-12-17 12:30,217.8545601233186,1.6870858301630158,250.557677601625,14473,50.0,0.6800684775653073,0.0
2022-12-17 12:35,217.94490509319377,1.66516254508061,252.52352619505717,14489,50.0,0.6978794591016673,0.0
2022-12-17 12:40,217.20017607539575,1.6205177448000594,236.8709662204991,14512,50.0,0.6722544656424553,0.0
2022-12-17 12:45,217.0624317740732,1.6874868646707495,248.42003560538845,14532,50.0,0.6785337611402533,0.0
2022-12-17 12:50,219.0374510890422,1.6747539445763102,250.34860642994835,14553,50.0,0.678523994363605,0.0
2022-12-17 12:55,218.85476933611113,1.696718149039113,256.8837094945302,14574,50.0,0.692609595910596,0.0
2022-12-17 13:00,218.90167489788965,1.6088127219664692,239.97509886973268,14595,50.0,0.6824094072364233,0.0
2022-12-17 13:05,219.14777977634577,1.6106843836901468,239.6158791378069,14616,50.0,0.678268758543225,0.0
2022-12-17 13:10,219.73409393093635,1.671362988982155,255.93653689208148,14637,49.99999999995343,0.6933480495647666,0.0
2022-12-17 13:15,219.49517692328615,1.682749286850557,251.52224356056757,14658,50.0,0.6810471831097424,0.0
2022-12-17 13:20,220.13947368167953,1.2777041700150598,203.16382855436794,14679,49.999999998416385,0.7194867784235495,0.0
2022-12-17 13:25,219.98462224850954,1.227180146532484,192.8184603051473,14697,49.99999999981374,0.7173081647084055,0.0
2022-12-17 13:30,218.76433350438708,1.1130993606765887,164.7927422797713,14713,49.99999999399297,0.674406155964991,0.0
2022-12-17 13:35,218.62385542422925,1.5989973407740439,240.94422832580642,14728,49.9408233584079,0.6881723653318705,0.0
2022-12-17 13:40,218.626127620933,1.6657447491094206,252.09212195613804,14745,49.99941099517162,0.6924373209024921,0.0
2022-12-17 13:45,218.69505737833043,1.582005032288905,235.50658696757066,14766,49.99999999999991,0.682767557398678,0.0
2022-12-17 13:50,219.08670749118363,1.645798883566803,251.12471647579656,14786,50.0,0.6968295846209261,0.0
2022-12-17 13:55,217.85276032344345,1.636044375844429,247.93367041982907,14807,49.999951171875,0.6970522301207112,0.0
2022-12-17 14:00,219.31864397331486,1.6263655850625742,245.38454397765068,14827,50.0,0.6848214190746804,0.0
2022-12-17 14:05,219.10935229646404,1.6488089827970436,249.4140014944941,14848,50.0,0.6915157644674329,0.0
2022-12-17 14:10,219.21266120507636,1.6257826046159076,244.92290502755782,14869,50.0,0.6879912324815252,0.0
2022-12-17 14:15,219.4166484951831,1.5978715863579929,240.79875006513538,14889,49.999999996996486,0.688230947085628,0.0
2022-12-17 14:20,219.48092147432618,1.6388260176886509,247.83065375016918,14910,49.921875,0.688064311705706,0.0
2022-12-17 14:25,218.98900050029306,1.6507093849245127,249.48459434224884,14930,50.0,0.6885618385528247,0.0
2022-12-17 14:30,219.79612860768287,1.6640018871351097,253.72600487951772,14951,49.999999886751084,0.6935707092626838,0.0
2022-12-17 14:35,219.08054875161736,1.6917860664397226,259.1031458968297,14972,49.99999989864745,0.6959150501490122,0.0
2022-12-17 14:40,219.26881977825153,1.646246663457411,248.64363826876954,14993,49.999999999999815,0.688571278543328,0.0
2022-12-17 14:45,219.9839399805382,1.6860528285675644,257.917200012502,15014,49.992187308869326,0.6963642876887588,0.0
2022-12-17 14:50,218.7346852257657,1.7014248421227705,260.43316686579124,15035,50.0,0.6969894000261718,0.0
2022-12-17 14:55,218.03788451404972,1.6516279094745487,248.53614716483435,15056,49.989843749941066,0.6885825787277149,0.0
2022-12-17 15:00,217.37895405462803,1.7902431434648949,270.90073473469545,15077,49.99999999399297,0.6971573716271491,0.0
2022-12-17 15:05,218.34224254548434,1.7671698174186528,272.761690921213,15100,50.0,0.7079570652527575,0.0
2022-12-17 15:10,218.4333876765723,1.4079586085782825,220.66194659331296,15123,50.0,0.7147457576887175,0.0
2022-12-17 15:15,216.9959340916794,1.3942629711700296,215.07582900071245,15144,49.9999993550777,0.7108881537298479,0.0
2022-12-17 15:20,218.85991935139683,1.3386868034986605,203.93793437171644,15162,49.99919281005657,0.6949077450424939,0.0
2022-12-17 15:25,218.2637233923245,1.302873209992026,199.60885084862014,15179,49.99999999999709,0.6988657883448262,0.0
2022-12-17 15:30,218.77302115755526,1.8447304535295217,287.7981588258523,15198,50.0,0.7119819778913637,0.0
2022-12-17 15:35,218.64520383997592,1.854484025360302,285.87780281296494,15221,50.0,0.7028061601320015,0.0
2022-12-17 15:40,217.9509065939739,1.7180674302620167,264.1384565708094,15244,50.0,0.7046212145051285,0.0
2022-12-17 15:45,218.37448820326117,1.8503830168296893,284.52528222325765,15268,49.99843749985994,0.7057390822765517,0.0
2022-12-17 15:50,218.08335529596977,1.7956714792996356,272.77238495856017,15290,49.98979339562338,0.6972544063786855,0.0
2022-12-17 15:55,216.96095888477913,1.8405585520783052,281.040299445889,15314,49.928149856353215,0.7061077417010528,0.0
2022-12-17 16:00,217.48230363102846,1.8246507578656983,280.0056256396227,15337,49.98626029264087,0.7071309719819279,0.0
2022-12-17 16:05,218.8726093683636,1.8270723620753917,280.90208933545694,15360,50.0,0.7035299148357101,0.0
2022-12-17 16:10,217.59409614595722,2.249306723777482,342.40318066534314,15383,50.0,0.7024998544684982,0.0
2022-12-17 16:15,218.97580667719808,1.7717689521230804,282.0063679651681,15408,49.999586486583574,0.7255344067297934,0.0
2022-12-17 16:20,219.37718390349076,1.7261084953398842,273.62854830771505,15437,49.9748779296875,0.7242844281867193,0.0
2022-12-17 16:25,220.2049280328102,1.801593578295713,289.8834263233574,15460,49.99960937481372,0.7311509486216969,0.0
2022-12-17 16:30,220.32696631322256,1.795928819069512,289.40850611833224,15484,50.0,0.7285775155290973,0.0
2022-12-17 16:35,220.18219169254644,1.7250391828509153,275.45488293023766,15508,50.0,0.7265508326092536,0.0
2022-12-17 16:40,219.5419993957127,2.182700408714008,372.2133725375452,15531,49.99999999962747,0.7759423816374242,0.0
2022-12-17 16:45,218.37252644224725,2.2845486135667237,388.6201826346886,15558,49.99999999883585,0.779970703125,0.0
2022-12-17 16:50,219.59413233391837,2.133186370876384,361.6838073787476,15591,50.0,0.77,0.0
2022-12-17 16:55,219.77464655638354,2.2289120255806307,361.3607867529048,15621,50.0,0.7393717218190645,0.0
2022-12-17 17:00,219.02247860980503,1.9858905058499474,327.86658038197834,15651,49.975,0.7525000000931255,0.0
2022-12-17 17:05,218.3733587095572,1.9643958217801243,323.3586879255357,15679,49.99999999999793,0.7503125005587958,0.0
2022-12-17 17:10,218.40755186531499,1.9537390602702243,320.6878349703221,15706,50.0,0.7499999999999998,0.0
2022-12-17 17:15,218.9717291358338,1.9460762457825924,320.55022529022233,15733,50.0,0.75,0.0
2022-12-17 17:20,218.61587766072415,1.905365867739425,312.3647589941993,15759,49.99999999999973,0.75,0.0
2022-12-17 17:25,218.5844364374737,1.9367055555999575,317.0700997627956,15786,50.0,0.7500347900507038,0.0
2022-12-17 17:30,218.95615905950913,2.0269135216305827,334.7858243164318,15813,50.0,0.7518750000046566,0.0
2022-12-17 17:35,219.15728476887486,2.0136650352055994,337.15866032559643,15839,49.96874999999962,0.7650195300584892,0.0
2022-12-17 17:40,218.92842407437868,1.4567586647736255,247.5268288148573,15867,50.0,0.7793655586987734,0.0
2022-12-17 17:45,218.59061230478824,1.5794515648409484,272.2708005792426,15891,49.9996093748603,0.7899975585308903,0.0
2022-12-17 17:50,218.84282324413445,1.5828926338665494,272.2662606281584,15913,49.99840375026687,0.7888623899128298,0.0
2022-12-17 17:55,219.29117757165994,1.4850377334754357,253.65489516301767,15936,49.99999999999999,0.7796877719473649,0.0
2022-12-17 18:00,219.16755002766996,1.568679814355947,268.9990660829026,15957,50.0,0.7799999999253489,0.0
2022-12-17 18:05,219.7701676376152,1.4666829442301113,249.3383900469236,15979,50.0,0.7725000000745058,0.0
2022-12-17 18:10,218.18370583824571,1.9635609892545436,325.41028750722035,16002,50.0,0.7592653260193487,0.0
2022-12-17 18:15,219.71820401456546,2.0019590437545873,330.69530926661423,16027,50.0,0.7500004002259817,0.0
2022-12-17 18:20,218.86118495566376,2.2136368125339647,358.04683781496203,16055,49.999999952306396,0.7401562500000364,0.0
2022-12-17 18:25,217.50381851009848,2.1569901365847977,347.05159985987416,16083,49.99999999999964,0.7378516060968016,0.0
2022-12-17 18:30,218.5399104171089,2.124981394491586,342.30998860648214,16113,50.0,0.73875,0.0
2022-12-17 18:35,218.18649849044664,2.5535402731602908,402.89428944515305,16142,49.99687499841674,0.7203320310361596,0.0
2022-12-17 18:40,218.60574122453374,2.479753900102221,387.10646112448387,16171,50.0,0.7112499237058545,0.0
2022-12-17 18:45,218.3152700743155,2.3804752016857678,373.3830370199357,16204,50.0,0.7200006115436554,0.0
2022-12-17 18:50,219.17931649355592,2.2991053077207155,364.2966395007003,16235,50.0,0.72,0.0
2022-12-17 18:55,219.61386721135958,2.228278957772268,353.22420695437154,16266,50.0,0.7200049018859863,0.0
2022-12-17 19:00,219.16233557930858,2.166161572131653,344.37135448325785,16296,50.0,0.7275170473662501,0.0
2022-12-17 19:05,220.16134244339528,2.078481195544974,332.3760768456413,16325,49.95939949007139,0.7299816894531227,0.0
2022-12-17 19:10,220.46376577770587,2.0888135240906673,333.594101065132,16353,49.99999999962747,0.7253517530858516,0.0
2022-12-17 19:15,220.02845253854343,2.071853384227621,331.4726753785049,16381,50.0,0.7299999235547614,0.0
2022-12-17 19:20,219.98599900871238,2.0121919912427324,323.06607056237533,16409,49.999999999883336,0.7299999998044217,0.0
2022-12-17 19:25,219.94040241351107,2.0826787279661305,333.2744270622844,16436,50.0,0.7275,0.0
2022-12-17 19:30,220.45739356088777,2.049083657735423,327.051541080448,16464,50.0,0.7259566396471792,0.0
2022-12-17 19:35,220.08784994270988,2.172619272147227,351.09607789169195,16491,50.0,0.7334375762240666,0.0
2022-12-17 19:40,220.85167686633196,2.140518250292172,347.4765026867267,16520,50.0,0.7353710960876196,0.0
2022-12-17 19:45,220.64767315897242,2.110282899086191,344.4390466136542,16549,50.0,0.739999999999996,0.0
2022-12-17 19:50,221.18758217950023,1.9651439744176278,319.16924137721236,16578,50.0,0.7309375,0.0
2022-12-17 19:55,220.90173131475126,1.9643644868311227,317.80058945520955,16604,50.0,0.7300000000006548,0.0
2022-12-17 20:00,219.36970571609334,1.9811597914945855,320.64832608788396,16631,49.999999618530275,0.7399927520565734,0.0
2022-12-17 20:05,219.65372085000104,1.9676304342844784,320.06976904117624,16658,49.93969194808879,0.74,0.0
2022-12-17 20:10,219.8483259781308,2.525442480678217,442.0949166548351,16685,49.999999999993776,0.798124792577728,0.0
2022-12-17 20:15,219.41865534541682,2.0401856254414588,328.2025066165942,16715,49.99999999995343,0.7300207520858214,0.0
2022-12-17 20:20,219.99659842470788,2.0641301593620645,336.72803729000753,16745,49.99999999999827,0.739999997615234,0.0
2022-12-17 20:25,220.10144762884437,2.087387630578972,341.4886036787753,16773,50.0,0.7449224090576172,0.0
2022-12-17 20:30,220.33427209224288,1.9984459907747318,330.495283366414,16802,50.0,0.7499218749989109,0.0
2022-12-17 20:35,220.94440953477175,1.6078026333300635,276.32142640060806,16829,50.0,0.779993896484375,0.0
2022-12-17 20:40,221.87474465623467,1.4423279661142205,242.0032640822851,16855,50.0,0.7575000000046799,0.0
2022-12-17 20:45,221.19066562586735,1.479804763228957,248.52350364862832,16876,50.0,0.7587499990790649,0.0
2022-12-17 20:50,221.29568742203827,1.4833167570574401,249.25526267803855,16897,50.0,0.7599995422362917,0.0
2022-12-17 20:55,220.72653187580957,1.4912137787134587,250.06250976125722,16917,50.0,0.7599999999928662,0.0
2022-12-17 21:00,220.67555302889122,1.4582214840019116,244.93721352311005,16938,50.0,0.7600012206937918,0.0
2022-12-17 21:05,220.47518992404395,1.4308639624899167,239.97500873425628,16958,49.902563479962666,0.7616620719503407,0.0
2022-12-17 21:10,221.06008284405047,1.4620426310952175,246.46501253197437,16979,49.90040284395545,0.7604684449732307,0.0
2022-12-17 21:15,222.11681919336348,1.4364167217593296,243.66207528869126,16999,49.924470138021334,0.7656248230530811,0.0
2022-12-17 21:20,221.10545182403638,1.4378129666259003,243.22990308539357,17019,49.99998168945221,0.7646585995333413,0.0
2022-12-17 21:25,221.56000244747827,1.4301833427271256,245.28902998998097,17040,49.998815917689356,0.775038757324287,0.0
2022-12-17 21:30,218.79754390231548,7.211843746113228,1555.4084633971615,17060,49.996874927636235,0.9789062499999637,0.0
2022-12-17 21:35,221.46798514280263,1.531399645552697,264.10953193093,17092,49.982798593770596,0.7799993803957477,0.0
2022-12-17 21:40,222.30416127030867,1.3916073919435683,237.06785286136437,17161,49.99843747615796,0.7700146470917388,0.0
2022-12-17 21:45,222.5245376420107,1.3925897626697057,237.58810206594683,17183,50.0,0.77,0.0
2022-12-17 21:50,222.8046518747551,1.389728547038862,235.5948852640527,17203,49.99999990463257,0.7600024436422796,0.0
2022-12-17 21:55,221.5355067043089,1.3895744168887323,239.26082270966538,17223,49.995849227532744,0.7795410154759882,0.0
2022-12-17 22:00,221.60722940212958,1.4229751894034137,245.1268755713373,17243,50.0,0.7799426221869725,0.0
2022-12-17 22:05,222.01683487711847,1.4202821745808407,243.8903724330697,17263,49.99956054685026,0.7706219291546728,0.0
2022-12-17 22:10,222.32116678985108,1.4151273588551758,244.0952479934245,17283,49.99999999881838,0.7799841976165192,0.0
2022-12-17 22:15,222.95026496748474,1.784783920904084,317.37291342089827,17304,50.0,0.7993329024402911,0.0
2022-12-17 22:20,222.5503174543674,1.3818011260802305,236.14266154344685,17324,49.99999999999635,0.7698806761953085,0.0
2022-12-17 22:25,223.21241201683495,1.4306529427347092,247.28472630300416,17345,50.0,0.7700198359042406,0.0
2022-12-17 22:30,223.25414470423448,1.419800920200807,244.3406399522706,17365,50.0,0.77,0.0
2022-12-17 22:35,222.97581275281874,1.4327909476953873,245.0994069195596,17385,50.0,0.769666594267037,0.0
2022-12-17 22:40,222.3464066157606,1.4226118974895074,244.02461556774352,17406,50.0,0.7693749999985431,0.0
2022-12-17 22:45,223.498568735199,1.4088459334413503,241.15437367469815,17426,50.0,0.7681249904632569,0.0
2022-12-17 22:50,224.07597707605737,1.4177030786891003,244.3303810222919,17447,50.0,0.7696679687499993,0.0
2022-12-17 22:55,223.68808312879426,1.4292408370490293,246.16403696591084,17467,50.0,0.7699114531254588,0.0
2022-12-17 23:00,223.65224852402287,1.398169756736773,238.57684271142494,17487,50.0,0.7600784289836884,0.0
2022-12-17 23:05,223.55542916776585,1.432126986601486,245.9397158789222,17507,49.9030245302245,0.7649902343750092,0.0
2022-12-17 23:10,223.00211937763282,1.4179823132044262,242.08770400497372,17528,49.956214803211104,0.7660890101914992,0.0
2022-12-17 23:15,223.36424750229,1.433855121705992,246.20696197832143,17548,49.99999999999563,0.7698919627815433,0.0
2022-12-17 23:20,223.67241633491992,1.4180064246741222,241.64374864892767,17568,49.999999998137355,0.760556449890355,0.0
2022-12-17 23:25,222.8845444378607,1.4253765213108824,243.80983623978364,17589,50.0,0.7689633178710684,0.0
2022-12-17 23:30,222.98252275515222,1.392554351325363,238.02495705666286,17609,50.0,0.7699974107737921,0.0
2022-12-17 23:35,222.85639251855136,1.44297110269213,247.225534241959,17629,49.99999999999997,0.7701562499988359,0.0
2022-12-17 23:40,223.90893622075396,1.4146715873221298,243.32864991256346,17650,50.0,0.77,0.0
2022-12-17 23:45,223.93839919173524,1.4351873312738315,246.9944947730067,17671,50.0,0.7695262145995275,0.0
2022-12-17 23:50,223.25821701399585,1.4325046558490326,244.92142796584008,17691,49.96875,0.767186882233982,0.0
2022-12-17 23:55,223.71997570653087,1.4327636706495377,246.5830379162447,17711,50.0,0.769666747301817,0.0
2022-12-18 00:00,223.9624480869179,1.428545649453302,244.65839851410902,17732,50.0,0.7624958992095321,0.0
2022-12-18 00:05,224.02364612991505,1.4248068736991515,245.37242277021673,17752,49.940625003265154,0.7699981691872908,0.0
2022-12-18 00:10,223.75343694686245,1.4302072835258042,245.72373064477648,17773,49.98503715247078,0.7668360137939454,0.0
2022-12-18 00:15,224.37456679618407,1.42499414168264,244.24253104250062,17793,49.97416266116761,0.7631245169043552,0.0
2022-12-18 00:20,224.5018906052157,1.4309056667058453,246.25359615039702,17813,49.94985345694873,0.7699605382792646,0.0
2022-12-18 00:25,224.24163647025475,1.4163340403221096,242.94836417836723,17833,50.0,0.7687878242880106,0.0
2022-12-18 00:30,223.90798132538856,1.4333945240148664,247.02486954976195,17854,49.99999999925494,0.7699652099609375,0.0
2022-12-18 00:35,223.97574276982766,1.4195809245202715,244.41245593456125,17873,49.9999999999978,0.7699610877037074,0.0
2022-12-18 00:40,224.50620210550892,1.401318784920535,243.0214751307178,17893,49.99999999701977,0.7700000190734864,0.0
2022-12-18 00:45,224.71521097815184,1.157912643517549,188.382802323635,17913,50.0,0.7204687500209911,0.0
2022-12-18 00:50,224.26588758645397,1.2160301451281437,200.9708116918331,17931,49.99999999999709,0.736960826968575,0.0
2022-12-18 00:55,224.63381681921777,1.232343635513098,205.22189859026253,17948,50.0,0.7426339062848784,0.0
2022-12-18 01:00,222.96801804369568,1.365148763998798,223.94127203926394,17965,50.0,0.7355362698408131,0.0
2022-12-18 01:05,223.43484262923624,1.3386344394285392,219.10384252637098,17984,49.99980473353757,0.7342815287216113,0.0
2022-12-18 01:10,223.8427795377483,1.3520930750781617,222.842474567067,18003,49.99921264377213,0.7347502783579407,0.0
2022-12-18 01:15,224.05394276531334,1.3927077472775968,229.2831261116943,18022,50.0,0.736060586996443,0.0
2022-12-18 01:20,223.94708906858756,1.393834095828964,229.82610163760464,18041,50.0,0.7360475801574184,0.0
2022-12-18 01:25,223.957450580286,1.3984409006182057,231.32289282662953,18060,50.0,0.7385700689018604,0.0
2022-12-18 01:30,223.6172079828806,1.3923835552424095,227.94758253237953,18078,50.0,0.7336935017034985,0.0
2022-12-18 01:35,224.00089139544693,1.114698219041374,162.3529613543021,18097,49.97323903458869,0.65399178602854,0.0
2022-12-18 01:40,223.97177501275772,1.0998506075974706,157.72656082355957,18112,50.0,0.6400000000045947,0.0
2022-12-18 01:45,223.6732222497852,1.100972472155548,157.71049979713885,18125,49.999999999999815,0.6399951173365117,0.0
2022-12-18 01:50,223.68420684016792,1.0981448445882491,157.76979665114783,18139,49.99999998802086,0.64,0.0
2022-12-18 01:55,223.63267115938936,1.1666150424793413,173.58064651735762,18152,50.0,0.6618931674957276,0.0
2022-12-18 02:00,223.6938191842319,1.1523035880142443,170.22223368246253,18165,49.97490234375,0.6579741505639811,0.0
2022-12-18 02:05,223.6185931794535,1.162142980973889,172.29614485920442,18180,49.90638132169988,0.6615818090082861,0.0
2022-12-18 02:10,223.6080619525901,1.1256085367123116,164.73884160358455,18194,49.99999993435469,0.6520529674006421,0.0
2022-12-18 02:15,223.5382628898918,1.23317998833526,178.4589019948694,18208,50.0,0.6458029327237527,0.0
2022-12-18 02:20,223.78495522608037,1.2600004371210516,184.0325619892751,18223,49.99998779296875,0.6527595658719672,0.0
2022-12-18 02:25,223.71312208848315,1.2591683094684802,184.08447348918958,18239,49.98726806640625,0.6516005363341939,0.0
2022-12-18 02:30,223.85594912984973,1.3078180062027212,195.37533918822731,18255,50.0,0.6657085074908164,0.0
2022-12-18 02:35,223.7613092895692,1.2533732479777986,183.5634198163498,18270,49.999993895738584,0.652746813519363,0.0
2022-12-18 02:40,223.69189995543672,1.1185111170139872,161.65546532501173,18286,49.998452758789064,0.6451808859825579,0.0
2022-12-18 02:45,223.41289349388666,1.1246607498553194,166.38262101272767,18302,49.99999999999909,0.6621797140101471,0.0
2022-12-18 02:50,223.52191834305773,1.1302510173916591,167.20487893680092,18316,50.0,0.6626003985493949,0.0
2022-12-18 02:55,223.4577192277927,1.149156501121681,170.8060052763045,18330,50.0,0.6683597009927624,0.0
2022-12-18 03:00,223.68788622762327,1.1289891283773899,165.9678323105432,18344,50.0,0.6563902105670805,0.0
2022-12-18 03:05,223.1345184121614,1.094720893175163,161.01469649113199,18358,49.993693176375984,0.6577261632799414,0.0
2022-12-18 03:10,223.0828636368899,1.1245929082469242,165.6487581950439,18373,49.999993896484376,0.6614441340095438,0.0
2022-12-18 03:15,223.56479906627112,1.1376552344253215,165.6565296045851,18387,50.0,0.6489969299971086,0.0
2022-12-18 03:20,223.54399926189166,1.1305690105272772,165.34499732483462,18401,49.99999999999996,0.6528561023300112,0.0
2022-12-18 03:25,223.7155738472476,1.1570913096133633,171.36937199944094,18415,50.0,0.6626017977747276,0.0
2022-12-18 03:30,223.56191015335622,1.1704740181791347,174.50502091336418,18429,49.99999999254942,0.6664503791141272,0.0
2022-12-18 03:35,223.43235935063183,1.1498315250901894,170.99865619324788,18444,49.99687250847855,0.6672353864610143,0.0
2022-12-18 03:40,223.3365578594084,1.1591001955912246,173.2351378247866,18458,49.999900817870866,0.6709603224725427,0.0
2022-12-18 03:45,223.45096622137714,1.165785320185714,175.5264948188292,18472,49.9999999969732,0.6757105347360708,0.0
2022-12-18 03:50,223.5520935417352,1.1903070700058564,179.16549603879122,18486,49.99999999998399,0.6752106476493687,0.0
2022-12-18 03:55,223.3288172271454,1.1262991948131846,166.3308544761412,18500,50.0,0.6601550398911158,0.0
2022-12-18 04:00,223.31537170722612,1.1771971544008983,176.23364348297952,18515,50.0,0.666751629706049,0.0
2022-12-18 04:05,223.2452303815538,1.2838000022059142,191.87190770719369,18529,50.0,0.6687164931215221,0.0
2022-12-18 04:10,222.99754598961567,1.2420117862657256,184.56093623608493,18545,49.97147216796875,0.6675810844264112,0.0
2022-12-18 04:15,222.6812437677749,1.2005454709012588,177.71119544552505,18560,49.99999999999999,0.6663685307755074,0.0
2022-12-18 04:20,222.90904958812774,1.2178709061827866,181.77388711651247,18575,49.999996948242185,0.6709047128442589,0.0
2022-12-18 04:25,223.16692369301825,1.2058009097603843,181.9551960899919,18590,49.97499999999709,0.6756774719217473,0.0
2022-12-18 04:30,222.9977881855331,1.167081704196272,175.36837131664012,18605,50.0,0.6737938273492254,0.0
2022-12-18 04:35,222.87265977322667,1.148512913392519,172.56784013474754,18619,49.9998779296875,0.673179205696602,0.0
2022-12-18 04:40,222.97161942564375,1.1453018788179135,171.58129595150953,18633,49.999999952316244,0.6729547798331723,0.0
2022-12-18 04:45,222.34263219336603,1.1252849808610361,166.22895542896902,18647,49.99822730715368,0.6631970318885765,0.0
2022-12-18 04:50,222.68628952669002,1.1296997945060934,170.26378002867744,18662,49.99999995529641,0.6772733233672404,0.0
2022-12-18 04:55,222.62321659304627,1.1137408080598747,166.24691960213784,18676,50.0,0.6715290999523336,0.0
2022-12-18 05:00,222.6063296142284,1.0876430753444182,162.684312418385,18690,50.0,0.6699447081356655,0.0
2022-12-18 05:05,222.36952724015862,1.1158575756993074,166.0222602928279,18704,50.0,0.6690060450369928,0.0
2022-12-18 05:10,222.45301881913363,1.0955140910437315,161.7010090641885,18718,49.9999267578125,0.6659345775950085,0.0
2022-12-18 05:15,222.14487155891044,1.092481812103662,162.10166523297107,18732,49.99921874844413,0.6707913656301596,0.0
2022-12-18 05:20,221.9036742558123,1.1448907672198305,171.5297726026965,18746,49.999999999999744,0.6712983022363388,0.0
2022-12-18 05:25,221.87060134946825,1.1047105816131881,163.09977161177113,18760,50.0,0.6639227088272646,0.0
2022-12-18 05:30,221.5117271395351,1.1222247041018565,167.43938921187913,18774,49.999999998509885,0.6759462461350132,0.0
2022-12-18 05:35,221.25925277160243,1.5822073030081585,240.07466378746048,18788,49.99687003996223,0.6899963570998204,0.0
2022-12-18 05:40,221.29045579700636,1.5360556673482115,228.37438890031763,18804,49.999999999999936,0.6686901283733819,0.0
2022-12-18 05:45,221.47667688503975,1.506134400969691,221.33915253804275,18823,50.0,0.6630371517551872,0.0
2022-12-18 05:50,221.29407725105074,1.525842305138112,225.56937363834192,18843,49.992760276794435,0.6685697442988134,0.0
2022-12-18 05:55,221.50255043058218,1.5297240743592075,226.1987160050629,18862,49.92499389499426,0.668483540533177,0.0
2022-12-18 06:00,221.49785830915525,1.5561539422162134,231.65258836887293,18881,50.0,0.6718693195921728,0.0
