Restarted: Wed Oct 26 16:01:00 UTC 2022
Restarted: Wed Oct 26 16:11:12 UTC 2022
Restarted: Wed Oct 26 16:21:07 UTC 2022
Restarted: Sat Oct 29 09:11:09 UTC 2022
Restarted: Sat Oct 29 09:21:08 UTC 2022
Restarted: Sat Oct 29 09:31:08 UTC 2022
Restarted: Sat Oct 29 18:21:10 UTC 2022
Restarted: Sat Oct 29 18:31:08 UTC 2022
Restarted: Sun Oct 30 01:56:44 UTC 2022
Restarted: Sun Oct 30 05:21:08 UTC 2022
Restarted: Sun Oct 30 05:31:10 UTC 2022
Restarted: Sun Oct 30 05:41:12 UTC 2022
Restarted: Sun Oct 30 07:13:30 UTC 2022
Restarted: Mon Oct 31 09:30:56 UTC 2022
Restarted: Tue Nov  1 11:10:59 UTC 2022
Restarted: Tue Nov  1 12:41:11 UTC 2022
Restarted: Tue Nov  1 12:51:08 UTC 2022
Restarted: Tue Nov  1 13:01:09 UTC 2022
Restarted: Tue Nov  1 13:06:07 UTC 2022
Restarted: Tue Nov  1 14:11:08 UTC 2022
Restarted: Tue Nov  1 14:21:08 UTC 2022
Restarted: Mon Nov  7 14:28:11 UTC 2022
Restarted: Tue Nov 15 06:24:08 UTC 2022
Restarted: Sat Nov 19 10:15:15 UTC 2022
Restarted: Tue Nov 22 10:11:29 UTC 2022
Restarted: Sun Nov 27 11:03:54 UTC 2022
Restarted: Tue Dec  6 14:41:59 UTC 2022
Restarted: Tue Dec  6 16:45:19 UTC 2022
Restarted: Sun Dec 11 15:45:06 UTC 2022
Restarted: Mon Dec 12 14:15:38 UTC 2022
Restarted: Thu Dec 15 16:11:41 UTC 2022
Restarted: Wed Dec 21 07:55:01 UTC 2022
Restarted: Sat Jan 21 17:09:47 UTC 2023
Restarted: Thu Jan 26 16:30:54 UTC 2023
Restarted: Thu Jan 26 16:33:09 UTC 2023
Restarted: Wed Feb  1 12:31:53 UTC 2023
